Audit Success,7/28/2025 8:06:48 AM,Microsoft-Windows-Security-Auditing,4724,User Account Management,"An attempt was made to reset an account's password.

Subject:
	Security ID:		FDM1\Administrator
	Account Name:		Administrator
	Account Domain:		FDM1
	Logon ID:		0x22CF79

Target Account:
	Security ID:		FDM1\john
	Account Name:		john
	Account Domain:		FDM1"
Audit Success,7/28/2025 8:06:48 AM,Microsoft-Windows-Security-Auditing,4738,User Account Management,"A user account was changed.

Subject:
	Security ID:		ANONYMOUS LOGON
	Account Name:		ANONYMOUS LOGON
	Account Domain:		NT AUTHORITY
	Logon ID:		0x3E6

Target Account:
	Security ID:		FDM1\john
	Account Name:		john
	Account Domain:		FDM1

Changed Attributes:
	SAM Account Name:	-
	Display Name:		-
	User Principal Name:	-
	Home Directory:		-
	Home Drive:		-
	Script Path:		-
	Profile Path:		-
	User Workstations:	-
	Password Last Set:	7/28/2025 8:06:48 AM
	Account Expires:		-
	Primary Group ID:	-
	AllowedToDelegateTo:	-
	Old UAC Value:		-
	New UAC Value:		-
	User Account Control:	-
	User Parameters:	-
	SID History:		-
	Logon Hours:		-

Additional Information:
	Privileges:		-"
Audit Success,7/28/2025 8:06:48 AM,Microsoft-Windows-Security-Auditing,4672,Special Logon,"Special privileges assigned to new logon.

Subject:
	Security ID:		FDM1\Administrator
	Account Name:		Administrator
	Account Domain:		FDM1
	Logon ID:		0x22CF79

Privileges:		SeSecurityPrivilege
			SeBackupPrivilege
			SeRestorePrivilege
			SeTakeOwnershipPrivilege
			SeDebugPrivilege
			SeSystemEnvironmentPrivilege
			SeLoadDriverPrivilege
			SeImpersonatePrivilege
			SeDelegateSessionUserImpersonatePrivilege
			SeEnableDelegationPrivilege"
Audit Success,7/28/2025 8:06:48 AM,Microsoft-Windows-Security-Auditing,4769,Kerberos Service Ticket Operations,"A Kerberos service ticket was requested.

Account Information:
	Account Name:		Administrator@FDM1.LOCAL
	Account Domain:		FDM1.LOCAL
	Logon GUID:		{3600f443-8cfe-be51-ce89-bc727cb75f9c}

Service Information:
	Service Name:		krbtgt
	Service ID:		FDM1\krbtgt

Network Information:
	Client Address:		::1
	Client Port:		0

Additional Information:
	Ticket Options:		0x40810000
	Ticket Encryption Type:	0x12
	Failure Code:		0x0
	Transited Services:	-

This event is generated every time access is requested to a resource such as a computer or a Windows service.  The service name indicates the resource to which access was requested.

This event can be correlated with Windows logon events by comparing the Logon GUID fields in each event.  The logon event occurs on the machine that was accessed, which is often a different machine than the domain controller which issued the service ticket.

Ticket options, encryption types, and failure codes are defined in RFC 4120."
Audit Success,7/28/2025 8:06:48 AM,Microsoft-Windows-Security-Auditing,4720,User Account Management,"A user account was created.

Subject:
	Security ID:		FDM1\Administrator
	Account Name:		Administrator
	Account Domain:		FDM1
	Logon ID:		0x4E7FD

New Account:
	Security ID:		FDM1\john
	Account Name:		john
	Account Domain:		FDM1

Attributes:
	SAM Account Name:	john
	Display Name:		John
	User Principal Name:	john@fdm1.local
	Home Directory:		-
	Home Drive:		-
	Script Path:		-
	Profile Path:		-
	User Workstations:	-
	Password Last Set:	<never>
	Account Expires:		<never>
	Primary Group ID:	513
	Allowed To Delegate To:	-
	Old UAC Value:		0x0
	New UAC Value:		0x15
	User Account Control:	
		Account Disabled
		'Password Not Required' - Enabled
		'Normal Account' - Enabled
	User Parameters:	-
	SID History:		-
	Logon Hours:		<value not set>

Additional Information:
	Privileges		-"
Audit Success,7/28/2025 8:06:42 AM,Microsoft-Windows-Security-Auditing,4634,Logoff,"An account was logged off.

Subject:
	Security ID:		SYSTEM
	Account Name:		WIN-I7RFJ5N1K9P$
	Account Domain:		FDM1
	Logon ID:		0x22CC8E

Logon Type:			3

This event is generated when a logon session is destroyed. It may be positively correlated with a logon event using the Logon ID value. Logon IDs are only unique between reboots on the same computer."
Audit Success,7/28/2025 8:06:42 AM,Microsoft-Windows-Security-Auditing,4624,Logon,"An account was successfully logged on.

Subject:
	Security ID:		NULL SID
	Account Name:		-
	Account Domain:		-
	Logon ID:		0x0

Logon Information:
	Logon Type:		3
	Restricted Admin Mode:	-
	Virtual Account:		No
	Elevated Token:		Yes

Impersonation Level:		Impersonation

New Logon:
	Security ID:		SYSTEM
	Account Name:		WIN-I7RFJ5N1K9P$
	Account Domain:		FDM1.LOCAL
	Logon ID:		0x22CC8E
	Linked Logon ID:		0x0
	Network Account Name:	-
	Network Account Domain:	-
	Logon GUID:		{67db4acf-a662-73b0-f233-97baf9c7bc12}

Process Information:
	Process ID:		0x0
	Process Name:		-

Network Information:
	Workstation Name:	-
	Source Network Address:	::1
	Source Port:		61887

Detailed Authentication Information:
	Logon Process:		Kerberos
	Authentication Package:	Kerberos
	Transited Services:	-
	Package Name (NTLM only):	-
	Key Length:		0

This event is generated when a logon session is created. It is generated on the computer that was accessed.

The subject fields indicate the account on the local system which requested the logon. This is most commonly a service such as the Server service, or a local process such as Winlogon.exe or Services.exe.

The logon type field indicates the kind of logon that occurred. The most common types are 2 (interactive) and 3 (network).

The New Logon fields indicate the account for whom the new logon was created, i.e. the account that was logged on.

The network fields indicate where a remote logon request originated. Workstation name is not always available and may be left blank in some cases.

The impersonation level field indicates the extent to which a process in the logon session can impersonate.

The authentication information fields provide detailed information about this specific logon request.
	- Logon GUID is a unique identifier that can be used to correlate this event with a KDC event.
	- Transited services indicate which intermediate services have participated in this logon request.
	- Package name indicates which sub-protocol was used among the NTLM protocols.
	- Key length indicates the length of the generated session key. This will be 0 if no session key was requested."
Audit Success,7/28/2025 8:06:42 AM,Microsoft-Windows-Security-Auditing,4672,Special Logon,"Special privileges assigned to new logon.

Subject:
	Security ID:		SYSTEM
	Account Name:		WIN-I7RFJ5N1K9P$
	Account Domain:		FDM1
	Logon ID:		0x22CC8E

Privileges:		SeSecurityPrivilege
			SeBackupPrivilege
			SeRestorePrivilege
			SeTakeOwnershipPrivilege
			SeDebugPrivilege
			SeSystemEnvironmentPrivilege
			SeLoadDriverPrivilege
			SeImpersonatePrivilege
			SeDelegateSessionUserImpersonatePrivilege
			SeEnableDelegationPrivilege"
Audit Success,7/28/2025 8:06:41 AM,Microsoft-Windows-Security-Auditing,4634,Logoff,"An account was logged off.

Subject:
	Security ID:		FDM1\WIN-01LG7U48TT2$
	Account Name:		WIN-01LG7U48TT2$
	Account Domain:		FDM1
	Logon ID:		0x22B62F

Logon Type:			3

This event is generated when a logon session is destroyed. It may be positively correlated with a logon event using the Logon ID value. Logon IDs are only unique between reboots on the same computer."
Audit Success,7/28/2025 8:06:37 AM,Microsoft-Windows-Security-Auditing,4634,Logoff,"An account was logged off.

Subject:
	Security ID:		FDM1\WIN-01LG7U48TT2$
	Account Name:		WIN-01LG7U48TT2$
	Account Domain:		FDM1
	Logon ID:		0x22CA99

Logon Type:			3

This event is generated when a logon session is destroyed. It may be positively correlated with a logon event using the Logon ID value. Logon IDs are only unique between reboots on the same computer."
Audit Success,7/28/2025 8:06:37 AM,Microsoft-Windows-Security-Auditing,4634,Logoff,"An account was logged off.

Subject:
	Security ID:		FDM1\WIN-01LG7U48TT2$
	Account Name:		WIN-01LG7U48TT2$
	Account Domain:		FDM1
	Logon ID:		0x22CB0A

Logon Type:			3

This event is generated when a logon session is destroyed. It may be positively correlated with a logon event using the Logon ID value. Logon IDs are only unique between reboots on the same computer."
Audit Success,7/28/2025 8:06:37 AM,Microsoft-Windows-Security-Auditing,4769,Kerberos Service Ticket Operations,"A Kerberos service ticket was requested.

Account Information:
	Account Name:		WIN-01LG7U48TT2$@FDM1.LOCAL
	Account Domain:		FDM1.LOCAL
	Logon GUID:		{23144247-2edc-58a9-57b5-10664fe20daa}

Service Information:
	Service Name:		WIN-01LG7U48TT2$
	Service ID:		FDM1\WIN-01LG7U48TT2$

Network Information:
	Client Address:		::ffff:192.168.0.102
	Client Port:		55461

Additional Information:
	Ticket Options:		0x40810000
	Ticket Encryption Type:	0x12
	Failure Code:		0x0
	Transited Services:	-

This event is generated every time access is requested to a resource such as a computer or a Windows service.  The service name indicates the resource to which access was requested.

This event can be correlated with Windows logon events by comparing the Logon GUID fields in each event.  The logon event occurs on the machine that was accessed, which is often a different machine than the domain controller which issued the service ticket.

Ticket options, encryption types, and failure codes are defined in RFC 4120."
Audit Success,7/28/2025 8:06:37 AM,Microsoft-Windows-Security-Auditing,4768,Kerberos Authentication Service,"A Kerberos authentication ticket (TGT) was requested.

Account Information:
	Account Name:		WIN-01LG7U48TT2$
	Supplied Realm Name:	FDM1.LOCAL
	User ID:			FDM1\WIN-01LG7U48TT2$

Service Information:
	Service Name:		krbtgt
	Service ID:		FDM1\krbtgt

Network Information:
	Client Address:		::ffff:192.168.0.102
	Client Port:		55460

Additional Information:
	Ticket Options:		0x40810010
	Result Code:		0x0
	Ticket Encryption Type:	0x12
	Pre-Authentication Type:	2

Certificate Information:
	Certificate Issuer Name:		
	Certificate Serial Number:	
	Certificate Thumbprint:		

Certificate information is only provided if a certificate was used for pre-authentication.

Pre-authentication types, ticket options, encryption types and result codes are defined in RFC 4120."
Audit Success,7/28/2025 8:06:37 AM,Microsoft-Windows-Security-Auditing,4624,Logon,"An account was successfully logged on.

Subject:
	Security ID:		NULL SID
	Account Name:		-
	Account Domain:		-
	Logon ID:		0x0

Logon Information:
	Logon Type:		3
	Restricted Admin Mode:	-
	Virtual Account:		No
	Elevated Token:		Yes

Impersonation Level:		Impersonation

New Logon:
	Security ID:		FDM1\WIN-01LG7U48TT2$
	Account Name:		WIN-01LG7U48TT2$
	Account Domain:		FDM1.LOCAL
	Logon ID:		0x22CB0A
	Linked Logon ID:		0x0
	Network Account Name:	-
	Network Account Domain:	-
	Logon GUID:		{90cbefc3-3c72-1d90-b25c-1a6a8d01281d}

Process Information:
	Process ID:		0x0
	Process Name:		-

Network Information:
	Workstation Name:	-
	Source Network Address:	192.168.0.102
	Source Port:		55458

Detailed Authentication Information:
	Logon Process:		Kerberos
	Authentication Package:	Kerberos
	Transited Services:	-
	Package Name (NTLM only):	-
	Key Length:		0

This event is generated when a logon session is created. It is generated on the computer that was accessed.

The subject fields indicate the account on the local system which requested the logon. This is most commonly a service such as the Server service, or a local process such as Winlogon.exe or Services.exe.

The logon type field indicates the kind of logon that occurred. The most common types are 2 (interactive) and 3 (network).

The New Logon fields indicate the account for whom the new logon was created, i.e. the account that was logged on.

The network fields indicate where a remote logon request originated. Workstation name is not always available and may be left blank in some cases.

The impersonation level field indicates the extent to which a process in the logon session can impersonate.

The authentication information fields provide detailed information about this specific logon request.
	- Logon GUID is a unique identifier that can be used to correlate this event with a KDC event.
	- Transited services indicate which intermediate services have participated in this logon request.
	- Package name indicates which sub-protocol was used among the NTLM protocols.
	- Key length indicates the length of the generated session key. This will be 0 if no session key was requested."
Audit Success,7/28/2025 8:06:37 AM,Microsoft-Windows-Security-Auditing,4634,Logoff,"An account was logged off.

Subject:
	Security ID:		FDM1\WIN-01LG7U48TT2$
	Account Name:		WIN-01LG7U48TT2$
	Account Domain:		FDM1
	Logon ID:		0x22CAF3

Logon Type:			3

This event is generated when a logon session is destroyed. It may be positively correlated with a logon event using the Logon ID value. Logon IDs are only unique between reboots on the same computer."
Audit Success,7/28/2025 8:06:37 AM,Microsoft-Windows-Security-Auditing,4624,Logon,"An account was successfully logged on.

Subject:
	Security ID:		NULL SID
	Account Name:		-
	Account Domain:		-
	Logon ID:		0x0

Logon Information:
	Logon Type:		3
	Restricted Admin Mode:	-
	Virtual Account:		No
	Elevated Token:		Yes

Impersonation Level:		Impersonation

New Logon:
	Security ID:		FDM1\WIN-01LG7U48TT2$
	Account Name:		WIN-01LG7U48TT2$
	Account Domain:		FDM1.LOCAL
	Logon ID:		0x22CAF3
	Linked Logon ID:		0x0
	Network Account Name:	-
	Network Account Domain:	-
	Logon GUID:		{90cbefc3-3c72-1d90-b25c-1a6a8d01281d}

Process Information:
	Process ID:		0x0
	Process Name:		-

Network Information:
	Workstation Name:	-
	Source Network Address:	192.168.0.102
	Source Port:		55457

Detailed Authentication Information:
	Logon Process:		Kerberos
	Authentication Package:	Kerberos
	Transited Services:	-
	Package Name (NTLM only):	-
	Key Length:		0

This event is generated when a logon session is created. It is generated on the computer that was accessed.

The subject fields indicate the account on the local system which requested the logon. This is most commonly a service such as the Server service, or a local process such as Winlogon.exe or Services.exe.

The logon type field indicates the kind of logon that occurred. The most common types are 2 (interactive) and 3 (network).

The New Logon fields indicate the account for whom the new logon was created, i.e. the account that was logged on.

The network fields indicate where a remote logon request originated. Workstation name is not always available and may be left blank in some cases.

The impersonation level field indicates the extent to which a process in the logon session can impersonate.

The authentication information fields provide detailed information about this specific logon request.
	- Logon GUID is a unique identifier that can be used to correlate this event with a KDC event.
	- Transited services indicate which intermediate services have participated in this logon request.
	- Package name indicates which sub-protocol was used among the NTLM protocols.
	- Key length indicates the length of the generated session key. This will be 0 if no session key was requested."
Audit Success,7/28/2025 8:06:37 AM,Microsoft-Windows-Security-Auditing,4634,Logoff,"An account was logged off.

Subject:
	Security ID:		FDM1\WIN-01LG7U48TT2$
	Account Name:		WIN-01LG7U48TT2$
	Account Domain:		FDM1
	Logon ID:		0x22CAD9

Logon Type:			3

This event is generated when a logon session is destroyed. It may be positively correlated with a logon event using the Logon ID value. Logon IDs are only unique between reboots on the same computer."
Audit Success,7/28/2025 8:06:37 AM,Microsoft-Windows-Security-Auditing,4634,Logoff,"An account was logged off.

Subject:
	Security ID:		FDM1\WIN-01LG7U48TT2$
	Account Name:		WIN-01LG7U48TT2$
	Account Domain:		FDM1
	Logon ID:		0x22CA7F

Logon Type:			3

This event is generated when a logon session is destroyed. It may be positively correlated with a logon event using the Logon ID value. Logon IDs are only unique between reboots on the same computer."
Audit Success,7/28/2025 8:06:37 AM,Microsoft-Windows-Security-Auditing,4624,Logon,"An account was successfully logged on.

Subject:
	Security ID:		NULL SID
	Account Name:		-
	Account Domain:		-
	Logon ID:		0x0

Logon Information:
	Logon Type:		3
	Restricted Admin Mode:	-
	Virtual Account:		No
	Elevated Token:		Yes

Impersonation Level:		Impersonation

New Logon:
	Security ID:		FDM1\WIN-01LG7U48TT2$
	Account Name:		WIN-01LG7U48TT2$
	Account Domain:		FDM1.LOCAL
	Logon ID:		0x22CAD9
	Linked Logon ID:		0x0
	Network Account Name:	-
	Network Account Domain:	-
	Logon GUID:		{90cbefc3-3c72-1d90-b25c-1a6a8d01281d}

Process Information:
	Process ID:		0x0
	Process Name:		-

Network Information:
	Workstation Name:	-
	Source Network Address:	192.168.0.102
	Source Port:		55456

Detailed Authentication Information:
	Logon Process:		Kerberos
	Authentication Package:	Kerberos
	Transited Services:	-
	Package Name (NTLM only):	-
	Key Length:		0

This event is generated when a logon session is created. It is generated on the computer that was accessed.

The subject fields indicate the account on the local system which requested the logon. This is most commonly a service such as the Server service, or a local process such as Winlogon.exe or Services.exe.

The logon type field indicates the kind of logon that occurred. The most common types are 2 (interactive) and 3 (network).

The New Logon fields indicate the account for whom the new logon was created, i.e. the account that was logged on.

The network fields indicate where a remote logon request originated. Workstation name is not always available and may be left blank in some cases.

The impersonation level field indicates the extent to which a process in the logon session can impersonate.

The authentication information fields provide detailed information about this specific logon request.
	- Logon GUID is a unique identifier that can be used to correlate this event with a KDC event.
	- Transited services indicate which intermediate services have participated in this logon request.
	- Package name indicates which sub-protocol was used among the NTLM protocols.
	- Key length indicates the length of the generated session key. This will be 0 if no session key was requested."
Audit Success,7/28/2025 8:06:37 AM,Microsoft-Windows-Security-Auditing,4634,Logoff,"An account was logged off.

Subject:
	Security ID:		FDM1\WIN-01LG7U48TT2$
	Account Name:		WIN-01LG7U48TT2$
	Account Domain:		FDM1
	Logon ID:		0x22CABD

Logon Type:			3

This event is generated when a logon session is destroyed. It may be positively correlated with a logon event using the Logon ID value. Logon IDs are only unique between reboots on the same computer."
Audit Success,7/28/2025 8:06:37 AM,Microsoft-Windows-Security-Auditing,4634,Logoff,"An account was logged off.

Subject:
	Security ID:		FDM1\WIN-01LG7U48TT2$
	Account Name:		WIN-01LG7U48TT2$
	Account Domain:		FDM1
	Logon ID:		0x22CAAB

Logon Type:			3

This event is generated when a logon session is destroyed. It may be positively correlated with a logon event using the Logon ID value. Logon IDs are only unique between reboots on the same computer."
Audit Success,7/28/2025 8:06:37 AM,Microsoft-Windows-Security-Auditing,4624,Logon,"An account was successfully logged on.

Subject:
	Security ID:		NULL SID
	Account Name:		-
	Account Domain:		-
	Logon ID:		0x0

Logon Information:
	Logon Type:		3
	Restricted Admin Mode:	-
	Virtual Account:		No
	Elevated Token:		Yes

Impersonation Level:		Impersonation

New Logon:
	Security ID:		FDM1\WIN-01LG7U48TT2$
	Account Name:		WIN-01LG7U48TT2$
	Account Domain:		FDM1.LOCAL
	Logon ID:		0x22CABD
	Linked Logon ID:		0x0
	Network Account Name:	-
	Network Account Domain:	-
	Logon GUID:		{90cbefc3-3c72-1d90-b25c-1a6a8d01281d}

Process Information:
	Process ID:		0x0
	Process Name:		-

Network Information:
	Workstation Name:	-
	Source Network Address:	192.168.0.102
	Source Port:		55455

Detailed Authentication Information:
	Logon Process:		Kerberos
	Authentication Package:	Kerberos
	Transited Services:	-
	Package Name (NTLM only):	-
	Key Length:		0

This event is generated when a logon session is created. It is generated on the computer that was accessed.

The subject fields indicate the account on the local system which requested the logon. This is most commonly a service such as the Server service, or a local process such as Winlogon.exe or Services.exe.

The logon type field indicates the kind of logon that occurred. The most common types are 2 (interactive) and 3 (network).

The New Logon fields indicate the account for whom the new logon was created, i.e. the account that was logged on.

The network fields indicate where a remote logon request originated. Workstation name is not always available and may be left blank in some cases.

The impersonation level field indicates the extent to which a process in the logon session can impersonate.

The authentication information fields provide detailed information about this specific logon request.
	- Logon GUID is a unique identifier that can be used to correlate this event with a KDC event.
	- Transited services indicate which intermediate services have participated in this logon request.
	- Package name indicates which sub-protocol was used among the NTLM protocols.
	- Key length indicates the length of the generated session key. This will be 0 if no session key was requested."
Audit Success,7/28/2025 8:06:37 AM,Microsoft-Windows-Security-Auditing,4624,Logon,"An account was successfully logged on.

Subject:
	Security ID:		NULL SID
	Account Name:		-
	Account Domain:		-
	Logon ID:		0x0

Logon Information:
	Logon Type:		3
	Restricted Admin Mode:	-
	Virtual Account:		No
	Elevated Token:		Yes

Impersonation Level:		Impersonation

New Logon:
	Security ID:		FDM1\WIN-01LG7U48TT2$
	Account Name:		WIN-01LG7U48TT2$
	Account Domain:		FDM1.LOCAL
	Logon ID:		0x22CAAB
	Linked Logon ID:		0x0
	Network Account Name:	-
	Network Account Domain:	-
	Logon GUID:		{90cbefc3-3c72-1d90-b25c-1a6a8d01281d}

Process Information:
	Process ID:		0x0
	Process Name:		-

Network Information:
	Workstation Name:	-
	Source Network Address:	192.168.0.102
	Source Port:		55454

Detailed Authentication Information:
	Logon Process:		Kerberos
	Authentication Package:	Kerberos
	Transited Services:	-
	Package Name (NTLM only):	-
	Key Length:		0

This event is generated when a logon session is created. It is generated on the computer that was accessed.

The subject fields indicate the account on the local system which requested the logon. This is most commonly a service such as the Server service, or a local process such as Winlogon.exe or Services.exe.

The logon type field indicates the kind of logon that occurred. The most common types are 2 (interactive) and 3 (network).

The New Logon fields indicate the account for whom the new logon was created, i.e. the account that was logged on.

The network fields indicate where a remote logon request originated. Workstation name is not always available and may be left blank in some cases.

The impersonation level field indicates the extent to which a process in the logon session can impersonate.

The authentication information fields provide detailed information about this specific logon request.
	- Logon GUID is a unique identifier that can be used to correlate this event with a KDC event.
	- Transited services indicate which intermediate services have participated in this logon request.
	- Package name indicates which sub-protocol was used among the NTLM protocols.
	- Key length indicates the length of the generated session key. This will be 0 if no session key was requested."
Audit Success,7/28/2025 8:06:37 AM,Microsoft-Windows-Security-Auditing,4624,Logon,"An account was successfully logged on.

Subject:
	Security ID:		NULL SID
	Account Name:		-
	Account Domain:		-
	Logon ID:		0x0

Logon Information:
	Logon Type:		3
	Restricted Admin Mode:	-
	Virtual Account:		No
	Elevated Token:		Yes

Impersonation Level:		Impersonation

New Logon:
	Security ID:		FDM1\WIN-01LG7U48TT2$
	Account Name:		WIN-01LG7U48TT2$
	Account Domain:		FDM1.LOCAL
	Logon ID:		0x22CA99
	Linked Logon ID:		0x0
	Network Account Name:	-
	Network Account Domain:	-
	Logon GUID:		{90cbefc3-3c72-1d90-b25c-1a6a8d01281d}

Process Information:
	Process ID:		0x0
	Process Name:		-

Network Information:
	Workstation Name:	-
	Source Network Address:	192.168.0.102
	Source Port:		55453

Detailed Authentication Information:
	Logon Process:		Kerberos
	Authentication Package:	Kerberos
	Transited Services:	-
	Package Name (NTLM only):	-
	Key Length:		0

This event is generated when a logon session is created. It is generated on the computer that was accessed.

The subject fields indicate the account on the local system which requested the logon. This is most commonly a service such as the Server service, or a local process such as Winlogon.exe or Services.exe.

The logon type field indicates the kind of logon that occurred. The most common types are 2 (interactive) and 3 (network).

The New Logon fields indicate the account for whom the new logon was created, i.e. the account that was logged on.

The network fields indicate where a remote logon request originated. Workstation name is not always available and may be left blank in some cases.

The impersonation level field indicates the extent to which a process in the logon session can impersonate.

The authentication information fields provide detailed information about this specific logon request.
	- Logon GUID is a unique identifier that can be used to correlate this event with a KDC event.
	- Transited services indicate which intermediate services have participated in this logon request.
	- Package name indicates which sub-protocol was used among the NTLM protocols.
	- Key length indicates the length of the generated session key. This will be 0 if no session key was requested."
Audit Success,7/28/2025 8:06:37 AM,Microsoft-Windows-Security-Auditing,4624,Logon,"An account was successfully logged on.

Subject:
	Security ID:		NULL SID
	Account Name:		-
	Account Domain:		-
	Logon ID:		0x0

Logon Information:
	Logon Type:		3
	Restricted Admin Mode:	-
	Virtual Account:		No
	Elevated Token:		Yes

Impersonation Level:		Impersonation

New Logon:
	Security ID:		FDM1\WIN-01LG7U48TT2$
	Account Name:		WIN-01LG7U48TT2$
	Account Domain:		FDM1.LOCAL
	Logon ID:		0x22CA7F
	Linked Logon ID:		0x0
	Network Account Name:	-
	Network Account Domain:	-
	Logon GUID:		{90cbefc3-3c72-1d90-b25c-1a6a8d01281d}

Process Information:
	Process ID:		0x0
	Process Name:		-

Network Information:
	Workstation Name:	-
	Source Network Address:	192.168.0.102
	Source Port:		55452

Detailed Authentication Information:
	Logon Process:		Kerberos
	Authentication Package:	Kerberos
	Transited Services:	-
	Package Name (NTLM only):	-
	Key Length:		0

This event is generated when a logon session is created. It is generated on the computer that was accessed.

The subject fields indicate the account on the local system which requested the logon. This is most commonly a service such as the Server service, or a local process such as Winlogon.exe or Services.exe.

The logon type field indicates the kind of logon that occurred. The most common types are 2 (interactive) and 3 (network).

The New Logon fields indicate the account for whom the new logon was created, i.e. the account that was logged on.

The network fields indicate where a remote logon request originated. Workstation name is not always available and may be left blank in some cases.

The impersonation level field indicates the extent to which a process in the logon session can impersonate.

The authentication information fields provide detailed information about this specific logon request.
	- Logon GUID is a unique identifier that can be used to correlate this event with a KDC event.
	- Transited services indicate which intermediate services have participated in this logon request.
	- Package name indicates which sub-protocol was used among the NTLM protocols.
	- Key length indicates the length of the generated session key. This will be 0 if no session key was requested."
Audit Success,7/28/2025 8:06:32 AM,Microsoft-Windows-Security-Auditing,4634,Logoff,"An account was logged off.

Subject:
	Security ID:		FDM1\WIN-01LG7U48TT2$
	Account Name:		WIN-01LG7U48TT2$
	Account Domain:		FDM1
	Logon ID:		0x22B781

Logon Type:			3

This event is generated when a logon session is destroyed. It may be positively correlated with a logon event using the Logon ID value. Logon IDs are only unique between reboots on the same computer."
Audit Success,7/28/2025 8:06:32 AM,Microsoft-Windows-Security-Auditing,4624,Logon,"An account was successfully logged on.

Subject:
	Security ID:		NULL SID
	Account Name:		-
	Account Domain:		-
	Logon ID:		0x0

Logon Information:
	Logon Type:		3
	Restricted Admin Mode:	-
	Virtual Account:		No
	Elevated Token:		Yes

Impersonation Level:		Delegation

New Logon:
	Security ID:		FDM1\WIN-01LG7U48TT2$
	Account Name:		WIN-01LG7U48TT2$
	Account Domain:		FDM1.LOCAL
	Logon ID:		0x22C8EE
	Linked Logon ID:		0x0
	Network Account Name:	-
	Network Account Domain:	-
	Logon GUID:		{18bf7372-5635-0202-f157-068eed38d41c}

Process Information:
	Process ID:		0x0
	Process Name:		-

Network Information:
	Workstation Name:	-
	Source Network Address:	-
	Source Port:		-

Detailed Authentication Information:
	Logon Process:		Kerberos
	Authentication Package:	Kerberos
	Transited Services:	-
	Package Name (NTLM only):	-
	Key Length:		0

This event is generated when a logon session is created. It is generated on the computer that was accessed.

The subject fields indicate the account on the local system which requested the logon. This is most commonly a service such as the Server service, or a local process such as Winlogon.exe or Services.exe.

The logon type field indicates the kind of logon that occurred. The most common types are 2 (interactive) and 3 (network).

The New Logon fields indicate the account for whom the new logon was created, i.e. the account that was logged on.

The network fields indicate where a remote logon request originated. Workstation name is not always available and may be left blank in some cases.

The impersonation level field indicates the extent to which a process in the logon session can impersonate.

The authentication information fields provide detailed information about this specific logon request.
	- Logon GUID is a unique identifier that can be used to correlate this event with a KDC event.
	- Transited services indicate which intermediate services have participated in this logon request.
	- Package name indicates which sub-protocol was used among the NTLM protocols.
	- Key length indicates the length of the generated session key. This will be 0 if no session key was requested."
Audit Success,7/28/2025 8:06:32 AM,Microsoft-Windows-Security-Auditing,4769,Kerberos Service Ticket Operations,"A Kerberos service ticket was requested.

Account Information:
	Account Name:		WIN-01LG7U48TT2$@FDM1.LOCAL
	Account Domain:		FDM1.LOCAL
	Logon GUID:		{e1bdee28-cf9c-558a-206f-ff9a9e1f253a}

Service Information:
	Service Name:		WIN-I7RFJ5N1K9P$
	Service ID:		FDM1\WIN-I7RFJ5N1K9P$

Network Information:
	Client Address:		::ffff:192.168.0.102
	Client Port:		49717

Additional Information:
	Ticket Options:		0x40810000
	Ticket Encryption Type:	0x12
	Failure Code:		0x0
	Transited Services:	-

This event is generated every time access is requested to a resource such as a computer or a Windows service.  The service name indicates the resource to which access was requested.

This event can be correlated with Windows logon events by comparing the Logon GUID fields in each event.  The logon event occurs on the machine that was accessed, which is often a different machine than the domain controller which issued the service ticket.

Ticket options, encryption types, and failure codes are defined in RFC 4120."
Audit Success,7/28/2025 8:06:29 AM,Microsoft-Windows-Security-Auditing,4634,Logoff,"An account was logged off.

Subject:
	Security ID:		FDM1\WIN-01LG7U48TT2$
	Account Name:		WIN-01LG7U48TT2$
	Account Domain:		FDM1
	Logon ID:		0x22C86E

Logon Type:			3

This event is generated when a logon session is destroyed. It may be positively correlated with a logon event using the Logon ID value. Logon IDs are only unique between reboots on the same computer."
Audit Success,7/28/2025 8:06:29 AM,Microsoft-Windows-Security-Auditing,4634,Logoff,"An account was logged off.

Subject:
	Security ID:		FDM1\WIN-01LG7U48TT2$
	Account Name:		WIN-01LG7U48TT2$
	Account Domain:		FDM1
	Logon ID:		0x22C85D

Logon Type:			3

This event is generated when a logon session is destroyed. It may be positively correlated with a logon event using the Logon ID value. Logon IDs are only unique between reboots on the same computer."
Audit Success,7/28/2025 8:06:29 AM,Microsoft-Windows-Security-Auditing,4624,Logon,"An account was successfully logged on.

Subject:
	Security ID:		NULL SID
	Account Name:		-
	Account Domain:		-
	Logon ID:		0x0

Logon Information:
	Logon Type:		3
	Restricted Admin Mode:	-
	Virtual Account:		No
	Elevated Token:		Yes

Impersonation Level:		Delegation

New Logon:
	Security ID:		FDM1\WIN-01LG7U48TT2$
	Account Name:		WIN-01LG7U48TT2$
	Account Domain:		FDM1.LOCAL
	Logon ID:		0x22C86E
	Linked Logon ID:		0x0
	Network Account Name:	-
	Network Account Domain:	-
	Logon GUID:		{47bd2586-ddf4-a947-2a0e-c0cbafdb8a2b}

Process Information:
	Process ID:		0x0
	Process Name:		-

Network Information:
	Workstation Name:	-
	Source Network Address:	192.168.0.102
	Source Port:		49716

Detailed Authentication Information:
	Logon Process:		Kerberos
	Authentication Package:	Kerberos
	Transited Services:	-
	Package Name (NTLM only):	-
	Key Length:		0

This event is generated when a logon session is created. It is generated on the computer that was accessed.

The subject fields indicate the account on the local system which requested the logon. This is most commonly a service such as the Server service, or a local process such as Winlogon.exe or Services.exe.

The logon type field indicates the kind of logon that occurred. The most common types are 2 (interactive) and 3 (network).

The New Logon fields indicate the account for whom the new logon was created, i.e. the account that was logged on.

The network fields indicate where a remote logon request originated. Workstation name is not always available and may be left blank in some cases.

The impersonation level field indicates the extent to which a process in the logon session can impersonate.

The authentication information fields provide detailed information about this specific logon request.
	- Logon GUID is a unique identifier that can be used to correlate this event with a KDC event.
	- Transited services indicate which intermediate services have participated in this logon request.
	- Package name indicates which sub-protocol was used among the NTLM protocols.
	- Key length indicates the length of the generated session key. This will be 0 if no session key was requested."
Audit Success,7/28/2025 8:06:29 AM,Microsoft-Windows-Security-Auditing,4624,Logon,"An account was successfully logged on.

Subject:
	Security ID:		NULL SID
	Account Name:		-
	Account Domain:		-
	Logon ID:		0x0

Logon Information:
	Logon Type:		3
	Restricted Admin Mode:	-
	Virtual Account:		No
	Elevated Token:		Yes

Impersonation Level:		Delegation

New Logon:
	Security ID:		FDM1\WIN-01LG7U48TT2$
	Account Name:		WIN-01LG7U48TT2$
	Account Domain:		FDM1.LOCAL
	Logon ID:		0x22C85D
	Linked Logon ID:		0x0
	Network Account Name:	-
	Network Account Domain:	-
	Logon GUID:		{47bd2586-ddf4-a947-2a0e-c0cbafdb8a2b}

Process Information:
	Process ID:		0x0
	Process Name:		-

Network Information:
	Workstation Name:	-
	Source Network Address:	192.168.0.102
	Source Port:		49714

Detailed Authentication Information:
	Logon Process:		Kerberos
	Authentication Package:	Kerberos
	Transited Services:	-
	Package Name (NTLM only):	-
	Key Length:		0

This event is generated when a logon session is created. It is generated on the computer that was accessed.

The subject fields indicate the account on the local system which requested the logon. This is most commonly a service such as the Server service, or a local process such as Winlogon.exe or Services.exe.

The logon type field indicates the kind of logon that occurred. The most common types are 2 (interactive) and 3 (network).

The New Logon fields indicate the account for whom the new logon was created, i.e. the account that was logged on.

The network fields indicate where a remote logon request originated. Workstation name is not always available and may be left blank in some cases.

The impersonation level field indicates the extent to which a process in the logon session can impersonate.

The authentication information fields provide detailed information about this specific logon request.
	- Logon GUID is a unique identifier that can be used to correlate this event with a KDC event.
	- Transited services indicate which intermediate services have participated in this logon request.
	- Package name indicates which sub-protocol was used among the NTLM protocols.
	- Key length indicates the length of the generated session key. This will be 0 if no session key was requested."
Audit Success,7/28/2025 8:06:29 AM,Microsoft-Windows-Security-Auditing,4634,Logoff,"An account was logged off.

Subject:
	Security ID:		FDM1\WIN-01LG7U48TT2$
	Account Name:		WIN-01LG7U48TT2$
	Account Domain:		FDM1
	Logon ID:		0x22C815

Logon Type:			3

This event is generated when a logon session is destroyed. It may be positively correlated with a logon event using the Logon ID value. Logon IDs are only unique between reboots on the same computer."
Audit Success,7/28/2025 8:06:29 AM,Microsoft-Windows-Security-Auditing,4742,Computer Account Management,"A computer account was changed.

Subject:
	Security ID:		FDM1\WIN-01LG7U48TT2$
	Account Name:		WIN-01LG7U48TT2$
	Account Domain:		FDM1
	Logon ID:		0x22C829

Computer Account That Was Changed:
	Security ID:		FDM1\WIN-01LG7U48TT2$
	Account Name:		WIN-01LG7U48TT2$
	Account Domain:		FDM1

Changed Attributes:
	SAM Account Name:	-
	Display Name:		-
	User Principal Name:	-
	Home Directory:		-
	Home Drive:		-
	Script Path:		-
	Profile Path:		-
	User Workstations:	-
	Password Last Set:	-
	Account Expires:		-
	Primary Group ID:	-
	AllowedToDelegateTo:	-
	Old UAC Value:		-
	New UAC Value:		-
	User Account Control:	-
	User Parameters:	-
	SID History:		-
	Logon Hours:		-
	DNS Host Name:		-
	Service Principal Names:	
		HOST/WIN-01LG7U48TT2.fdm1.local
		RestrictedKrbHost/WIN-01LG7U48TT2.fdm1.local
		HOST/WIN-01LG7U48TT2
		RestrictedKrbHost/WIN-01LG7U48TT2
		TERMSRV/WIN-01LG7U48TT2.fdm1.local
		TERMSRV/WIN-01LG7U48TT2
		WSMAN/WIN-01LG7U48TT2.fdm1.local
		WSMAN/WIN-01LG7U48TT2

Additional Information:
	Privileges:		-"
Audit Success,7/28/2025 8:06:29 AM,Microsoft-Windows-Security-Auditing,4624,Logon,"An account was successfully logged on.

Subject:
	Security ID:		NULL SID
	Account Name:		-
	Account Domain:		-
	Logon ID:		0x0

Logon Information:
	Logon Type:		3
	Restricted Admin Mode:	-
	Virtual Account:		No
	Elevated Token:		Yes

Impersonation Level:		Impersonation

New Logon:
	Security ID:		FDM1\WIN-01LG7U48TT2$
	Account Name:		WIN-01LG7U48TT2$
	Account Domain:		FDM1.LOCAL
	Logon ID:		0x22C829
	Linked Logon ID:		0x0
	Network Account Name:	-
	Network Account Domain:	-
	Logon GUID:		{a2f66188-718b-e37a-6955-520baadeadb7}

Process Information:
	Process ID:		0x0
	Process Name:		-

Network Information:
	Workstation Name:	-
	Source Network Address:	192.168.0.102
	Source Port:		49713

Detailed Authentication Information:
	Logon Process:		Kerberos
	Authentication Package:	Kerberos
	Transited Services:	-
	Package Name (NTLM only):	-
	Key Length:		0

This event is generated when a logon session is created. It is generated on the computer that was accessed.

The subject fields indicate the account on the local system which requested the logon. This is most commonly a service such as the Server service, or a local process such as Winlogon.exe or Services.exe.

The logon type field indicates the kind of logon that occurred. The most common types are 2 (interactive) and 3 (network).

The New Logon fields indicate the account for whom the new logon was created, i.e. the account that was logged on.

The network fields indicate where a remote logon request originated. Workstation name is not always available and may be left blank in some cases.

The impersonation level field indicates the extent to which a process in the logon session can impersonate.

The authentication information fields provide detailed information about this specific logon request.
	- Logon GUID is a unique identifier that can be used to correlate this event with a KDC event.
	- Transited services indicate which intermediate services have participated in this logon request.
	- Package name indicates which sub-protocol was used among the NTLM protocols.
	- Key length indicates the length of the generated session key. This will be 0 if no session key was requested."
Audit Success,7/28/2025 8:06:29 AM,Microsoft-Windows-Security-Auditing,4624,Logon,"An account was successfully logged on.

Subject:
	Security ID:		NULL SID
	Account Name:		-
	Account Domain:		-
	Logon ID:		0x0

Logon Information:
	Logon Type:		3
	Restricted Admin Mode:	-
	Virtual Account:		No
	Elevated Token:		Yes

Impersonation Level:		Delegation

New Logon:
	Security ID:		FDM1\WIN-01LG7U48TT2$
	Account Name:		WIN-01LG7U48TT2$
	Account Domain:		FDM1.LOCAL
	Logon ID:		0x22C815
	Linked Logon ID:		0x0
	Network Account Name:	-
	Network Account Domain:	-
	Logon GUID:		{47bd2586-ddf4-a947-2a0e-c0cbafdb8a2b}

Process Information:
	Process ID:		0x0
	Process Name:		-

Network Information:
	Workstation Name:	-
	Source Network Address:	192.168.0.102
	Source Port:		49710

Detailed Authentication Information:
	Logon Process:		Kerberos
	Authentication Package:	Kerberos
	Transited Services:	-
	Package Name (NTLM only):	-
	Key Length:		0

This event is generated when a logon session is created. It is generated on the computer that was accessed.

The subject fields indicate the account on the local system which requested the logon. This is most commonly a service such as the Server service, or a local process such as Winlogon.exe or Services.exe.

The logon type field indicates the kind of logon that occurred. The most common types are 2 (interactive) and 3 (network).

The New Logon fields indicate the account for whom the new logon was created, i.e. the account that was logged on.

The network fields indicate where a remote logon request originated. Workstation name is not always available and may be left blank in some cases.

The impersonation level field indicates the extent to which a process in the logon session can impersonate.

The authentication information fields provide detailed information about this specific logon request.
	- Logon GUID is a unique identifier that can be used to correlate this event with a KDC event.
	- Transited services indicate which intermediate services have participated in this logon request.
	- Package name indicates which sub-protocol was used among the NTLM protocols.
	- Key length indicates the length of the generated session key. This will be 0 if no session key was requested."
Audit Success,7/28/2025 8:06:29 AM,Microsoft-Windows-Security-Auditing,4769,Kerberos Service Ticket Operations,"A Kerberos service ticket was requested.

Account Information:
	Account Name:		WIN-01LG7U48TT2$@FDM1.LOCAL
	Account Domain:		FDM1.LOCAL
	Logon GUID:		{12f53eb9-21cb-6c7e-1b0e-cac4ffd00213}

Service Information:
	Service Name:		WIN-I7RFJ5N1K9P$
	Service ID:		FDM1\WIN-I7RFJ5N1K9P$

Network Information:
	Client Address:		::ffff:192.168.0.102
	Client Port:		49715

Additional Information:
	Ticket Options:		0x40810000
	Ticket Encryption Type:	0x12
	Failure Code:		0x0
	Transited Services:	-

This event is generated every time access is requested to a resource such as a computer or a Windows service.  The service name indicates the resource to which access was requested.

This event can be correlated with Windows logon events by comparing the Logon GUID fields in each event.  The logon event occurs on the machine that was accessed, which is often a different machine than the domain controller which issued the service ticket.

Ticket options, encryption types, and failure codes are defined in RFC 4120."
Audit Success,7/28/2025 8:06:28 AM,Microsoft-Windows-Security-Auditing,4634,Logoff,"An account was logged off.

Subject:
	Security ID:		FDM1\WIN-01LG7U48TT2$
	Account Name:		WIN-01LG7U48TT2$
	Account Domain:		FDM1
	Logon ID:		0x22B7A9

Logon Type:			3

This event is generated when a logon session is destroyed. It may be positively correlated with a logon event using the Logon ID value. Logon IDs are only unique between reboots on the same computer."
Audit Success,7/28/2025 8:06:28 AM,Microsoft-Windows-Security-Auditing,4624,Logon,"An account was successfully logged on.

Subject:
	Security ID:		NULL SID
	Account Name:		-
	Account Domain:		-
	Logon ID:		0x0

Logon Information:
	Logon Type:		3
	Restricted Admin Mode:	-
	Virtual Account:		No
	Elevated Token:		Yes

Impersonation Level:		Delegation

New Logon:
	Security ID:		FDM1\WIN-01LG7U48TT2$
	Account Name:		WIN-01LG7U48TT2$
	Account Domain:		FDM1.LOCAL
	Logon ID:		0x22C77F
	Linked Logon ID:		0x0
	Network Account Name:	-
	Network Account Domain:	-
	Logon GUID:		{47bd2586-ddf4-a947-2a0e-c0cbafdb8a2b}

Process Information:
	Process ID:		0x0
	Process Name:		-

Network Information:
	Workstation Name:	-
	Source Network Address:	192.168.0.102
	Source Port:		49668

Detailed Authentication Information:
	Logon Process:		Kerberos
	Authentication Package:	Kerberos
	Transited Services:	-
	Package Name (NTLM only):	-
	Key Length:		0

This event is generated when a logon session is created. It is generated on the computer that was accessed.

The subject fields indicate the account on the local system which requested the logon. This is most commonly a service such as the Server service, or a local process such as Winlogon.exe or Services.exe.

The logon type field indicates the kind of logon that occurred. The most common types are 2 (interactive) and 3 (network).

The New Logon fields indicate the account for whom the new logon was created, i.e. the account that was logged on.

The network fields indicate where a remote logon request originated. Workstation name is not always available and may be left blank in some cases.

The impersonation level field indicates the extent to which a process in the logon session can impersonate.

The authentication information fields provide detailed information about this specific logon request.
	- Logon GUID is a unique identifier that can be used to correlate this event with a KDC event.
	- Transited services indicate which intermediate services have participated in this logon request.
	- Package name indicates which sub-protocol was used among the NTLM protocols.
	- Key length indicates the length of the generated session key. This will be 0 if no session key was requested."
Audit Success,7/28/2025 8:06:28 AM,Microsoft-Windows-Security-Auditing,4769,Kerberos Service Ticket Operations,"A Kerberos service ticket was requested.

Account Information:
	Account Name:		WIN-01LG7U48TT2$@FDM1.LOCAL
	Account Domain:		FDM1.LOCAL
	Logon GUID:		{7f4f786c-7ce9-15ca-c78e-d2e9016ffeed}

Service Information:
	Service Name:		krbtgt
	Service ID:		FDM1\krbtgt

Network Information:
	Client Address:		::ffff:192.168.0.102
	Client Port:		49709

Additional Information:
	Ticket Options:		0x60810010
	Ticket Encryption Type:	0x12
	Failure Code:		0x0
	Transited Services:	-

This event is generated every time access is requested to a resource such as a computer or a Windows service.  The service name indicates the resource to which access was requested.

This event can be correlated with Windows logon events by comparing the Logon GUID fields in each event.  The logon event occurs on the machine that was accessed, which is often a different machine than the domain controller which issued the service ticket.

Ticket options, encryption types, and failure codes are defined in RFC 4120."
Audit Success,7/28/2025 8:06:28 AM,Microsoft-Windows-Security-Auditing,4769,Kerberos Service Ticket Operations,"A Kerberos service ticket was requested.

Account Information:
	Account Name:		WIN-01LG7U48TT2$@FDM1.LOCAL
	Account Domain:		FDM1.LOCAL
	Logon GUID:		{7f4f786c-7ce9-15ca-c78e-d2e9016ffeed}

Service Information:
	Service Name:		WIN-I7RFJ5N1K9P$
	Service ID:		FDM1\WIN-I7RFJ5N1K9P$

Network Information:
	Client Address:		::ffff:192.168.0.102
	Client Port:		49708

Additional Information:
	Ticket Options:		0x40800000
	Ticket Encryption Type:	0x12
	Failure Code:		0x0
	Transited Services:	-

This event is generated every time access is requested to a resource such as a computer or a Windows service.  The service name indicates the resource to which access was requested.

This event can be correlated with Windows logon events by comparing the Logon GUID fields in each event.  The logon event occurs on the machine that was accessed, which is often a different machine than the domain controller which issued the service ticket.

Ticket options, encryption types, and failure codes are defined in RFC 4120."
