Audit Success,7/28/2025 8:28:43 AM,Microsoft-Windows-Security-Auditing,4624,Logon,"An account was successfully logged on.

Subject:
	Security ID:		NULL SID
	Account Name:		-
	Account Domain:		-
	Logon ID:		0x0

Logon Information:
	Logon Type:		3
	Restricted Admin Mode:	-
	Virtual Account:		No
	Elevated Token:		Yes

Impersonation Level:		Impersonation

New Logon:
	Security ID:		SYSTEM
	Account Name:		WIN-I7RFJ5N1K9P$
	Account Domain:		FDM1.LOCAL
	Logon ID:		0x2FD6D6
	Linked Logon ID:		0x0
	Network Account Name:	-
	Network Account Domain:	-
	Logon GUID:		{67db4acf-a662-73b0-f233-97baf9c7bc12}

Process Information:
	Process ID:		0x0
	Process Name:		-

Network Information:
	Workstation Name:	-
	Source Network Address:	::1
	Source Port:		61998

Detailed Authentication Information:
	Logon Process:		Kerberos
	Authentication Package:	Kerberos
	Transited Services:	-
	Package Name (NTLM only):	-
	Key Length:		0

This event is generated when a logon session is created. It is generated on the computer that was accessed.

The subject fields indicate the account on the local system which requested the logon. This is most commonly a service such as the Server service, or a local process such as Winlogon.exe or Services.exe.

The logon type field indicates the kind of logon that occurred. The most common types are 2 (interactive) and 3 (network).

The New Logon fields indicate the account for whom the new logon was created, i.e. the account that was logged on.

The network fields indicate where a remote logon request originated. Workstation name is not always available and may be left blank in some cases.

The impersonation level field indicates the extent to which a process in the logon session can impersonate.

The authentication information fields provide detailed information about this specific logon request.
	- Logon GUID is a unique identifier that can be used to correlate this event with a KDC event.
	- Transited services indicate which intermediate services have participated in this logon request.
	- Package name indicates which sub-protocol was used among the NTLM protocols.
	- Key length indicates the length of the generated session key. This will be 0 if no session key was requested."
Audit Success,7/28/2025 8:28:43 AM,Microsoft-Windows-Security-Auditing,4672,Special Logon,"Special privileges assigned to new logon.

Subject:
	Security ID:		SYSTEM
	Account Name:		WIN-I7RFJ5N1K9P$
	Account Domain:		FDM1
	Logon ID:		0x2FD6D6

Privileges:		SeSecurityPrivilege
			SeBackupPrivilege
			SeRestorePrivilege
			SeTakeOwnershipPrivilege
			SeDebugPrivilege
			SeSystemEnvironmentPrivilege
			SeLoadDriverPrivilege
			SeImpersonatePrivilege
			SeDelegateSessionUserImpersonatePrivilege
			SeEnableDelegationPrivilege"
Audit Success,7/28/2025 8:27:58 AM,Microsoft-Windows-Security-Auditing,4634,Logoff,"An account was logged off.

Subject:
	Security ID:		SYSTEM
	Account Name:		WIN-I7RFJ5N1K9P$
	Account Domain:		FDM1
	Logon ID:		0x2FAC76

Logon Type:			3

This event is generated when a logon session is destroyed. It may be positively correlated with a logon event using the Logon ID value. Logon IDs are only unique between reboots on the same computer."
Audit Success,7/28/2025 8:27:57 AM,Microsoft-Windows-Security-Auditing,4634,Logoff,"An account was logged off.

Subject:
	Security ID:		SYSTEM
	Account Name:		WIN-I7RFJ5N1K9P$
	Account Domain:		FDM1
	Logon ID:		0x2FB5D0

Logon Type:			3

This event is generated when a logon session is destroyed. It may be positively correlated with a logon event using the Logon ID value. Logon IDs are only unique between reboots on the same computer."
Audit Success,7/28/2025 8:27:57 AM,Microsoft-Windows-Security-Auditing,4624,Logon,"An account was successfully logged on.

Subject:
	Security ID:		NULL SID
	Account Name:		-
	Account Domain:		-
	Logon ID:		0x0

Logon Information:
	Logon Type:		3
	Restricted Admin Mode:	-
	Virtual Account:		No
	Elevated Token:		Yes

Impersonation Level:		Impersonation

New Logon:
	Security ID:		SYSTEM
	Account Name:		WIN-I7RFJ5N1K9P$
	Account Domain:		FDM1.LOCAL
	Logon ID:		0x2FB5D0
	Linked Logon ID:		0x0
	Network Account Name:	-
	Network Account Domain:	-
	Logon GUID:		{67db4acf-a662-73b0-f233-97baf9c7bc12}

Process Information:
	Process ID:		0x0
	Process Name:		-

Network Information:
	Workstation Name:	-
	Source Network Address:	fe80::90bc:164a:3228:565d
	Source Port:		61997

Detailed Authentication Information:
	Logon Process:		Kerberos
	Authentication Package:	Kerberos
	Transited Services:	-
	Package Name (NTLM only):	-
	Key Length:		0

This event is generated when a logon session is created. It is generated on the computer that was accessed.

The subject fields indicate the account on the local system which requested the logon. This is most commonly a service such as the Server service, or a local process such as Winlogon.exe or Services.exe.

The logon type field indicates the kind of logon that occurred. The most common types are 2 (interactive) and 3 (network).

The New Logon fields indicate the account for whom the new logon was created, i.e. the account that was logged on.

The network fields indicate where a remote logon request originated. Workstation name is not always available and may be left blank in some cases.

The impersonation level field indicates the extent to which a process in the logon session can impersonate.

The authentication information fields provide detailed information about this specific logon request.
	- Logon GUID is a unique identifier that can be used to correlate this event with a KDC event.
	- Transited services indicate which intermediate services have participated in this logon request.
	- Package name indicates which sub-protocol was used among the NTLM protocols.
	- Key length indicates the length of the generated session key. This will be 0 if no session key was requested."
Audit Success,7/28/2025 8:27:57 AM,Microsoft-Windows-Security-Auditing,4672,Special Logon,"Special privileges assigned to new logon.

Subject:
	Security ID:		SYSTEM
	Account Name:		WIN-I7RFJ5N1K9P$
	Account Domain:		FDM1
	Logon ID:		0x2FB5D0

Privileges:		SeSecurityPrivilege
			SeBackupPrivilege
			SeRestorePrivilege
			SeTakeOwnershipPrivilege
			SeDebugPrivilege
			SeSystemEnvironmentPrivilege
			SeLoadDriverPrivilege
			SeImpersonatePrivilege
			SeDelegateSessionUserImpersonatePrivilege
			SeEnableDelegationPrivilege"
Audit Success,7/28/2025 8:27:57 AM,Microsoft-Windows-Security-Auditing,4634,Logoff,"An account was logged off.

Subject:
	Security ID:		SYSTEM
	Account Name:		WIN-I7RFJ5N1K9P$
	Account Domain:		FDM1
	Logon ID:		0x2FB54A

Logon Type:			3

This event is generated when a logon session is destroyed. It may be positively correlated with a logon event using the Logon ID value. Logon IDs are only unique between reboots on the same computer."
Audit Success,7/28/2025 8:27:57 AM,Microsoft-Windows-Security-Auditing,4624,Logon,"An account was successfully logged on.

Subject:
	Security ID:		NULL SID
	Account Name:		-
	Account Domain:		-
	Logon ID:		0x0

Logon Information:
	Logon Type:		3
	Restricted Admin Mode:	-
	Virtual Account:		No
	Elevated Token:		Yes

Impersonation Level:		Impersonation

New Logon:
	Security ID:		SYSTEM
	Account Name:		WIN-I7RFJ5N1K9P$
	Account Domain:		FDM1.LOCAL
	Logon ID:		0x2FB54A
	Linked Logon ID:		0x0
	Network Account Name:	-
	Network Account Domain:	-
	Logon GUID:		{67db4acf-a662-73b0-f233-97baf9c7bc12}

Process Information:
	Process ID:		0x0
	Process Name:		-

Network Information:
	Workstation Name:	-
	Source Network Address:	fe80::90bc:164a:3228:565d
	Source Port:		61996

Detailed Authentication Information:
	Logon Process:		Kerberos
	Authentication Package:	Kerberos
	Transited Services:	-
	Package Name (NTLM only):	-
	Key Length:		0

This event is generated when a logon session is created. It is generated on the computer that was accessed.

The subject fields indicate the account on the local system which requested the logon. This is most commonly a service such as the Server service, or a local process such as Winlogon.exe or Services.exe.

The logon type field indicates the kind of logon that occurred. The most common types are 2 (interactive) and 3 (network).

The New Logon fields indicate the account for whom the new logon was created, i.e. the account that was logged on.

The network fields indicate where a remote logon request originated. Workstation name is not always available and may be left blank in some cases.

The impersonation level field indicates the extent to which a process in the logon session can impersonate.

The authentication information fields provide detailed information about this specific logon request.
	- Logon GUID is a unique identifier that can be used to correlate this event with a KDC event.
	- Transited services indicate which intermediate services have participated in this logon request.
	- Package name indicates which sub-protocol was used among the NTLM protocols.
	- Key length indicates the length of the generated session key. This will be 0 if no session key was requested."
Audit Success,7/28/2025 8:27:57 AM,Microsoft-Windows-Security-Auditing,4672,Special Logon,"Special privileges assigned to new logon.

Subject:
	Security ID:		SYSTEM
	Account Name:		WIN-I7RFJ5N1K9P$
	Account Domain:		FDM1
	Logon ID:		0x2FB54A

Privileges:		SeSecurityPrivilege
			SeBackupPrivilege
			SeRestorePrivilege
			SeTakeOwnershipPrivilege
			SeDebugPrivilege
			SeSystemEnvironmentPrivilege
			SeLoadDriverPrivilege
			SeImpersonatePrivilege
			SeDelegateSessionUserImpersonatePrivilege
			SeEnableDelegationPrivilege"
Audit Success,7/28/2025 8:27:48 AM,Microsoft-Windows-Security-Auditing,4624,Logon,"An account was successfully logged on.

Subject:
	Security ID:		NULL SID
	Account Name:		-
	Account Domain:		-
	Logon ID:		0x0

Logon Information:
	Logon Type:		3
	Restricted Admin Mode:	-
	Virtual Account:		No
	Elevated Token:		Yes

Impersonation Level:		Impersonation

New Logon:
	Security ID:		SYSTEM
	Account Name:		WIN-I7RFJ5N1K9P$
	Account Domain:		FDM1.LOCAL
	Logon ID:		0x2FB082
	Linked Logon ID:		0x0
	Network Account Name:	-
	Network Account Domain:	-
	Logon GUID:		{67db4acf-a662-73b0-f233-97baf9c7bc12}

Process Information:
	Process ID:		0x0
	Process Name:		-

Network Information:
	Workstation Name:	-
	Source Network Address:	fe80::90bc:164a:3228:565d
	Source Port:		61994

Detailed Authentication Information:
	Logon Process:		Kerberos
	Authentication Package:	Kerberos
	Transited Services:	-
	Package Name (NTLM only):	-
	Key Length:		0

This event is generated when a logon session is created. It is generated on the computer that was accessed.

The subject fields indicate the account on the local system which requested the logon. This is most commonly a service such as the Server service, or a local process such as Winlogon.exe or Services.exe.

The logon type field indicates the kind of logon that occurred. The most common types are 2 (interactive) and 3 (network).

The New Logon fields indicate the account for whom the new logon was created, i.e. the account that was logged on.

The network fields indicate where a remote logon request originated. Workstation name is not always available and may be left blank in some cases.

The impersonation level field indicates the extent to which a process in the logon session can impersonate.

The authentication information fields provide detailed information about this specific logon request.
	- Logon GUID is a unique identifier that can be used to correlate this event with a KDC event.
	- Transited services indicate which intermediate services have participated in this logon request.
	- Package name indicates which sub-protocol was used among the NTLM protocols.
	- Key length indicates the length of the generated session key. This will be 0 if no session key was requested."
Audit Success,7/28/2025 8:27:48 AM,Microsoft-Windows-Security-Auditing,4672,Special Logon,"Special privileges assigned to new logon.

Subject:
	Security ID:		SYSTEM
	Account Name:		WIN-I7RFJ5N1K9P$
	Account Domain:		FDM1
	Logon ID:		0x2FB082

Privileges:		SeSecurityPrivilege
			SeBackupPrivilege
			SeRestorePrivilege
			SeTakeOwnershipPrivilege
			SeDebugPrivilege
			SeSystemEnvironmentPrivilege
			SeLoadDriverPrivilege
			SeImpersonatePrivilege
			SeDelegateSessionUserImpersonatePrivilege
			SeEnableDelegationPrivilege"
Audit Success,7/28/2025 8:27:47 AM,Microsoft-Windows-Security-Auditing,4634,Logoff,"An account was logged off.

Subject:
	Security ID:		SYSTEM
	Account Name:		WIN-I7RFJ5N1K9P$
	Account Domain:		FDM1
	Logon ID:		0x2FAC05

Logon Type:			3

This event is generated when a logon session is destroyed. It may be positively correlated with a logon event using the Logon ID value. Logon IDs are only unique between reboots on the same computer."
Audit Success,7/28/2025 8:27:47 AM,Microsoft-Windows-Security-Auditing,4634,Logoff,"An account was logged off.

Subject:
	Security ID:		SYSTEM
	Account Name:		WIN-I7RFJ5N1K9P$
	Account Domain:		FDM1
	Logon ID:		0x2FAEAD

Logon Type:			3

This event is generated when a logon session is destroyed. It may be positively correlated with a logon event using the Logon ID value. Logon IDs are only unique between reboots on the same computer."
Audit Success,7/28/2025 8:27:47 AM,Microsoft-Windows-Security-Auditing,4624,Logon,"An account was successfully logged on.

Subject:
	Security ID:		NULL SID
	Account Name:		-
	Account Domain:		-
	Logon ID:		0x0

Logon Information:
	Logon Type:		3
	Restricted Admin Mode:	-
	Virtual Account:		No
	Elevated Token:		Yes

Impersonation Level:		Impersonation

New Logon:
	Security ID:		SYSTEM
	Account Name:		WIN-I7RFJ5N1K9P$
	Account Domain:		FDM1.LOCAL
	Logon ID:		0x2FAEAD
	Linked Logon ID:		0x0
	Network Account Name:	-
	Network Account Domain:	-
	Logon GUID:		{e7367b51-8366-ca69-6608-5543a5405bf6}

Process Information:
	Process ID:		0x0
	Process Name:		-

Network Information:
	Workstation Name:	-
	Source Network Address:	::1
	Source Port:		0

Detailed Authentication Information:
	Logon Process:		Kerberos
	Authentication Package:	Kerberos
	Transited Services:	-
	Package Name (NTLM only):	-
	Key Length:		0

This event is generated when a logon session is created. It is generated on the computer that was accessed.

The subject fields indicate the account on the local system which requested the logon. This is most commonly a service such as the Server service, or a local process such as Winlogon.exe or Services.exe.

The logon type field indicates the kind of logon that occurred. The most common types are 2 (interactive) and 3 (network).

The New Logon fields indicate the account for whom the new logon was created, i.e. the account that was logged on.

The network fields indicate where a remote logon request originated. Workstation name is not always available and may be left blank in some cases.

The impersonation level field indicates the extent to which a process in the logon session can impersonate.

The authentication information fields provide detailed information about this specific logon request.
	- Logon GUID is a unique identifier that can be used to correlate this event with a KDC event.
	- Transited services indicate which intermediate services have participated in this logon request.
	- Package name indicates which sub-protocol was used among the NTLM protocols.
	- Key length indicates the length of the generated session key. This will be 0 if no session key was requested."
Audit Success,7/28/2025 8:27:47 AM,Microsoft-Windows-Security-Auditing,4672,Special Logon,"Special privileges assigned to new logon.

Subject:
	Security ID:		SYSTEM
	Account Name:		WIN-I7RFJ5N1K9P$
	Account Domain:		FDM1
	Logon ID:		0x2FAEAD

Privileges:		SeSecurityPrivilege
			SeBackupPrivilege
			SeRestorePrivilege
			SeTakeOwnershipPrivilege
			SeDebugPrivilege
			SeSystemEnvironmentPrivilege
			SeLoadDriverPrivilege
			SeImpersonatePrivilege
			SeDelegateSessionUserImpersonatePrivilege
			SeEnableDelegationPrivilege"
Audit Success,7/28/2025 8:27:47 AM,Microsoft-Windows-Security-Auditing,4634,Logoff,"An account was logged off.

Subject:
	Security ID:		SYSTEM
	Account Name:		WIN-I7RFJ5N1K9P$
	Account Domain:		FDM1
	Logon ID:		0x2FAD5D

Logon Type:			3

This event is generated when a logon session is destroyed. It may be positively correlated with a logon event using the Logon ID value. Logon IDs are only unique between reboots on the same computer."
Audit Success,7/28/2025 8:27:47 AM,Microsoft-Windows-Security-Auditing,4634,Logoff,"An account was logged off.

Subject:
	Security ID:		SYSTEM
	Account Name:		WIN-I7RFJ5N1K9P$
	Account Domain:		FDM1
	Logon ID:		0x2FADAA

Logon Type:			3

This event is generated when a logon session is destroyed. It may be positively correlated with a logon event using the Logon ID value. Logon IDs are only unique between reboots on the same computer."
Audit Success,7/28/2025 8:27:47 AM,Microsoft-Windows-Security-Auditing,4624,Logon,"An account was successfully logged on.

Subject:
	Security ID:		NULL SID
	Account Name:		-
	Account Domain:		-
	Logon ID:		0x0

Logon Information:
	Logon Type:		3
	Restricted Admin Mode:	-
	Virtual Account:		No
	Elevated Token:		Yes

Impersonation Level:		Impersonation

New Logon:
	Security ID:		SYSTEM
	Account Name:		WIN-I7RFJ5N1K9P$
	Account Domain:		FDM1.LOCAL
	Logon ID:		0x2FADAA
	Linked Logon ID:		0x0
	Network Account Name:	-
	Network Account Domain:	-
	Logon GUID:		{5898ba4a-681f-1d5e-4ea2-d9f61575af1e}

Process Information:
	Process ID:		0x0
	Process Name:		-

Network Information:
	Workstation Name:	-
	Source Network Address:	192.168.0.101
	Source Port:		61992

Detailed Authentication Information:
	Logon Process:		Kerberos
	Authentication Package:	Kerberos
	Transited Services:	-
	Package Name (NTLM only):	-
	Key Length:		0

This event is generated when a logon session is created. It is generated on the computer that was accessed.

The subject fields indicate the account on the local system which requested the logon. This is most commonly a service such as the Server service, or a local process such as Winlogon.exe or Services.exe.

The logon type field indicates the kind of logon that occurred. The most common types are 2 (interactive) and 3 (network).

The New Logon fields indicate the account for whom the new logon was created, i.e. the account that was logged on.

The network fields indicate where a remote logon request originated. Workstation name is not always available and may be left blank in some cases.

The impersonation level field indicates the extent to which a process in the logon session can impersonate.

The authentication information fields provide detailed information about this specific logon request.
	- Logon GUID is a unique identifier that can be used to correlate this event with a KDC event.
	- Transited services indicate which intermediate services have participated in this logon request.
	- Package name indicates which sub-protocol was used among the NTLM protocols.
	- Key length indicates the length of the generated session key. This will be 0 if no session key was requested."
Audit Success,7/28/2025 8:27:47 AM,Microsoft-Windows-Security-Auditing,4672,Special Logon,"Special privileges assigned to new logon.

Subject:
	Security ID:		SYSTEM
	Account Name:		WIN-I7RFJ5N1K9P$
	Account Domain:		FDM1
	Logon ID:		0x2FADAA

Privileges:		SeSecurityPrivilege
			SeBackupPrivilege
			SeRestorePrivilege
			SeTakeOwnershipPrivilege
			SeDebugPrivilege
			SeSystemEnvironmentPrivilege
			SeLoadDriverPrivilege
			SeImpersonatePrivilege
			SeDelegateSessionUserImpersonatePrivilege
			SeEnableDelegationPrivilege"
Audit Success,7/28/2025 8:27:47 AM,Microsoft-Windows-Security-Auditing,4624,Logon,"An account was successfully logged on.

Subject:
	Security ID:		NULL SID
	Account Name:		-
	Account Domain:		-
	Logon ID:		0x0

Logon Information:
	Logon Type:		3
	Restricted Admin Mode:	-
	Virtual Account:		No
	Elevated Token:		Yes

Impersonation Level:		Impersonation

New Logon:
	Security ID:		SYSTEM
	Account Name:		WIN-I7RFJ5N1K9P$
	Account Domain:		FDM1.LOCAL
	Logon ID:		0x2FAD5D
	Linked Logon ID:		0x0
	Network Account Name:	-
	Network Account Domain:	-
	Logon GUID:		{e7367b51-8366-ca69-6608-5543a5405bf6}

Process Information:
	Process ID:		0x0
	Process Name:		-

Network Information:
	Workstation Name:	-
	Source Network Address:	::1
	Source Port:		0

Detailed Authentication Information:
	Logon Process:		Kerberos
	Authentication Package:	Kerberos
	Transited Services:	-
	Package Name (NTLM only):	-
	Key Length:		0

This event is generated when a logon session is created. It is generated on the computer that was accessed.

The subject fields indicate the account on the local system which requested the logon. This is most commonly a service such as the Server service, or a local process such as Winlogon.exe or Services.exe.

The logon type field indicates the kind of logon that occurred. The most common types are 2 (interactive) and 3 (network).

The New Logon fields indicate the account for whom the new logon was created, i.e. the account that was logged on.

The network fields indicate where a remote logon request originated. Workstation name is not always available and may be left blank in some cases.

The impersonation level field indicates the extent to which a process in the logon session can impersonate.

The authentication information fields provide detailed information about this specific logon request.
	- Logon GUID is a unique identifier that can be used to correlate this event with a KDC event.
	- Transited services indicate which intermediate services have participated in this logon request.
	- Package name indicates which sub-protocol was used among the NTLM protocols.
	- Key length indicates the length of the generated session key. This will be 0 if no session key was requested."
Audit Success,7/28/2025 8:27:47 AM,Microsoft-Windows-Security-Auditing,4672,Special Logon,"Special privileges assigned to new logon.

Subject:
	Security ID:		SYSTEM
	Account Name:		WIN-I7RFJ5N1K9P$
	Account Domain:		FDM1
	Logon ID:		0x2FAD5D

Privileges:		SeSecurityPrivilege
			SeBackupPrivilege
			SeRestorePrivilege
			SeTakeOwnershipPrivilege
			SeDebugPrivilege
			SeSystemEnvironmentPrivilege
			SeLoadDriverPrivilege
			SeImpersonatePrivilege
			SeDelegateSessionUserImpersonatePrivilege
			SeEnableDelegationPrivilege"
Audit Success,7/28/2025 8:27:47 AM,Microsoft-Windows-Security-Auditing,4624,Logon,"An account was successfully logged on.

Subject:
	Security ID:		NULL SID
	Account Name:		-
	Account Domain:		-
	Logon ID:		0x0

Logon Information:
	Logon Type:		3
	Restricted Admin Mode:	-
	Virtual Account:		No
	Elevated Token:		Yes

Impersonation Level:		Delegation

New Logon:
	Security ID:		SYSTEM
	Account Name:		WIN-I7RFJ5N1K9P$
	Account Domain:		FDM1.LOCAL
	Logon ID:		0x2FAC76
	Linked Logon ID:		0x0
	Network Account Name:	-
	Network Account Domain:	-
	Logon GUID:		{9c1409fe-8837-1d63-71ce-a1c687bffc0b}

Process Information:
	Process ID:		0x0
	Process Name:		-

Network Information:
	Workstation Name:	-
	Source Network Address:	fe80::90bc:164a:3228:565d
	Source Port:		61991

Detailed Authentication Information:
	Logon Process:		Kerberos
	Authentication Package:	Kerberos
	Transited Services:	-
	Package Name (NTLM only):	-
	Key Length:		0

This event is generated when a logon session is created. It is generated on the computer that was accessed.

The subject fields indicate the account on the local system which requested the logon. This is most commonly a service such as the Server service, or a local process such as Winlogon.exe or Services.exe.

The logon type field indicates the kind of logon that occurred. The most common types are 2 (interactive) and 3 (network).

The New Logon fields indicate the account for whom the new logon was created, i.e. the account that was logged on.

The network fields indicate where a remote logon request originated. Workstation name is not always available and may be left blank in some cases.

The impersonation level field indicates the extent to which a process in the logon session can impersonate.

The authentication information fields provide detailed information about this specific logon request.
	- Logon GUID is a unique identifier that can be used to correlate this event with a KDC event.
	- Transited services indicate which intermediate services have participated in this logon request.
	- Package name indicates which sub-protocol was used among the NTLM protocols.
	- Key length indicates the length of the generated session key. This will be 0 if no session key was requested."
Audit Success,7/28/2025 8:27:47 AM,Microsoft-Windows-Security-Auditing,4672,Special Logon,"Special privileges assigned to new logon.

Subject:
	Security ID:		SYSTEM
	Account Name:		WIN-I7RFJ5N1K9P$
	Account Domain:		FDM1
	Logon ID:		0x2FAC76

Privileges:		SeSecurityPrivilege
			SeBackupPrivilege
			SeRestorePrivilege
			SeTakeOwnershipPrivilege
			SeDebugPrivilege
			SeSystemEnvironmentPrivilege
			SeLoadDriverPrivilege
			SeImpersonatePrivilege
			SeDelegateSessionUserImpersonatePrivilege
			SeEnableDelegationPrivilege"
Audit Success,7/28/2025 8:27:47 AM,Microsoft-Windows-Security-Auditing,4624,Logon,"An account was successfully logged on.

Subject:
	Security ID:		NULL SID
	Account Name:		-
	Account Domain:		-
	Logon ID:		0x0

Logon Information:
	Logon Type:		3
	Restricted Admin Mode:	-
	Virtual Account:		No
	Elevated Token:		Yes

Impersonation Level:		Impersonation

New Logon:
	Security ID:		SYSTEM
	Account Name:		WIN-I7RFJ5N1K9P$
	Account Domain:		FDM1.LOCAL
	Logon ID:		0x2FAC05
	Linked Logon ID:		0x0
	Network Account Name:	-
	Network Account Domain:	-
	Logon GUID:		{5898ba4a-681f-1d5e-4ea2-d9f61575af1e}

Process Information:
	Process ID:		0x0
	Process Name:		-

Network Information:
	Workstation Name:	-
	Source Network Address:	fe80::90bc:164a:3228:565d
	Source Port:		61990

Detailed Authentication Information:
	Logon Process:		Kerberos
	Authentication Package:	Kerberos
	Transited Services:	-
	Package Name (NTLM only):	-
	Key Length:		0

This event is generated when a logon session is created. It is generated on the computer that was accessed.

The subject fields indicate the account on the local system which requested the logon. This is most commonly a service such as the Server service, or a local process such as Winlogon.exe or Services.exe.

The logon type field indicates the kind of logon that occurred. The most common types are 2 (interactive) and 3 (network).

The New Logon fields indicate the account for whom the new logon was created, i.e. the account that was logged on.

The network fields indicate where a remote logon request originated. Workstation name is not always available and may be left blank in some cases.

The impersonation level field indicates the extent to which a process in the logon session can impersonate.

The authentication information fields provide detailed information about this specific logon request.
	- Logon GUID is a unique identifier that can be used to correlate this event with a KDC event.
	- Transited services indicate which intermediate services have participated in this logon request.
	- Package name indicates which sub-protocol was used among the NTLM protocols.
	- Key length indicates the length of the generated session key. This will be 0 if no session key was requested."
Audit Success,7/28/2025 8:27:47 AM,Microsoft-Windows-Security-Auditing,4672,Special Logon,"Special privileges assigned to new logon.

Subject:
	Security ID:		SYSTEM
	Account Name:		WIN-I7RFJ5N1K9P$
	Account Domain:		FDM1
	Logon ID:		0x2FAC05

Privileges:		SeSecurityPrivilege
			SeBackupPrivilege
			SeRestorePrivilege
			SeTakeOwnershipPrivilege
			SeDebugPrivilege
			SeSystemEnvironmentPrivilege
			SeLoadDriverPrivilege
			SeImpersonatePrivilege
			SeDelegateSessionUserImpersonatePrivilege
			SeEnableDelegationPrivilege"
Audit Success,7/28/2025 8:27:43 AM,Microsoft-Windows-Security-Auditing,4634,Logoff,"An account was logged off.

Subject:
	Security ID:		SYSTEM
	Account Name:		WIN-I7RFJ5N1K9P$
	Account Domain:		FDM1
	Logon ID:		0x2FAB2B

Logon Type:			3

This event is generated when a logon session is destroyed. It may be positively correlated with a logon event using the Logon ID value. Logon IDs are only unique between reboots on the same computer."
Audit Success,7/28/2025 8:27:43 AM,Microsoft-Windows-Security-Auditing,4624,Logon,"An account was successfully logged on.

Subject:
	Security ID:		NULL SID
	Account Name:		-
	Account Domain:		-
	Logon ID:		0x0

Logon Information:
	Logon Type:		3
	Restricted Admin Mode:	-
	Virtual Account:		No
	Elevated Token:		Yes

Impersonation Level:		Impersonation

New Logon:
	Security ID:		SYSTEM
	Account Name:		WIN-I7RFJ5N1K9P$
	Account Domain:		FDM1.LOCAL
	Logon ID:		0x2FAB2B
	Linked Logon ID:		0x0
	Network Account Name:	-
	Network Account Domain:	-
	Logon GUID:		{67db4acf-a662-73b0-f233-97baf9c7bc12}

Process Information:
	Process ID:		0x0
	Process Name:		-

Network Information:
	Workstation Name:	-
	Source Network Address:	::1
	Source Port:		61989

Detailed Authentication Information:
	Logon Process:		Kerberos
	Authentication Package:	Kerberos
	Transited Services:	-
	Package Name (NTLM only):	-
	Key Length:		0

This event is generated when a logon session is created. It is generated on the computer that was accessed.

The subject fields indicate the account on the local system which requested the logon. This is most commonly a service such as the Server service, or a local process such as Winlogon.exe or Services.exe.

The logon type field indicates the kind of logon that occurred. The most common types are 2 (interactive) and 3 (network).

The New Logon fields indicate the account for whom the new logon was created, i.e. the account that was logged on.

The network fields indicate where a remote logon request originated. Workstation name is not always available and may be left blank in some cases.

The impersonation level field indicates the extent to which a process in the logon session can impersonate.

The authentication information fields provide detailed information about this specific logon request.
	- Logon GUID is a unique identifier that can be used to correlate this event with a KDC event.
	- Transited services indicate which intermediate services have participated in this logon request.
	- Package name indicates which sub-protocol was used among the NTLM protocols.
	- Key length indicates the length of the generated session key. This will be 0 if no session key was requested."
Audit Success,7/28/2025 8:27:43 AM,Microsoft-Windows-Security-Auditing,4672,Special Logon,"Special privileges assigned to new logon.

Subject:
	Security ID:		SYSTEM
	Account Name:		WIN-I7RFJ5N1K9P$
	Account Domain:		FDM1
	Logon ID:		0x2FAB2B

Privileges:		SeSecurityPrivilege
			SeBackupPrivilege
			SeRestorePrivilege
			SeTakeOwnershipPrivilege
			SeDebugPrivilege
			SeSystemEnvironmentPrivilege
			SeLoadDriverPrivilege
			SeImpersonatePrivilege
			SeDelegateSessionUserImpersonatePrivilege
			SeEnableDelegationPrivilege"
Audit Success,7/28/2025 8:26:43 AM,Microsoft-Windows-Security-Auditing,4634,Logoff,"An account was logged off.

Subject:
	Security ID:		SYSTEM
	Account Name:		WIN-I7RFJ5N1K9P$
	Account Domain:		FDM1
	Logon ID:		0x2F93E1

Logon Type:			3

This event is generated when a logon session is destroyed. It may be positively correlated with a logon event using the Logon ID value. Logon IDs are only unique between reboots on the same computer."
Audit Success,7/28/2025 8:26:43 AM,Microsoft-Windows-Security-Auditing,4624,Logon,"An account was successfully logged on.

Subject:
	Security ID:		NULL SID
	Account Name:		-
	Account Domain:		-
	Logon ID:		0x0

Logon Information:
	Logon Type:		3
	Restricted Admin Mode:	-
	Virtual Account:		No
	Elevated Token:		Yes

Impersonation Level:		Impersonation

New Logon:
	Security ID:		SYSTEM
	Account Name:		WIN-I7RFJ5N1K9P$
	Account Domain:		FDM1.LOCAL
	Logon ID:		0x2F93E1
	Linked Logon ID:		0x0
	Network Account Name:	-
	Network Account Domain:	-
	Logon GUID:		{67db4acf-a662-73b0-f233-97baf9c7bc12}

Process Information:
	Process ID:		0x0
	Process Name:		-

Network Information:
	Workstation Name:	-
	Source Network Address:	::1
	Source Port:		61988

Detailed Authentication Information:
	Logon Process:		Kerberos
	Authentication Package:	Kerberos
	Transited Services:	-
	Package Name (NTLM only):	-
	Key Length:		0

This event is generated when a logon session is created. It is generated on the computer that was accessed.

The subject fields indicate the account on the local system which requested the logon. This is most commonly a service such as the Server service, or a local process such as Winlogon.exe or Services.exe.

The logon type field indicates the kind of logon that occurred. The most common types are 2 (interactive) and 3 (network).

The New Logon fields indicate the account for whom the new logon was created, i.e. the account that was logged on.

The network fields indicate where a remote logon request originated. Workstation name is not always available and may be left blank in some cases.

The impersonation level field indicates the extent to which a process in the logon session can impersonate.

The authentication information fields provide detailed information about this specific logon request.
	- Logon GUID is a unique identifier that can be used to correlate this event with a KDC event.
	- Transited services indicate which intermediate services have participated in this logon request.
	- Package name indicates which sub-protocol was used among the NTLM protocols.
	- Key length indicates the length of the generated session key. This will be 0 if no session key was requested."
Audit Success,7/28/2025 8:26:43 AM,Microsoft-Windows-Security-Auditing,4672,Special Logon,"Special privileges assigned to new logon.

Subject:
	Security ID:		SYSTEM
	Account Name:		WIN-I7RFJ5N1K9P$
	Account Domain:		FDM1
	Logon ID:		0x2F93E1

Privileges:		SeSecurityPrivilege
			SeBackupPrivilege
			SeRestorePrivilege
			SeTakeOwnershipPrivilege
			SeDebugPrivilege
			SeSystemEnvironmentPrivilege
			SeLoadDriverPrivilege
			SeImpersonatePrivilege
			SeDelegateSessionUserImpersonatePrivilege
			SeEnableDelegationPrivilege"
Audit Success,7/28/2025 8:26:21 AM,Microsoft-Windows-Security-Auditing,4634,Logoff,"An account was logged off.

Subject:
	Security ID:		SYSTEM
	Account Name:		WIN-I7RFJ5N1K9P$
	Account Domain:		FDM1
	Logon ID:		0x2F82E5

Logon Type:			3

This event is generated when a logon session is destroyed. It may be positively correlated with a logon event using the Logon ID value. Logon IDs are only unique between reboots on the same computer."
Audit Success,7/28/2025 8:26:09 AM,Microsoft-Windows-Security-Auditing,4624,Logon,"An account was successfully logged on.

Subject:
	Security ID:		NULL SID
	Account Name:		-
	Account Domain:		-
	Logon ID:		0x0

Logon Information:
	Logon Type:		3
	Restricted Admin Mode:	-
	Virtual Account:		No
	Elevated Token:		Yes

Impersonation Level:		Delegation

New Logon:
	Security ID:		SYSTEM
	Account Name:		WIN-I7RFJ5N1K9P$
	Account Domain:		FDM1.LOCAL
	Logon ID:		0x2F82E5
	Linked Logon ID:		0x0
	Network Account Name:	-
	Network Account Domain:	-
	Logon GUID:		{4ff3e63c-f3c2-2731-633f-6a3b85b921f6}

Process Information:
	Process ID:		0x0
	Process Name:		-

Network Information:
	Workstation Name:	-
	Source Network Address:	fe80::90bc:164a:3228:565d
	Source Port:		61987

Detailed Authentication Information:
	Logon Process:		Kerberos
	Authentication Package:	Kerberos
	Transited Services:	-
	Package Name (NTLM only):	-
	Key Length:		0

This event is generated when a logon session is created. It is generated on the computer that was accessed.

The subject fields indicate the account on the local system which requested the logon. This is most commonly a service such as the Server service, or a local process such as Winlogon.exe or Services.exe.

The logon type field indicates the kind of logon that occurred. The most common types are 2 (interactive) and 3 (network).

The New Logon fields indicate the account for whom the new logon was created, i.e. the account that was logged on.

The network fields indicate where a remote logon request originated. Workstation name is not always available and may be left blank in some cases.

The impersonation level field indicates the extent to which a process in the logon session can impersonate.

The authentication information fields provide detailed information about this specific logon request.
	- Logon GUID is a unique identifier that can be used to correlate this event with a KDC event.
	- Transited services indicate which intermediate services have participated in this logon request.
	- Package name indicates which sub-protocol was used among the NTLM protocols.
	- Key length indicates the length of the generated session key. This will be 0 if no session key was requested."
Audit Success,7/28/2025 8:26:09 AM,Microsoft-Windows-Security-Auditing,4672,Special Logon,"Special privileges assigned to new logon.

Subject:
	Security ID:		SYSTEM
	Account Name:		WIN-I7RFJ5N1K9P$
	Account Domain:		FDM1
	Logon ID:		0x2F82E5

Privileges:		SeSecurityPrivilege
			SeBackupPrivilege
			SeRestorePrivilege
			SeTakeOwnershipPrivilege
			SeDebugPrivilege
			SeSystemEnvironmentPrivilege
			SeLoadDriverPrivilege
			SeImpersonatePrivilege
			SeDelegateSessionUserImpersonatePrivilege
			SeEnableDelegationPrivilege"
Audit Success,7/28/2025 8:25:43 AM,Microsoft-Windows-Security-Auditing,4634,Logoff,"An account was logged off.

Subject:
	Security ID:		SYSTEM
	Account Name:		WIN-I7RFJ5N1K9P$
	Account Domain:		FDM1
	Logon ID:		0x2F7BB8

Logon Type:			3

This event is generated when a logon session is destroyed. It may be positively correlated with a logon event using the Logon ID value. Logon IDs are only unique between reboots on the same computer."
Audit Success,7/28/2025 8:25:43 AM,Microsoft-Windows-Security-Auditing,4624,Logon,"An account was successfully logged on.

Subject:
	Security ID:		NULL SID
	Account Name:		-
	Account Domain:		-
	Logon ID:		0x0

Logon Information:
	Logon Type:		3
	Restricted Admin Mode:	-
	Virtual Account:		No
	Elevated Token:		Yes

Impersonation Level:		Impersonation

New Logon:
	Security ID:		SYSTEM
	Account Name:		WIN-I7RFJ5N1K9P$
	Account Domain:		FDM1.LOCAL
	Logon ID:		0x2F7BB8
	Linked Logon ID:		0x0
	Network Account Name:	-
	Network Account Domain:	-
	Logon GUID:		{67db4acf-a662-73b0-f233-97baf9c7bc12}

Process Information:
	Process ID:		0x0
	Process Name:		-

Network Information:
	Workstation Name:	-
	Source Network Address:	::1
	Source Port:		61986

Detailed Authentication Information:
	Logon Process:		Kerberos
	Authentication Package:	Kerberos
	Transited Services:	-
	Package Name (NTLM only):	-
	Key Length:		0

This event is generated when a logon session is created. It is generated on the computer that was accessed.

The subject fields indicate the account on the local system which requested the logon. This is most commonly a service such as the Server service, or a local process such as Winlogon.exe or Services.exe.

The logon type field indicates the kind of logon that occurred. The most common types are 2 (interactive) and 3 (network).

The New Logon fields indicate the account for whom the new logon was created, i.e. the account that was logged on.

The network fields indicate where a remote logon request originated. Workstation name is not always available and may be left blank in some cases.

The impersonation level field indicates the extent to which a process in the logon session can impersonate.

The authentication information fields provide detailed information about this specific logon request.
	- Logon GUID is a unique identifier that can be used to correlate this event with a KDC event.
	- Transited services indicate which intermediate services have participated in this logon request.
	- Package name indicates which sub-protocol was used among the NTLM protocols.
	- Key length indicates the length of the generated session key. This will be 0 if no session key was requested."
Audit Success,7/28/2025 8:25:43 AM,Microsoft-Windows-Security-Auditing,4672,Special Logon,"Special privileges assigned to new logon.

Subject:
	Security ID:		SYSTEM
	Account Name:		WIN-I7RFJ5N1K9P$
	Account Domain:		FDM1
	Logon ID:		0x2F7BB8

Privileges:		SeSecurityPrivilege
			SeBackupPrivilege
			SeRestorePrivilege
			SeTakeOwnershipPrivilege
			SeDebugPrivilege
			SeSystemEnvironmentPrivilege
			SeLoadDriverPrivilege
			SeImpersonatePrivilege
			SeDelegateSessionUserImpersonatePrivilege
			SeEnableDelegationPrivilege"
Audit Success,7/28/2025 8:24:43 AM,Microsoft-Windows-Security-Auditing,4634,Logoff,"An account was logged off.

Subject:
	Security ID:		SYSTEM
	Account Name:		WIN-I7RFJ5N1K9P$
	Account Domain:		FDM1
	Logon ID:		0x2F61AB

Logon Type:			3

This event is generated when a logon session is destroyed. It may be positively correlated with a logon event using the Logon ID value. Logon IDs are only unique between reboots on the same computer."
Audit Success,7/28/2025 8:24:43 AM,Microsoft-Windows-Security-Auditing,4624,Logon,"An account was successfully logged on.

Subject:
	Security ID:		NULL SID
	Account Name:		-
	Account Domain:		-
	Logon ID:		0x0

Logon Information:
	Logon Type:		3
	Restricted Admin Mode:	-
	Virtual Account:		No
	Elevated Token:		Yes

Impersonation Level:		Impersonation

New Logon:
	Security ID:		SYSTEM
	Account Name:		WIN-I7RFJ5N1K9P$
	Account Domain:		FDM1.LOCAL
	Logon ID:		0x2F61AB
	Linked Logon ID:		0x0
	Network Account Name:	-
	Network Account Domain:	-
	Logon GUID:		{67db4acf-a662-73b0-f233-97baf9c7bc12}

Process Information:
	Process ID:		0x0
	Process Name:		-

Network Information:
	Workstation Name:	-
	Source Network Address:	::1
	Source Port:		61985

Detailed Authentication Information:
	Logon Process:		Kerberos
	Authentication Package:	Kerberos
	Transited Services:	-
	Package Name (NTLM only):	-
	Key Length:		0

This event is generated when a logon session is created. It is generated on the computer that was accessed.

The subject fields indicate the account on the local system which requested the logon. This is most commonly a service such as the Server service, or a local process such as Winlogon.exe or Services.exe.

The logon type field indicates the kind of logon that occurred. The most common types are 2 (interactive) and 3 (network).

The New Logon fields indicate the account for whom the new logon was created, i.e. the account that was logged on.

The network fields indicate where a remote logon request originated. Workstation name is not always available and may be left blank in some cases.

The impersonation level field indicates the extent to which a process in the logon session can impersonate.

The authentication information fields provide detailed information about this specific logon request.
	- Logon GUID is a unique identifier that can be used to correlate this event with a KDC event.
	- Transited services indicate which intermediate services have participated in this logon request.
	- Package name indicates which sub-protocol was used among the NTLM protocols.
	- Key length indicates the length of the generated session key. This will be 0 if no session key was requested."
Audit Success,7/28/2025 8:24:43 AM,Microsoft-Windows-Security-Auditing,4672,Special Logon,"Special privileges assigned to new logon.

Subject:
	Security ID:		SYSTEM
	Account Name:		WIN-I7RFJ5N1K9P$
	Account Domain:		FDM1
	Logon ID:		0x2F61AB

Privileges:		SeSecurityPrivilege
			SeBackupPrivilege
			SeRestorePrivilege
			SeTakeOwnershipPrivilege
			SeDebugPrivilege
			SeSystemEnvironmentPrivilege
			SeLoadDriverPrivilege
			SeImpersonatePrivilege
			SeDelegateSessionUserImpersonatePrivilege
			SeEnableDelegationPrivilege"
Audit Success,7/28/2025 8:24:36 AM,Microsoft-Windows-Security-Auditing,4634,Logoff,"An account was logged off.

Subject:
	Security ID:		FDM1\WIN-01LG7U48TT2$
	Account Name:		WIN-01LG7U48TT2$
	Account Domain:		FDM1
	Logon ID:		0x2320FD

Logon Type:			3

This event is generated when a logon session is destroyed. It may be positively correlated with a logon event using the Logon ID value. Logon IDs are only unique between reboots on the same computer."
Audit Success,7/28/2025 8:24:18 AM,Microsoft-Windows-Security-Auditing,4634,Logoff,"An account was logged off.

Subject:
	Security ID:		SYSTEM
	Account Name:		WIN-I7RFJ5N1K9P$
	Account Domain:		FDM1
	Logon ID:		0x2E54E8

Logon Type:			3

This event is generated when a logon session is destroyed. It may be positively correlated with a logon event using the Logon ID value. Logon IDs are only unique between reboots on the same computer."
Audit Success,7/28/2025 8:23:43 AM,Microsoft-Windows-Security-Auditing,4634,Logoff,"An account was logged off.

Subject:
	Security ID:		SYSTEM
	Account Name:		WIN-I7RFJ5N1K9P$
	Account Domain:		FDM1
	Logon ID:		0x2EAD88

Logon Type:			3

This event is generated when a logon session is destroyed. It may be positively correlated with a logon event using the Logon ID value. Logon IDs are only unique between reboots on the same computer."
Audit Success,7/28/2025 8:23:43 AM,Microsoft-Windows-Security-Auditing,4624,Logon,"An account was successfully logged on.

Subject:
	Security ID:		NULL SID
	Account Name:		-
	Account Domain:		-
	Logon ID:		0x0

Logon Information:
	Logon Type:		3
	Restricted Admin Mode:	-
	Virtual Account:		No
	Elevated Token:		Yes

Impersonation Level:		Impersonation

New Logon:
	Security ID:		SYSTEM
	Account Name:		WIN-I7RFJ5N1K9P$
	Account Domain:		FDM1.LOCAL
	Logon ID:		0x2EAD88
	Linked Logon ID:		0x0
	Network Account Name:	-
	Network Account Domain:	-
	Logon GUID:		{67db4acf-a662-73b0-f233-97baf9c7bc12}

Process Information:
	Process ID:		0x0
	Process Name:		-

Network Information:
	Workstation Name:	-
	Source Network Address:	::1
	Source Port:		61984

Detailed Authentication Information:
	Logon Process:		Kerberos
	Authentication Package:	Kerberos
	Transited Services:	-
	Package Name (NTLM only):	-
	Key Length:		0

This event is generated when a logon session is created. It is generated on the computer that was accessed.

The subject fields indicate the account on the local system which requested the logon. This is most commonly a service such as the Server service, or a local process such as Winlogon.exe or Services.exe.

The logon type field indicates the kind of logon that occurred. The most common types are 2 (interactive) and 3 (network).

The New Logon fields indicate the account for whom the new logon was created, i.e. the account that was logged on.

The network fields indicate where a remote logon request originated. Workstation name is not always available and may be left blank in some cases.

The impersonation level field indicates the extent to which a process in the logon session can impersonate.

The authentication information fields provide detailed information about this specific logon request.
	- Logon GUID is a unique identifier that can be used to correlate this event with a KDC event.
	- Transited services indicate which intermediate services have participated in this logon request.
	- Package name indicates which sub-protocol was used among the NTLM protocols.
	- Key length indicates the length of the generated session key. This will be 0 if no session key was requested."
Audit Success,7/28/2025 8:23:43 AM,Microsoft-Windows-Security-Auditing,4672,Special Logon,"Special privileges assigned to new logon.

Subject:
	Security ID:		SYSTEM
	Account Name:		WIN-I7RFJ5N1K9P$
	Account Domain:		FDM1
	Logon ID:		0x2EAD88

Privileges:		SeSecurityPrivilege
			SeBackupPrivilege
			SeRestorePrivilege
			SeTakeOwnershipPrivilege
			SeDebugPrivilege
			SeSystemEnvironmentPrivilege
			SeLoadDriverPrivilege
			SeImpersonatePrivilege
			SeDelegateSessionUserImpersonatePrivilege
			SeEnableDelegationPrivilege"
Audit Success,7/28/2025 8:23:17 AM,Microsoft-Windows-Security-Auditing,4634,Logoff,"An account was logged off.

Subject:
	Security ID:		SYSTEM
	Account Name:		WIN-I7RFJ5N1K9P$
	Account Domain:		FDM1
	Logon ID:		0x2D7DC3

Logon Type:			3

This event is generated when a logon session is destroyed. It may be positively correlated with a logon event using the Logon ID value. Logon IDs are only unique between reboots on the same computer."
Audit Success,7/28/2025 8:22:57 AM,Microsoft-Windows-Security-Auditing,4634,Logoff,"An account was logged off.

Subject:
	Security ID:		SYSTEM
	Account Name:		WIN-I7RFJ5N1K9P$
	Account Domain:		FDM1
	Logon ID:		0x2E55BD

Logon Type:			3

This event is generated when a logon session is destroyed. It may be positively correlated with a logon event using the Logon ID value. Logon IDs are only unique between reboots on the same computer."
Audit Success,7/28/2025 8:22:55 AM,Microsoft-Windows-Security-Auditing,4634,Logoff,"An account was logged off.

Subject:
	Security ID:		SYSTEM
	Account Name:		WIN-I7RFJ5N1K9P$
	Account Domain:		FDM1
	Logon ID:		0x2E8F59

Logon Type:			3

This event is generated when a logon session is destroyed. It may be positively correlated with a logon event using the Logon ID value. Logon IDs are only unique between reboots on the same computer."
