Audit Success,7/28/2025 8:54:27 AM,Microsoft-Windows-Security-Auditing,5061,System Integrity,"Cryptographic operation.

Subject:
	Security ID:		FDM1\Administrator
	Account Name:		Administrator
	Account Domain:		FDM1
	Logon ID:		0x41CC8

Cryptographic Parameters:
	Provider Name:	Microsoft Software Key Storage Provider
	Algorithm Name:	ECDSA_P256
	Key Name:	Microsoft Connected Devices Platform device certificate
	Key Type:	User key.

Cryptographic Operation:
	Operation:	Open Key.
	Return Code:	0x0"
Audit Success,7/28/2025 8:54:27 AM,Microsoft-Windows-Security-Auditing,5058,Other System Events,"Key file operation.

Subject:
	Security ID:		FDM1\Administrator
	Account Name:		Administrator
	Account Domain:		FDM1
	Logon ID:		0x41CC8

Process Information:
	Process ID:		3680
	Process Creation Time:	‎2025‎-‎07‎-‎28T15:54:25.158760400Z

Cryptographic Parameters:
	Provider Name:	Microsoft Software Key Storage Provider
	Algorithm Name:	UNKNOWN
	Key Name:	Microsoft Connected Devices Platform device certificate
	Key Type:	User key.

Key File Operation Information:
	File Path:	C:\Users\Administrator\AppData\Roaming\Microsoft\Crypto\Keys\de7cf8a7901d2ad13e5c67c29e5d1662_3b5e404c-abc7-48ab-960e-9b097d5a88e7
	Operation:	Read persisted key from file.
	Return Code:	0x0"
Audit Success,7/28/2025 8:54:24 AM,Microsoft-Windows-Security-Auditing,4634,Logoff,"An account was logged off.

Subject:
	Security ID:		SYSTEM
	Account Name:		WIN-I7RFJ5N1K9P$
	Account Domain:		FDM1
	Logon ID:		0x424D5

Logon Type:			3

This event is generated when a logon session is destroyed. It may be positively correlated with a logon event using the Logon ID value. Logon IDs are only unique between reboots on the same computer."
Audit Success,7/28/2025 8:54:24 AM,Microsoft-Windows-Security-Auditing,4624,Logon,"An account was successfully logged on.

Subject:
	Security ID:		NULL SID
	Account Name:		-
	Account Domain:		-
	Logon ID:		0x0

Logon Information:
	Logon Type:		3
	Restricted Admin Mode:	-
	Virtual Account:		No
	Elevated Token:		Yes

Impersonation Level:		Impersonation

New Logon:
	Security ID:		SYSTEM
	Account Name:		WIN-I7RFJ5N1K9P$
	Account Domain:		FDM1.LOCAL
	Logon ID:		0x424D5
	Linked Logon ID:		0x0
	Network Account Name:	-
	Network Account Domain:	-
	Logon GUID:		{2a5b9f6d-d714-a377-28d4-f7a2725b377c}

Process Information:
	Process ID:		0x0
	Process Name:		-

Network Information:
	Workstation Name:	-
	Source Network Address:	fe80::90bc:164a:3228:565d
	Source Port:		52679

Detailed Authentication Information:
	Logon Process:		Kerberos
	Authentication Package:	Kerberos
	Transited Services:	-
	Package Name (NTLM only):	-
	Key Length:		0

This event is generated when a logon session is created. It is generated on the computer that was accessed.

The subject fields indicate the account on the local system which requested the logon. This is most commonly a service such as the Server service, or a local process such as Winlogon.exe or Services.exe.

The logon type field indicates the kind of logon that occurred. The most common types are 2 (interactive) and 3 (network).

The New Logon fields indicate the account for whom the new logon was created, i.e. the account that was logged on.

The network fields indicate where a remote logon request originated. Workstation name is not always available and may be left blank in some cases.

The impersonation level field indicates the extent to which a process in the logon session can impersonate.

The authentication information fields provide detailed information about this specific logon request.
	- Logon GUID is a unique identifier that can be used to correlate this event with a KDC event.
	- Transited services indicate which intermediate services have participated in this logon request.
	- Package name indicates which sub-protocol was used among the NTLM protocols.
	- Key length indicates the length of the generated session key. This will be 0 if no session key was requested."
Audit Success,7/28/2025 8:54:24 AM,Microsoft-Windows-Security-Auditing,4672,Special Logon,"Special privileges assigned to new logon.

Subject:
	Security ID:		SYSTEM
	Account Name:		WIN-I7RFJ5N1K9P$
	Account Domain:		FDM1
	Logon ID:		0x424D5

Privileges:		SeSecurityPrivilege
			SeBackupPrivilege
			SeRestorePrivilege
			SeTakeOwnershipPrivilege
			SeDebugPrivilege
			SeSystemEnvironmentPrivilege
			SeLoadDriverPrivilege
			SeImpersonatePrivilege
			SeDelegateSessionUserImpersonatePrivilege
			SeEnableDelegationPrivilege"
Audit Success,7/28/2025 8:54:24 AM,Microsoft-Windows-Security-Auditing,4799,Security Group Management,"A security-enabled local group membership was enumerated.

Subject:
	Security ID:		SYSTEM
	Account Name:		WIN-I7RFJ5N1K9P$
	Account Domain:		FDM1
	Logon ID:		0x3E7

Group:
	Security ID:		BUILTIN\Administrators
	Group Name:		Administrators
	Group Domain:		Builtin

Process Information:
	Process ID:		0x368
	Process Name:		C:\Windows\System32\svchost.exe"
Audit Success,7/28/2025 8:54:24 AM,Microsoft-Windows-Security-Auditing,4672,Special Logon,"Special privileges assigned to new logon.

Subject:
	Security ID:		FDM1\Administrator
	Account Name:		Administrator
	Account Domain:		FDM1
	Logon ID:		0x41CC8

Privileges:		SeSecurityPrivilege
			SeTakeOwnershipPrivilege
			SeLoadDriverPrivilege
			SeBackupPrivilege
			SeRestorePrivilege
			SeDebugPrivilege
			SeSystemEnvironmentPrivilege
			SeEnableDelegationPrivilege
			SeImpersonatePrivilege
			SeDelegateSessionUserImpersonatePrivilege"
Audit Success,7/28/2025 8:54:24 AM,Microsoft-Windows-Security-Auditing,4624,Logon,"An account was successfully logged on.

Subject:
	Security ID:		SYSTEM
	Account Name:		WIN-I7RFJ5N1K9P$
	Account Domain:		FDM1
	Logon ID:		0x3E7

Logon Information:
	Logon Type:		2
	Restricted Admin Mode:	-
	Virtual Account:		No
	Elevated Token:		Yes

Impersonation Level:		Impersonation

New Logon:
	Security ID:		FDM1\Administrator
	Account Name:		Administrator
	Account Domain:		FDM1
	Logon ID:		0x41CC8
	Linked Logon ID:		0x0
	Network Account Name:	-
	Network Account Domain:	-
	Logon GUID:		{146addcf-061c-2c2b-b721-84a72e64d10d}

Process Information:
	Process ID:		0x368
	Process Name:		C:\Windows\System32\svchost.exe

Network Information:
	Workstation Name:	WIN-I7RFJ5N1K9P
	Source Network Address:	127.0.0.1
	Source Port:		0

Detailed Authentication Information:
	Logon Process:		User32 
	Authentication Package:	Negotiate
	Transited Services:	-
	Package Name (NTLM only):	-
	Key Length:		0

This event is generated when a logon session is created. It is generated on the computer that was accessed.

The subject fields indicate the account on the local system which requested the logon. This is most commonly a service such as the Server service, or a local process such as Winlogon.exe or Services.exe.

The logon type field indicates the kind of logon that occurred. The most common types are 2 (interactive) and 3 (network).

The New Logon fields indicate the account for whom the new logon was created, i.e. the account that was logged on.

The network fields indicate where a remote logon request originated. Workstation name is not always available and may be left blank in some cases.

The impersonation level field indicates the extent to which a process in the logon session can impersonate.

The authentication information fields provide detailed information about this specific logon request.
	- Logon GUID is a unique identifier that can be used to correlate this event with a KDC event.
	- Transited services indicate which intermediate services have participated in this logon request.
	- Package name indicates which sub-protocol was used among the NTLM protocols.
	- Key length indicates the length of the generated session key. This will be 0 if no session key was requested."
Audit Success,7/28/2025 8:54:24 AM,Microsoft-Windows-Security-Auditing,4648,Logon,"A logon was attempted using explicit credentials.

Subject:
	Security ID:		SYSTEM
	Account Name:		WIN-I7RFJ5N1K9P$
	Account Domain:		FDM1
	Logon ID:		0x3E7
	Logon GUID:		{00000000-0000-0000-0000-000000000000}

Account Whose Credentials Were Used:
	Account Name:		Administrator
	Account Domain:		FDM1
	Logon GUID:		{146addcf-061c-2c2b-b721-84a72e64d10d}

Target Server:
	Target Server Name:	localhost
	Additional Information:	localhost

Process Information:
	Process ID:		0x368
	Process Name:		C:\Windows\System32\svchost.exe

Network Information:
	Network Address:	127.0.0.1
	Port:			0

This event is generated when a process attempts to log on an account by explicitly specifying that account’s credentials.  This most commonly occurs in batch-type configurations such as scheduled tasks, or when using the RUNAS command."
Audit Success,7/28/2025 8:54:24 AM,Microsoft-Windows-Security-Auditing,4769,Kerberos Service Ticket Operations,"A Kerberos service ticket was requested.

Account Information:
	Account Name:		Administrator@FDM1.LOCAL
	Account Domain:		FDM1.LOCAL
	Logon GUID:		{146addcf-061c-2c2b-b721-84a72e64d10d}

Service Information:
	Service Name:		WIN-I7RFJ5N1K9P$
	Service ID:		FDM1\WIN-I7RFJ5N1K9P$

Network Information:
	Client Address:		::1
	Client Port:		0

Additional Information:
	Ticket Options:		0x40810000
	Ticket Encryption Type:	0x12
	Failure Code:		0x0
	Transited Services:	-

This event is generated every time access is requested to a resource such as a computer or a Windows service.  The service name indicates the resource to which access was requested.

This event can be correlated with Windows logon events by comparing the Logon GUID fields in each event.  The logon event occurs on the machine that was accessed, which is often a different machine than the domain controller which issued the service ticket.

Ticket options, encryption types, and failure codes are defined in RFC 4120."
Audit Success,7/28/2025 8:54:24 AM,Microsoft-Windows-Security-Auditing,4768,Kerberos Authentication Service,"A Kerberos authentication ticket (TGT) was requested.

Account Information:
	Account Name:		Administrator
	Supplied Realm Name:	FDM1
	User ID:			FDM1\Administrator

Service Information:
	Service Name:		krbtgt
	Service ID:		FDM1\krbtgt

Network Information:
	Client Address:		::1
	Client Port:		0

Additional Information:
	Ticket Options:		0x40810010
	Result Code:		0x0
	Ticket Encryption Type:	0x12
	Pre-Authentication Type:	2

Certificate Information:
	Certificate Issuer Name:		
	Certificate Serial Number:	
	Certificate Thumbprint:		

Certificate information is only provided if a certificate was used for pre-authentication.

Pre-authentication types, ticket options, encryption types and result codes are defined in RFC 4120."
Audit Success,7/28/2025 8:54:24 AM,Microsoft-Windows-Security-Auditing,4634,Logoff,"An account was logged off.

Subject:
	Security ID:		SYSTEM
	Account Name:		WIN-I7RFJ5N1K9P$
	Account Domain:		FDM1
	Logon ID:		0x3F874

Logon Type:			3

This event is generated when a logon session is destroyed. It may be positively correlated with a logon event using the Logon ID value. Logon IDs are only unique between reboots on the same computer."
Audit Success,7/28/2025 8:54:15 AM,Microsoft-Windows-Security-Auditing,4624,Logon,"An account was successfully logged on.

Subject:
	Security ID:		NULL SID
	Account Name:		-
	Account Domain:		-
	Logon ID:		0x0

Logon Information:
	Logon Type:		3
	Restricted Admin Mode:	-
	Virtual Account:		No
	Elevated Token:		Yes

Impersonation Level:		Impersonation

New Logon:
	Security ID:		FDM1\Administrator
	Account Name:		Administrator
	Account Domain:		FDM1.LOCAL
	Logon ID:		0x40F03
	Linked Logon ID:		0x0
	Network Account Name:	-
	Network Account Domain:	-
	Logon GUID:		{5a2667b4-9767-87a8-e023-85a7b31bc76c}

Process Information:
	Process ID:		0x0
	Process Name:		-

Network Information:
	Workstation Name:	-
	Source Network Address:	192.168.0.102
	Source Port:		55623

Detailed Authentication Information:
	Logon Process:		Kerberos
	Authentication Package:	Kerberos
	Transited Services:	-
	Package Name (NTLM only):	-
	Key Length:		0

This event is generated when a logon session is created. It is generated on the computer that was accessed.

The subject fields indicate the account on the local system which requested the logon. This is most commonly a service such as the Server service, or a local process such as Winlogon.exe or Services.exe.

The logon type field indicates the kind of logon that occurred. The most common types are 2 (interactive) and 3 (network).

The New Logon fields indicate the account for whom the new logon was created, i.e. the account that was logged on.

The network fields indicate where a remote logon request originated. Workstation name is not always available and may be left blank in some cases.

The impersonation level field indicates the extent to which a process in the logon session can impersonate.

The authentication information fields provide detailed information about this specific logon request.
	- Logon GUID is a unique identifier that can be used to correlate this event with a KDC event.
	- Transited services indicate which intermediate services have participated in this logon request.
	- Package name indicates which sub-protocol was used among the NTLM protocols.
	- Key length indicates the length of the generated session key. This will be 0 if no session key was requested."
Audit Success,7/28/2025 8:54:15 AM,Microsoft-Windows-Security-Auditing,4672,Special Logon,"Special privileges assigned to new logon.

Subject:
	Security ID:		FDM1\Administrator
	Account Name:		Administrator
	Account Domain:		FDM1
	Logon ID:		0x40F03

Privileges:		SeSecurityPrivilege
			SeBackupPrivilege
			SeRestorePrivilege
			SeTakeOwnershipPrivilege
			SeDebugPrivilege
			SeSystemEnvironmentPrivilege
			SeLoadDriverPrivilege
			SeImpersonatePrivilege
			SeDelegateSessionUserImpersonatePrivilege
			SeEnableDelegationPrivilege"
Audit Success,7/28/2025 8:54:15 AM,Microsoft-Windows-Security-Auditing,4769,Kerberos Service Ticket Operations,"A Kerberos service ticket was requested.

Account Information:
	Account Name:		Administrator@FDM1.LOCAL
	Account Domain:		FDM1.LOCAL
	Logon GUID:		{663b253c-3c5d-555c-115e-3cbd07440276}

Service Information:
	Service Name:		WIN-I7RFJ5N1K9P$
	Service ID:		FDM1\WIN-I7RFJ5N1K9P$

Network Information:
	Client Address:		::ffff:192.168.0.102
	Client Port:		55624

Additional Information:
	Ticket Options:		0x40800000
	Ticket Encryption Type:	0x12
	Failure Code:		0x0
	Transited Services:	-

This event is generated every time access is requested to a resource such as a computer or a Windows service.  The service name indicates the resource to which access was requested.

This event can be correlated with Windows logon events by comparing the Logon GUID fields in each event.  The logon event occurs on the machine that was accessed, which is often a different machine than the domain controller which issued the service ticket.

Ticket options, encryption types, and failure codes are defined in RFC 4120."
Audit Success,7/28/2025 8:54:15 AM,Microsoft-Windows-Security-Auditing,4769,Kerberos Service Ticket Operations,"A Kerberos service ticket was requested.

Account Information:
	Account Name:		Administrator@FDM1.LOCAL
	Account Domain:		FDM1.LOCAL
	Logon GUID:		{663b253c-3c5d-555c-115e-3cbd07440276}

Service Information:
	Service Name:		WIN-01LG7U48TT2$
	Service ID:		FDM1\WIN-01LG7U48TT2$

Network Information:
	Client Address:		::ffff:192.168.0.102
	Client Port:		55621

Additional Information:
	Ticket Options:		0x40810000
	Ticket Encryption Type:	0x12
	Failure Code:		0x0
	Transited Services:	-

This event is generated every time access is requested to a resource such as a computer or a Windows service.  The service name indicates the resource to which access was requested.

This event can be correlated with Windows logon events by comparing the Logon GUID fields in each event.  The logon event occurs on the machine that was accessed, which is often a different machine than the domain controller which issued the service ticket.

Ticket options, encryption types, and failure codes are defined in RFC 4120."
Audit Success,7/28/2025 8:54:15 AM,Microsoft-Windows-Security-Auditing,4768,Kerberos Authentication Service,"A Kerberos authentication ticket (TGT) was requested.

Account Information:
	Account Name:		Administrator
	Supplied Realm Name:	FDM1
	User ID:			FDM1\Administrator

Service Information:
	Service Name:		krbtgt
	Service ID:		FDM1\krbtgt

Network Information:
	Client Address:		::ffff:192.168.0.102
	Client Port:		55620

Additional Information:
	Ticket Options:		0x40810010
	Result Code:		0x0
	Ticket Encryption Type:	0x12
	Pre-Authentication Type:	2

Certificate Information:
	Certificate Issuer Name:		
	Certificate Serial Number:	
	Certificate Thumbprint:		

Certificate information is only provided if a certificate was used for pre-authentication.

Pre-authentication types, ticket options, encryption types and result codes are defined in RFC 4120."
Audit Success,7/28/2025 8:54:10 AM,Microsoft-Windows-Security-Auditing,4634,Logoff,"An account was logged off.

Subject:
	Security ID:		SYSTEM
	Account Name:		WIN-I7RFJ5N1K9P$
	Account Domain:		FDM1
	Logon ID:		0x3F906

Logon Type:			3

This event is generated when a logon session is destroyed. It may be positively correlated with a logon event using the Logon ID value. Logon IDs are only unique between reboots on the same computer."
Audit Success,7/28/2025 8:54:10 AM,Microsoft-Windows-Security-Auditing,4634,Logoff,"An account was logged off.

Subject:
	Security ID:		SYSTEM
	Account Name:		WIN-I7RFJ5N1K9P$
	Account Domain:		FDM1
	Logon ID:		0x3FBE3

Logon Type:			3

This event is generated when a logon session is destroyed. It may be positively correlated with a logon event using the Logon ID value. Logon IDs are only unique between reboots on the same computer."
Audit Success,7/28/2025 8:54:10 AM,Microsoft-Windows-Security-Auditing,4624,Logon,"An account was successfully logged on.

Subject:
	Security ID:		NULL SID
	Account Name:		-
	Account Domain:		-
	Logon ID:		0x0

Logon Information:
	Logon Type:		3
	Restricted Admin Mode:	-
	Virtual Account:		No
	Elevated Token:		Yes

Impersonation Level:		Impersonation

New Logon:
	Security ID:		SYSTEM
	Account Name:		WIN-I7RFJ5N1K9P$
	Account Domain:		FDM1.LOCAL
	Logon ID:		0x3FBE3
	Linked Logon ID:		0x0
	Network Account Name:	-
	Network Account Domain:	-
	Logon GUID:		{ad66dc5f-1a77-0a11-e687-6a43592295f2}

Process Information:
	Process ID:		0x0
	Process Name:		-

Network Information:
	Workstation Name:	-
	Source Network Address:	::1
	Source Port:		0

Detailed Authentication Information:
	Logon Process:		Kerberos
	Authentication Package:	Kerberos
	Transited Services:	-
	Package Name (NTLM only):	-
	Key Length:		0

This event is generated when a logon session is created. It is generated on the computer that was accessed.

The subject fields indicate the account on the local system which requested the logon. This is most commonly a service such as the Server service, or a local process such as Winlogon.exe or Services.exe.

The logon type field indicates the kind of logon that occurred. The most common types are 2 (interactive) and 3 (network).

The New Logon fields indicate the account for whom the new logon was created, i.e. the account that was logged on.

The network fields indicate where a remote logon request originated. Workstation name is not always available and may be left blank in some cases.

The impersonation level field indicates the extent to which a process in the logon session can impersonate.

The authentication information fields provide detailed information about this specific logon request.
	- Logon GUID is a unique identifier that can be used to correlate this event with a KDC event.
	- Transited services indicate which intermediate services have participated in this logon request.
	- Package name indicates which sub-protocol was used among the NTLM protocols.
	- Key length indicates the length of the generated session key. This will be 0 if no session key was requested."
Audit Success,7/28/2025 8:54:10 AM,Microsoft-Windows-Security-Auditing,4672,Special Logon,"Special privileges assigned to new logon.

Subject:
	Security ID:		SYSTEM
	Account Name:		WIN-I7RFJ5N1K9P$
	Account Domain:		FDM1
	Logon ID:		0x3FBE3

Privileges:		SeSecurityPrivilege
			SeBackupPrivilege
			SeRestorePrivilege
			SeTakeOwnershipPrivilege
			SeDebugPrivilege
			SeSystemEnvironmentPrivilege
			SeLoadDriverPrivilege
			SeImpersonatePrivilege
			SeDelegateSessionUserImpersonatePrivilege
			SeEnableDelegationPrivilege"
Audit Success,7/28/2025 8:54:10 AM,Microsoft-Windows-Security-Auditing,4634,Logoff,"An account was logged off.

Subject:
	Security ID:		SYSTEM
	Account Name:		WIN-I7RFJ5N1K9P$
	Account Domain:		FDM1
	Logon ID:		0x3FA42

Logon Type:			3

This event is generated when a logon session is destroyed. It may be positively correlated with a logon event using the Logon ID value. Logon IDs are only unique between reboots on the same computer."
Audit Success,7/28/2025 8:54:10 AM,Microsoft-Windows-Security-Auditing,4634,Logoff,"An account was logged off.

Subject:
	Security ID:		SYSTEM
	Account Name:		WIN-I7RFJ5N1K9P$
	Account Domain:		FDM1
	Logon ID:		0x3FA8F

Logon Type:			3

This event is generated when a logon session is destroyed. It may be positively correlated with a logon event using the Logon ID value. Logon IDs are only unique between reboots on the same computer."
Audit Success,7/28/2025 8:54:10 AM,Microsoft-Windows-Security-Auditing,4624,Logon,"An account was successfully logged on.

Subject:
	Security ID:		NULL SID
	Account Name:		-
	Account Domain:		-
	Logon ID:		0x0

Logon Information:
	Logon Type:		3
	Restricted Admin Mode:	-
	Virtual Account:		No
	Elevated Token:		Yes

Impersonation Level:		Impersonation

New Logon:
	Security ID:		SYSTEM
	Account Name:		WIN-I7RFJ5N1K9P$
	Account Domain:		FDM1.LOCAL
	Logon ID:		0x3FA8F
	Linked Logon ID:		0x0
	Network Account Name:	-
	Network Account Domain:	-
	Logon GUID:		{2a5b9f6d-d714-a377-28d4-f7a2725b377c}

Process Information:
	Process ID:		0x0
	Process Name:		-

Network Information:
	Workstation Name:	-
	Source Network Address:	192.168.0.101
	Source Port:		52678

Detailed Authentication Information:
	Logon Process:		Kerberos
	Authentication Package:	Kerberos
	Transited Services:	-
	Package Name (NTLM only):	-
	Key Length:		0

This event is generated when a logon session is created. It is generated on the computer that was accessed.

The subject fields indicate the account on the local system which requested the logon. This is most commonly a service such as the Server service, or a local process such as Winlogon.exe or Services.exe.

The logon type field indicates the kind of logon that occurred. The most common types are 2 (interactive) and 3 (network).

The New Logon fields indicate the account for whom the new logon was created, i.e. the account that was logged on.

The network fields indicate where a remote logon request originated. Workstation name is not always available and may be left blank in some cases.

The impersonation level field indicates the extent to which a process in the logon session can impersonate.

The authentication information fields provide detailed information about this specific logon request.
	- Logon GUID is a unique identifier that can be used to correlate this event with a KDC event.
	- Transited services indicate which intermediate services have participated in this logon request.
	- Package name indicates which sub-protocol was used among the NTLM protocols.
	- Key length indicates the length of the generated session key. This will be 0 if no session key was requested."
Audit Success,7/28/2025 8:54:10 AM,Microsoft-Windows-Security-Auditing,4672,Special Logon,"Special privileges assigned to new logon.

Subject:
	Security ID:		SYSTEM
	Account Name:		WIN-I7RFJ5N1K9P$
	Account Domain:		FDM1
	Logon ID:		0x3FA8F

Privileges:		SeSecurityPrivilege
			SeBackupPrivilege
			SeRestorePrivilege
			SeTakeOwnershipPrivilege
			SeDebugPrivilege
			SeSystemEnvironmentPrivilege
			SeLoadDriverPrivilege
			SeImpersonatePrivilege
			SeDelegateSessionUserImpersonatePrivilege
			SeEnableDelegationPrivilege"
Audit Success,7/28/2025 8:54:10 AM,Microsoft-Windows-Security-Auditing,4624,Logon,"An account was successfully logged on.

Subject:
	Security ID:		NULL SID
	Account Name:		-
	Account Domain:		-
	Logon ID:		0x0

Logon Information:
	Logon Type:		3
	Restricted Admin Mode:	-
	Virtual Account:		No
	Elevated Token:		Yes

Impersonation Level:		Impersonation

New Logon:
	Security ID:		SYSTEM
	Account Name:		WIN-I7RFJ5N1K9P$
	Account Domain:		FDM1.LOCAL
	Logon ID:		0x3FA42
	Linked Logon ID:		0x0
	Network Account Name:	-
	Network Account Domain:	-
	Logon GUID:		{ad66dc5f-1a77-0a11-e687-6a43592295f2}

Process Information:
	Process ID:		0x0
	Process Name:		-

Network Information:
	Workstation Name:	-
	Source Network Address:	::1
	Source Port:		0

Detailed Authentication Information:
	Logon Process:		Kerberos
	Authentication Package:	Kerberos
	Transited Services:	-
	Package Name (NTLM only):	-
	Key Length:		0

This event is generated when a logon session is created. It is generated on the computer that was accessed.

The subject fields indicate the account on the local system which requested the logon. This is most commonly a service such as the Server service, or a local process such as Winlogon.exe or Services.exe.

The logon type field indicates the kind of logon that occurred. The most common types are 2 (interactive) and 3 (network).

The New Logon fields indicate the account for whom the new logon was created, i.e. the account that was logged on.

The network fields indicate where a remote logon request originated. Workstation name is not always available and may be left blank in some cases.

The impersonation level field indicates the extent to which a process in the logon session can impersonate.

The authentication information fields provide detailed information about this specific logon request.
	- Logon GUID is a unique identifier that can be used to correlate this event with a KDC event.
	- Transited services indicate which intermediate services have participated in this logon request.
	- Package name indicates which sub-protocol was used among the NTLM protocols.
	- Key length indicates the length of the generated session key. This will be 0 if no session key was requested."
Audit Success,7/28/2025 8:54:10 AM,Microsoft-Windows-Security-Auditing,4672,Special Logon,"Special privileges assigned to new logon.

Subject:
	Security ID:		SYSTEM
	Account Name:		WIN-I7RFJ5N1K9P$
	Account Domain:		FDM1
	Logon ID:		0x3FA42

Privileges:		SeSecurityPrivilege
			SeBackupPrivilege
			SeRestorePrivilege
			SeTakeOwnershipPrivilege
			SeDebugPrivilege
			SeSystemEnvironmentPrivilege
			SeLoadDriverPrivilege
			SeImpersonatePrivilege
			SeDelegateSessionUserImpersonatePrivilege
			SeEnableDelegationPrivilege"
Audit Success,7/28/2025 8:54:10 AM,Microsoft-Windows-Security-Auditing,4769,Kerberos Service Ticket Operations,"A Kerberos service ticket was requested.

Account Information:
	Account Name:		WIN-I7RFJ5N1K9P$@FDM1.LOCAL
	Account Domain:		FDM1.LOCAL
	Logon GUID:		{ae204eb8-8c11-5191-9402-0e6650741f4c}

Service Information:
	Service Name:		WIN-I7RFJ5N1K9P$
	Service ID:		FDM1\WIN-I7RFJ5N1K9P$

Network Information:
	Client Address:		::1
	Client Port:		0

Additional Information:
	Ticket Options:		0x40810000
	Ticket Encryption Type:	0x12
	Failure Code:		0x0
	Transited Services:	-

This event is generated every time access is requested to a resource such as a computer or a Windows service.  The service name indicates the resource to which access was requested.

This event can be correlated with Windows logon events by comparing the Logon GUID fields in each event.  The logon event occurs on the machine that was accessed, which is often a different machine than the domain controller which issued the service ticket.

Ticket options, encryption types, and failure codes are defined in RFC 4120."
Audit Success,7/28/2025 8:54:10 AM,Microsoft-Windows-Security-Auditing,4624,Logon,"An account was successfully logged on.

Subject:
	Security ID:		NULL SID
	Account Name:		-
	Account Domain:		-
	Logon ID:		0x0

Logon Information:
	Logon Type:		3
	Restricted Admin Mode:	-
	Virtual Account:		No
	Elevated Token:		Yes

Impersonation Level:		Impersonation

New Logon:
	Security ID:		SYSTEM
	Account Name:		WIN-I7RFJ5N1K9P$
	Account Domain:		FDM1.LOCAL
	Logon ID:		0x3F906
	Linked Logon ID:		0x0
	Network Account Name:	-
	Network Account Domain:	-
	Logon GUID:		{2a5b9f6d-d714-a377-28d4-f7a2725b377c}

Process Information:
	Process ID:		0x0
	Process Name:		-

Network Information:
	Workstation Name:	-
	Source Network Address:	fe80::90bc:164a:3228:565d
	Source Port:		52677

Detailed Authentication Information:
	Logon Process:		Kerberos
	Authentication Package:	Kerberos
	Transited Services:	-
	Package Name (NTLM only):	-
	Key Length:		0

This event is generated when a logon session is created. It is generated on the computer that was accessed.

The subject fields indicate the account on the local system which requested the logon. This is most commonly a service such as the Server service, or a local process such as Winlogon.exe or Services.exe.

The logon type field indicates the kind of logon that occurred. The most common types are 2 (interactive) and 3 (network).

The New Logon fields indicate the account for whom the new logon was created, i.e. the account that was logged on.

The network fields indicate where a remote logon request originated. Workstation name is not always available and may be left blank in some cases.

The impersonation level field indicates the extent to which a process in the logon session can impersonate.

The authentication information fields provide detailed information about this specific logon request.
	- Logon GUID is a unique identifier that can be used to correlate this event with a KDC event.
	- Transited services indicate which intermediate services have participated in this logon request.
	- Package name indicates which sub-protocol was used among the NTLM protocols.
	- Key length indicates the length of the generated session key. This will be 0 if no session key was requested."
Audit Success,7/28/2025 8:54:10 AM,Microsoft-Windows-Security-Auditing,4672,Special Logon,"Special privileges assigned to new logon.

Subject:
	Security ID:		SYSTEM
	Account Name:		WIN-I7RFJ5N1K9P$
	Account Domain:		FDM1
	Logon ID:		0x3F906

Privileges:		SeSecurityPrivilege
			SeBackupPrivilege
			SeRestorePrivilege
			SeTakeOwnershipPrivilege
			SeDebugPrivilege
			SeSystemEnvironmentPrivilege
			SeLoadDriverPrivilege
			SeImpersonatePrivilege
			SeDelegateSessionUserImpersonatePrivilege
			SeEnableDelegationPrivilege"
Audit Success,7/28/2025 8:54:10 AM,Microsoft-Windows-Security-Auditing,4624,Logon,"An account was successfully logged on.

Subject:
	Security ID:		NULL SID
	Account Name:		-
	Account Domain:		-
	Logon ID:		0x0

Logon Information:
	Logon Type:		3
	Restricted Admin Mode:	-
	Virtual Account:		No
	Elevated Token:		Yes

Impersonation Level:		Delegation

New Logon:
	Security ID:		SYSTEM
	Account Name:		WIN-I7RFJ5N1K9P$
	Account Domain:		FDM1.LOCAL
	Logon ID:		0x3F874
	Linked Logon ID:		0x0
	Network Account Name:	-
	Network Account Domain:	-
	Logon GUID:		{ad66dc5f-1a77-0a11-e687-6a43592295f2}

Process Information:
	Process ID:		0x0
	Process Name:		-

Network Information:
	Workstation Name:	-
	Source Network Address:	fe80::90bc:164a:3228:565d
	Source Port:		52676

Detailed Authentication Information:
	Logon Process:		Kerberos
	Authentication Package:	Kerberos
	Transited Services:	-
	Package Name (NTLM only):	-
	Key Length:		0

This event is generated when a logon session is created. It is generated on the computer that was accessed.

The subject fields indicate the account on the local system which requested the logon. This is most commonly a service such as the Server service, or a local process such as Winlogon.exe or Services.exe.

The logon type field indicates the kind of logon that occurred. The most common types are 2 (interactive) and 3 (network).

The New Logon fields indicate the account for whom the new logon was created, i.e. the account that was logged on.

The network fields indicate where a remote logon request originated. Workstation name is not always available and may be left blank in some cases.

The impersonation level field indicates the extent to which a process in the logon session can impersonate.

The authentication information fields provide detailed information about this specific logon request.
	- Logon GUID is a unique identifier that can be used to correlate this event with a KDC event.
	- Transited services indicate which intermediate services have participated in this logon request.
	- Package name indicates which sub-protocol was used among the NTLM protocols.
	- Key length indicates the length of the generated session key. This will be 0 if no session key was requested."
Audit Success,7/28/2025 8:54:10 AM,Microsoft-Windows-Security-Auditing,4672,Special Logon,"Special privileges assigned to new logon.

Subject:
	Security ID:		SYSTEM
	Account Name:		WIN-I7RFJ5N1K9P$
	Account Domain:		FDM1
	Logon ID:		0x3F874

Privileges:		SeSecurityPrivilege
			SeBackupPrivilege
			SeRestorePrivilege
			SeTakeOwnershipPrivilege
			SeDebugPrivilege
			SeSystemEnvironmentPrivilege
			SeLoadDriverPrivilege
			SeImpersonatePrivilege
			SeDelegateSessionUserImpersonatePrivilege
			SeEnableDelegationPrivilege"
Audit Success,7/28/2025 8:54:10 AM,Microsoft-Windows-Security-Auditing,4769,Kerberos Service Ticket Operations,"A Kerberos service ticket was requested.

Account Information:
	Account Name:		WIN-I7RFJ5N1K9P$@FDM1.LOCAL
	Account Domain:		FDM1.LOCAL
	Logon GUID:		{ae204eb8-8c11-5191-9402-0e6650741f4c}

Service Information:
	Service Name:		krbtgt
	Service ID:		FDM1\krbtgt

Network Information:
	Client Address:		::1
	Client Port:		0

Additional Information:
	Ticket Options:		0x60810010
	Ticket Encryption Type:	0x12
	Failure Code:		0x0
	Transited Services:	-

This event is generated every time access is requested to a resource such as a computer or a Windows service.  The service name indicates the resource to which access was requested.

This event can be correlated with Windows logon events by comparing the Logon GUID fields in each event.  The logon event occurs on the machine that was accessed, which is often a different machine than the domain controller which issued the service ticket.

Ticket options, encryption types, and failure codes are defined in RFC 4120."
Audit Success,7/28/2025 8:54:10 AM,Microsoft-Windows-Security-Auditing,4769,Kerberos Service Ticket Operations,"A Kerberos service ticket was requested.

Account Information:
	Account Name:		WIN-I7RFJ5N1K9P$@FDM1.LOCAL
	Account Domain:		FDM1.LOCAL
	Logon GUID:		{ae204eb8-8c11-5191-9402-0e6650741f4c}

Service Information:
	Service Name:		WIN-I7RFJ5N1K9P$
	Service ID:		FDM1\WIN-I7RFJ5N1K9P$

Network Information:
	Client Address:		::1
	Client Port:		0

Additional Information:
	Ticket Options:		0x40800000
	Ticket Encryption Type:	0x12
	Failure Code:		0x0
	Transited Services:	-

This event is generated every time access is requested to a resource such as a computer or a Windows service.  The service name indicates the resource to which access was requested.

This event can be correlated with Windows logon events by comparing the Logon GUID fields in each event.  The logon event occurs on the machine that was accessed, which is often a different machine than the domain controller which issued the service ticket.

Ticket options, encryption types, and failure codes are defined in RFC 4120."
Audit Success,7/28/2025 8:53:50 AM,Microsoft-Windows-Security-Auditing,4634,Logoff,"An account was logged off.

Subject:
	Security ID:		SYSTEM
	Account Name:		WIN-I7RFJ5N1K9P$
	Account Domain:		FDM1
	Logon ID:		0x3AD26

Logon Type:			3

This event is generated when a logon session is destroyed. It may be positively correlated with a logon event using the Logon ID value. Logon IDs are only unique between reboots on the same computer."
Audit Success,7/28/2025 8:53:50 AM,Microsoft-Windows-Security-Auditing,4634,Logoff,"An account was logged off.

Subject:
	Security ID:		SYSTEM
	Account Name:		WIN-I7RFJ5N1K9P$
	Account Domain:		FDM1
	Logon ID:		0x3EB57

Logon Type:			3

This event is generated when a logon session is destroyed. It may be positively correlated with a logon event using the Logon ID value. Logon IDs are only unique between reboots on the same computer."
Audit Success,7/28/2025 8:53:50 AM,Microsoft-Windows-Security-Auditing,4634,Logoff,"An account was logged off.

Subject:
	Security ID:		SYSTEM
	Account Name:		WIN-I7RFJ5N1K9P$
	Account Domain:		FDM1
	Logon ID:		0x3EB7F

Logon Type:			3

This event is generated when a logon session is destroyed. It may be positively correlated with a logon event using the Logon ID value. Logon IDs are only unique between reboots on the same computer."
Audit Success,7/28/2025 8:53:50 AM,Microsoft-Windows-Security-Auditing,4624,Logon,"An account was successfully logged on.

Subject:
	Security ID:		NULL SID
	Account Name:		-
	Account Domain:		-
	Logon ID:		0x0

Logon Information:
	Logon Type:		3
	Restricted Admin Mode:	-
	Virtual Account:		No
	Elevated Token:		Yes

Impersonation Level:		Impersonation

New Logon:
	Security ID:		SYSTEM
	Account Name:		WIN-I7RFJ5N1K9P$
	Account Domain:		FDM1.LOCAL
	Logon ID:		0x3EB7F
	Linked Logon ID:		0x0
	Network Account Name:	-
	Network Account Domain:	-
	Logon GUID:		{a5ad36fc-acda-771a-f666-55d3978cbf77}

Process Information:
	Process ID:		0x0
	Process Name:		-

Network Information:
	Workstation Name:	-
	Source Network Address:	-
	Source Port:		-

Detailed Authentication Information:
	Logon Process:		Kerberos
	Authentication Package:	Kerberos
	Transited Services:	-
	Package Name (NTLM only):	-
	Key Length:		0

This event is generated when a logon session is created. It is generated on the computer that was accessed.

The subject fields indicate the account on the local system which requested the logon. This is most commonly a service such as the Server service, or a local process such as Winlogon.exe or Services.exe.

The logon type field indicates the kind of logon that occurred. The most common types are 2 (interactive) and 3 (network).

The New Logon fields indicate the account for whom the new logon was created, i.e. the account that was logged on.

The network fields indicate where a remote logon request originated. Workstation name is not always available and may be left blank in some cases.

The impersonation level field indicates the extent to which a process in the logon session can impersonate.

The authentication information fields provide detailed information about this specific logon request.
	- Logon GUID is a unique identifier that can be used to correlate this event with a KDC event.
	- Transited services indicate which intermediate services have participated in this logon request.
	- Package name indicates which sub-protocol was used among the NTLM protocols.
	- Key length indicates the length of the generated session key. This will be 0 if no session key was requested."
Audit Success,7/28/2025 8:53:50 AM,Microsoft-Windows-Security-Auditing,4672,Special Logon,"Special privileges assigned to new logon.

Subject:
	Security ID:		SYSTEM
	Account Name:		WIN-I7RFJ5N1K9P$
	Account Domain:		FDM1
	Logon ID:		0x3EB7F

Privileges:		SeSecurityPrivilege
			SeBackupPrivilege
			SeRestorePrivilege
			SeTakeOwnershipPrivilege
			SeDebugPrivilege
			SeSystemEnvironmentPrivilege
			SeLoadDriverPrivilege
			SeImpersonatePrivilege
			SeDelegateSessionUserImpersonatePrivilege
			SeEnableDelegationPrivilege"
Audit Success,7/28/2025 8:53:50 AM,Microsoft-Windows-Security-Auditing,4648,Logon,"A logon was attempted using explicit credentials.

Subject:
	Security ID:		SYSTEM
	Account Name:		WIN-I7RFJ5N1K9P$
	Account Domain:		FDM1
	Logon ID:		0x3E7
	Logon GUID:		{00000000-0000-0000-0000-000000000000}

Account Whose Credentials Were Used:
	Account Name:		WIN-I7RFJ5N1K9P$
	Account Domain:		FDM1.LOCAL
	Logon GUID:		{f6fe0113-2627-c913-51d6-3ef16990a382}

Target Server:
	Target Server Name:	win-i7rfj5n1k9p$
	Additional Information:	win-i7rfj5n1k9p$

Process Information:
	Process ID:		0x888
	Process Name:		C:\Windows\System32\taskhostw.exe

Network Information:
	Network Address:	-
	Port:			-

This event is generated when a process attempts to log on an account by explicitly specifying that account’s credentials.  This most commonly occurs in batch-type configurations such as scheduled tasks, or when using the RUNAS command."
Audit Success,7/28/2025 8:53:50 AM,Microsoft-Windows-Security-Auditing,4769,Kerberos Service Ticket Operations,"A Kerberos service ticket was requested.

Account Information:
	Account Name:		WIN-I7RFJ5N1K9P$@FDM1.LOCAL
	Account Domain:		FDM1.LOCAL
	Logon GUID:		{f6fe0113-2627-c913-51d6-3ef16990a382}

Service Information:
	Service Name:		WIN-I7RFJ5N1K9P$
	Service ID:		FDM1\WIN-I7RFJ5N1K9P$

Network Information:
	Client Address:		::1
	Client Port:		0

Additional Information:
	Ticket Options:		0x40810000
	Ticket Encryption Type:	0x12
	Failure Code:		0x0
	Transited Services:	-

This event is generated every time access is requested to a resource such as a computer or a Windows service.  The service name indicates the resource to which access was requested.

This event can be correlated with Windows logon events by comparing the Logon GUID fields in each event.  The logon event occurs on the machine that was accessed, which is often a different machine than the domain controller which issued the service ticket.

Ticket options, encryption types, and failure codes are defined in RFC 4120."
Audit Success,7/28/2025 8:53:50 AM,Microsoft-Windows-Security-Auditing,4768,Kerberos Authentication Service,"A Kerberos authentication ticket (TGT) was requested.

Account Information:
	Account Name:		WIN-I7RFJ5N1K9P$
	Supplied Realm Name:	FDM1.LOCAL
	User ID:			FDM1\WIN-I7RFJ5N1K9P$

Service Information:
	Service Name:		krbtgt
	Service ID:		FDM1\krbtgt

Network Information:
	Client Address:		::1
	Client Port:		0

Additional Information:
	Ticket Options:		0x40810010
	Result Code:		0x0
	Ticket Encryption Type:	0x12
	Pre-Authentication Type:	2

Certificate Information:
	Certificate Issuer Name:		
	Certificate Serial Number:	
	Certificate Thumbprint:		

Certificate information is only provided if a certificate was used for pre-authentication.

Pre-authentication types, ticket options, encryption types and result codes are defined in RFC 4120."
Audit Success,7/28/2025 8:53:50 AM,Microsoft-Windows-Security-Auditing,4624,Logon,"An account was successfully logged on.

Subject:
	Security ID:		NULL SID
	Account Name:		-
	Account Domain:		-
	Logon ID:		0x0

Logon Information:
	Logon Type:		3
	Restricted Admin Mode:	-
	Virtual Account:		No
	Elevated Token:		Yes

Impersonation Level:		Impersonation

New Logon:
	Security ID:		SYSTEM
	Account Name:		WIN-I7RFJ5N1K9P$
	Account Domain:		FDM1.LOCAL
	Logon ID:		0x3EB57
	Linked Logon ID:		0x0
	Network Account Name:	-
	Network Account Domain:	-
	Logon GUID:		{2a5b9f6d-d714-a377-28d4-f7a2725b377c}

Process Information:
	Process ID:		0x0
	Process Name:		-

Network Information:
	Workstation Name:	-
	Source Network Address:	192.168.0.101
	Source Port:		52675

Detailed Authentication Information:
	Logon Process:		Kerberos
	Authentication Package:	Kerberos
	Transited Services:	-
	Package Name (NTLM only):	-
	Key Length:		0

This event is generated when a logon session is created. It is generated on the computer that was accessed.

The subject fields indicate the account on the local system which requested the logon. This is most commonly a service such as the Server service, or a local process such as Winlogon.exe or Services.exe.

The logon type field indicates the kind of logon that occurred. The most common types are 2 (interactive) and 3 (network).

The New Logon fields indicate the account for whom the new logon was created, i.e. the account that was logged on.

The network fields indicate where a remote logon request originated. Workstation name is not always available and may be left blank in some cases.

The impersonation level field indicates the extent to which a process in the logon session can impersonate.

The authentication information fields provide detailed information about this specific logon request.
	- Logon GUID is a unique identifier that can be used to correlate this event with a KDC event.
	- Transited services indicate which intermediate services have participated in this logon request.
	- Package name indicates which sub-protocol was used among the NTLM protocols.
	- Key length indicates the length of the generated session key. This will be 0 if no session key was requested."
Audit Success,7/28/2025 8:53:50 AM,Microsoft-Windows-Security-Auditing,4672,Special Logon,"Special privileges assigned to new logon.

Subject:
	Security ID:		SYSTEM
	Account Name:		WIN-I7RFJ5N1K9P$
	Account Domain:		FDM1
	Logon ID:		0x3EB57

Privileges:		SeSecurityPrivilege
			SeBackupPrivilege
			SeRestorePrivilege
			SeTakeOwnershipPrivilege
			SeDebugPrivilege
			SeSystemEnvironmentPrivilege
			SeLoadDriverPrivilege
			SeImpersonatePrivilege
			SeDelegateSessionUserImpersonatePrivilege
			SeEnableDelegationPrivilege"
Audit Success,7/28/2025 8:53:50 AM,Microsoft-Windows-Security-Auditing,4634,Logoff,"An account was logged off.

Subject:
	Security ID:		SYSTEM
	Account Name:		WIN-I7RFJ5N1K9P$
	Account Domain:		FDM1
	Logon ID:		0x3EA40

Logon Type:			3

This event is generated when a logon session is destroyed. It may be positively correlated with a logon event using the Logon ID value. Logon IDs are only unique between reboots on the same computer."
Audit Success,7/28/2025 8:53:50 AM,Microsoft-Windows-Security-Auditing,4634,Logoff,"An account was logged off.

Subject:
	Security ID:		SYSTEM
	Account Name:		WIN-I7RFJ5N1K9P$
	Account Domain:		FDM1
	Logon ID:		0x3E4A3

Logon Type:			3

This event is generated when a logon session is destroyed. It may be positively correlated with a logon event using the Logon ID value. Logon IDs are only unique between reboots on the same computer."
Audit Success,7/28/2025 8:53:50 AM,Microsoft-Windows-Security-Auditing,4624,Logon,"An account was successfully logged on.

Subject:
	Security ID:		NULL SID
	Account Name:		-
	Account Domain:		-
	Logon ID:		0x0

Logon Information:
	Logon Type:		3
	Restricted Admin Mode:	-
	Virtual Account:		No
	Elevated Token:		Yes

Impersonation Level:		Impersonation

New Logon:
	Security ID:		SYSTEM
	Account Name:		WIN-I7RFJ5N1K9P$
	Account Domain:		FDM1.LOCAL
	Logon ID:		0x3EA40
	Linked Logon ID:		0x0
	Network Account Name:	-
	Network Account Domain:	-
	Logon GUID:		{3ff862d4-a9d5-1b5e-7f1a-f657cbf49abd}

Process Information:
	Process ID:		0x0
	Process Name:		-

Network Information:
	Workstation Name:	-
	Source Network Address:	fe80::90bc:164a:3228:565d
	Source Port:		52674

Detailed Authentication Information:
	Logon Process:		Kerberos
	Authentication Package:	Kerberos
	Transited Services:	-
	Package Name (NTLM only):	-
	Key Length:		0

This event is generated when a logon session is created. It is generated on the computer that was accessed.

The subject fields indicate the account on the local system which requested the logon. This is most commonly a service such as the Server service, or a local process such as Winlogon.exe or Services.exe.

The logon type field indicates the kind of logon that occurred. The most common types are 2 (interactive) and 3 (network).

The New Logon fields indicate the account for whom the new logon was created, i.e. the account that was logged on.

The network fields indicate where a remote logon request originated. Workstation name is not always available and may be left blank in some cases.

The impersonation level field indicates the extent to which a process in the logon session can impersonate.

The authentication information fields provide detailed information about this specific logon request.
	- Logon GUID is a unique identifier that can be used to correlate this event with a KDC event.
	- Transited services indicate which intermediate services have participated in this logon request.
	- Package name indicates which sub-protocol was used among the NTLM protocols.
	- Key length indicates the length of the generated session key. This will be 0 if no session key was requested."
Audit Success,7/28/2025 8:53:50 AM,Microsoft-Windows-Security-Auditing,4672,Special Logon,"Special privileges assigned to new logon.

Subject:
	Security ID:		SYSTEM
	Account Name:		WIN-I7RFJ5N1K9P$
	Account Domain:		FDM1
	Logon ID:		0x3EA40

Privileges:		SeSecurityPrivilege
			SeBackupPrivilege
			SeRestorePrivilege
			SeTakeOwnershipPrivilege
			SeDebugPrivilege
			SeSystemEnvironmentPrivilege
			SeLoadDriverPrivilege
			SeImpersonatePrivilege
			SeDelegateSessionUserImpersonatePrivilege
			SeEnableDelegationPrivilege"
Audit Success,7/28/2025 8:53:50 AM,Microsoft-Windows-Security-Auditing,4634,Logoff,"An account was logged off.

Subject:
	Security ID:		SYSTEM
	Account Name:		WIN-I7RFJ5N1K9P$
	Account Domain:		FDM1
	Logon ID:		0x3E9AC

Logon Type:			3

This event is generated when a logon session is destroyed. It may be positively correlated with a logon event using the Logon ID value. Logon IDs are only unique between reboots on the same computer."
