Audit Success,7/28/2025 8:57:34 AM,Microsoft-Windows-Security-Auditing,4769,Kerberos Service Ticket Operations,"A Kerberos service ticket was requested.

Account Information:
	Account Name:		WIN-I7RFJ5N1K9P$@FDM1.LOCAL
	Account Domain:		FDM1.LOCAL
	Logon GUID:		{52179fe2-a24d-5a27-458e-f2f8b4744aab}

Service Information:
	Service Name:		WIN-I7RFJ5N1K9P$
	Service ID:		FDM1\WIN-I7RFJ5N1K9P$

Network Information:
	Client Address:		::1
	Client Port:		0

Additional Information:
	Ticket Options:		0x40810000
	Ticket Encryption Type:	0x12
	Failure Code:		0x0
	Transited Services:	-

This event is generated every time access is requested to a resource such as a computer or a Windows service.  The service name indicates the resource to which access was requested.

This event can be correlated with Windows logon events by comparing the Logon GUID fields in each event.  The logon event occurs on the machine that was accessed, which is often a different machine than the domain controller which issued the service ticket.

Ticket options, encryption types, and failure codes are defined in RFC 4120."
Audit Success,7/28/2025 8:57:34 AM,Microsoft-Windows-Security-Auditing,4768,Kerberos Authentication Service,"A Kerberos authentication ticket (TGT) was requested.

Account Information:
	Account Name:		WIN-I7RFJ5N1K9P$
	Supplied Realm Name:	FDM1.LOCAL
	User ID:			FDM1\WIN-I7RFJ5N1K9P$

Service Information:
	Service Name:		krbtgt
	Service ID:		FDM1\krbtgt

Network Information:
	Client Address:		::1
	Client Port:		0

Additional Information:
	Ticket Options:		0x40810010
	Result Code:		0x0
	Ticket Encryption Type:	0x12
	Pre-Authentication Type:	2

Certificate Information:
	Certificate Issuer Name:		
	Certificate Serial Number:	
	Certificate Thumbprint:		

Certificate information is only provided if a certificate was used for pre-authentication.

Pre-authentication types, ticket options, encryption types and result codes are defined in RFC 4120."
Audit Success,7/28/2025 8:57:34 AM,Microsoft-Windows-Security-Auditing,4634,Logoff,"An account was logged off.

Subject:
	Security ID:		SYSTEM
	Account Name:		WIN-I7RFJ5N1K9P$
	Account Domain:		FDM1
	Logon ID:		0xA60BC

Logon Type:			3

This event is generated when a logon session is destroyed. It may be positively correlated with a logon event using the Logon ID value. Logon IDs are only unique between reboots on the same computer."
Audit Success,7/28/2025 8:57:34 AM,Microsoft-Windows-Security-Auditing,4634,Logoff,"An account was logged off.

Subject:
	Security ID:		SYSTEM
	Account Name:		WIN-I7RFJ5N1K9P$
	Account Domain:		FDM1
	Logon ID:		0xA613F

Logon Type:			3

This event is generated when a logon session is destroyed. It may be positively correlated with a logon event using the Logon ID value. Logon IDs are only unique between reboots on the same computer."
Audit Success,7/28/2025 8:57:34 AM,Microsoft-Windows-Security-Auditing,4627,Group Membership,"Group membership information.

Subject:
	Security ID:		NULL SID
	Account Name:		-
	Account Domain:		-
	Logon ID:		0x0

Logon Type:			3

New Logon:
	Security ID:		SYSTEM
	Account Name:		WIN-I7RFJ5N1K9P$
	Account Domain:		FDM1.LOCAL
	Logon ID:		0xA613F

Event in sequence:		1 of 1

Group Membership:			
		BUILTIN\Administrators
		Everyone
		BUILTIN\Pre-Windows 2000 Compatible Access
		BUILTIN\Users
		BUILTIN\Windows Authorization Access Group
		NT AUTHORITY\NETWORK
		NT AUTHORITY\Authenticated Users
		NT AUTHORITY\This Organization
		FDM1\WIN-I7RFJ5N1K9P$
		FDM1\Domain Controllers
		NT AUTHORITY\ENTERPRISE DOMAIN CONTROLLERS
		Authentication authority asserted identity
		FDM1\Denied RODC Password Replication Group
		Mandatory Label\System Mandatory Level

The subject fields indicate the account on the local system which requested the logon. This is most commonly a service such as the Server service, or a local process such as Winlogon.exe or Services.exe.

The logon type field indicates the kind of logon that occurred. The most common types are 2 (interactive) and 3 (network).

The New Logon fields indicate the account for whom the new logon was created, i.e. the account that was logged on.

This event is generated when the Audit Group Membership subcategory is configured.  The Logon ID field can be used to correlate this event with the corresponding user logon event as well as to any other security audit events generated during this logon session."
Audit Success,7/28/2025 8:57:34 AM,Microsoft-Windows-Security-Auditing,4624,Logon,"An account was successfully logged on.

Subject:
	Security ID:		NULL SID
	Account Name:		-
	Account Domain:		-
	Logon ID:		0x0

Logon Information:
	Logon Type:		3
	Restricted Admin Mode:	-
	Virtual Account:		No
	Elevated Token:		Yes

Impersonation Level:		Impersonation

New Logon:
	Security ID:		SYSTEM
	Account Name:		WIN-I7RFJ5N1K9P$
	Account Domain:		FDM1.LOCAL
	Logon ID:		0xA613F
	Linked Logon ID:		0x0
	Network Account Name:	-
	Network Account Domain:	-
	Logon GUID:		{b8a05ca2-2cbc-1df1-5410-5e7ee01a9732}

Process Information:
	Process ID:		0x0
	Process Name:		-

Network Information:
	Workstation Name:	-
	Source Network Address:	-
	Source Port:		-

Detailed Authentication Information:
	Logon Process:		Kerberos
	Authentication Package:	Kerberos
	Transited Services:	-
	Package Name (NTLM only):	-
	Key Length:		0

This event is generated when a logon session is created. It is generated on the computer that was accessed.

The subject fields indicate the account on the local system which requested the logon. This is most commonly a service such as the Server service, or a local process such as Winlogon.exe or Services.exe.

The logon type field indicates the kind of logon that occurred. The most common types are 2 (interactive) and 3 (network).

The New Logon fields indicate the account for whom the new logon was created, i.e. the account that was logged on.

The network fields indicate where a remote logon request originated. Workstation name is not always available and may be left blank in some cases.

The impersonation level field indicates the extent to which a process in the logon session can impersonate.

The authentication information fields provide detailed information about this specific logon request.
	- Logon GUID is a unique identifier that can be used to correlate this event with a KDC event.
	- Transited services indicate which intermediate services have participated in this logon request.
	- Package name indicates which sub-protocol was used among the NTLM protocols.
	- Key length indicates the length of the generated session key. This will be 0 if no session key was requested."
Audit Success,7/28/2025 8:57:34 AM,Microsoft-Windows-Security-Auditing,4672,Special Logon,"Special privileges assigned to new logon.

Subject:
	Security ID:		SYSTEM
	Account Name:		WIN-I7RFJ5N1K9P$
	Account Domain:		FDM1
	Logon ID:		0xA613F

Privileges:		SeSecurityPrivilege
			SeBackupPrivilege
			SeRestorePrivilege
			SeTakeOwnershipPrivilege
			SeDebugPrivilege
			SeSystemEnvironmentPrivilege
			SeLoadDriverPrivilege
			SeImpersonatePrivilege
			SeDelegateSessionUserImpersonatePrivilege
			SeEnableDelegationPrivilege"
Audit Success,7/28/2025 8:57:34 AM,Microsoft-Windows-Security-Auditing,4648,Logon,"A logon was attempted using explicit credentials.

Subject:
	Security ID:		SYSTEM
	Account Name:		WIN-I7RFJ5N1K9P$
	Account Domain:		FDM1
	Logon ID:		0x3E7
	Logon GUID:		{00000000-0000-0000-0000-000000000000}

Account Whose Credentials Were Used:
	Account Name:		WIN-I7RFJ5N1K9P$
	Account Domain:		FDM1.LOCAL
	Logon GUID:		{52179fe2-a24d-5a27-458e-f2f8b4744aab}

Target Server:
	Target Server Name:	win-i7rfj5n1k9p$
	Additional Information:	win-i7rfj5n1k9p$

Process Information:
	Process ID:		0x14c0
	Process Name:		C:\Windows\System32\taskhostw.exe

Network Information:
	Network Address:	-
	Port:			-

This event is generated when a process attempts to log on an account by explicitly specifying that account’s credentials.  This most commonly occurs in batch-type configurations such as scheduled tasks, or when using the RUNAS command."
Audit Success,7/28/2025 8:57:34 AM,Microsoft-Windows-Security-Auditing,4769,Kerberos Service Ticket Operations,"A Kerberos service ticket was requested.

Account Information:
	Account Name:		WIN-I7RFJ5N1K9P$@FDM1.LOCAL
	Account Domain:		FDM1.LOCAL
	Logon GUID:		{52179fe2-a24d-5a27-458e-f2f8b4744aab}

Service Information:
	Service Name:		WIN-I7RFJ5N1K9P$
	Service ID:		FDM1\WIN-I7RFJ5N1K9P$

Network Information:
	Client Address:		::1
	Client Port:		0

Additional Information:
	Ticket Options:		0x40810000
	Ticket Encryption Type:	0x12
	Failure Code:		0x0
	Transited Services:	-

This event is generated every time access is requested to a resource such as a computer or a Windows service.  The service name indicates the resource to which access was requested.

This event can be correlated with Windows logon events by comparing the Logon GUID fields in each event.  The logon event occurs on the machine that was accessed, which is often a different machine than the domain controller which issued the service ticket.

Ticket options, encryption types, and failure codes are defined in RFC 4120."
Audit Success,7/28/2025 8:57:34 AM,Microsoft-Windows-Security-Auditing,4768,Kerberos Authentication Service,"A Kerberos authentication ticket (TGT) was requested.

Account Information:
	Account Name:		WIN-I7RFJ5N1K9P$
	Supplied Realm Name:	FDM1.LOCAL
	User ID:			FDM1\WIN-I7RFJ5N1K9P$

Service Information:
	Service Name:		krbtgt
	Service ID:		FDM1\krbtgt

Network Information:
	Client Address:		::1
	Client Port:		0

Additional Information:
	Ticket Options:		0x40810010
	Result Code:		0x0
	Ticket Encryption Type:	0x12
	Pre-Authentication Type:	2

Certificate Information:
	Certificate Issuer Name:		
	Certificate Serial Number:	
	Certificate Thumbprint:		

Certificate information is only provided if a certificate was used for pre-authentication.

Pre-authentication types, ticket options, encryption types and result codes are defined in RFC 4120."
Audit Success,7/28/2025 8:57:34 AM,Microsoft-Windows-Security-Auditing,4627,Group Membership,"Group membership information.

Subject:
	Security ID:		NULL SID
	Account Name:		-
	Account Domain:		-
	Logon ID:		0x0

Logon Type:			3

New Logon:
	Security ID:		SYSTEM
	Account Name:		WIN-I7RFJ5N1K9P$
	Account Domain:		FDM1.LOCAL
	Logon ID:		0xA60BC

Event in sequence:		1 of 1

Group Membership:			
		BUILTIN\Administrators
		Everyone
		BUILTIN\Pre-Windows 2000 Compatible Access
		BUILTIN\Users
		BUILTIN\Windows Authorization Access Group
		NT AUTHORITY\NETWORK
		NT AUTHORITY\Authenticated Users
		NT AUTHORITY\This Organization
		FDM1\WIN-I7RFJ5N1K9P$
		FDM1\Domain Controllers
		NT AUTHORITY\ENTERPRISE DOMAIN CONTROLLERS
		Authentication authority asserted identity
		FDM1\Denied RODC Password Replication Group
		Mandatory Label\System Mandatory Level

The subject fields indicate the account on the local system which requested the logon. This is most commonly a service such as the Server service, or a local process such as Winlogon.exe or Services.exe.

The logon type field indicates the kind of logon that occurred. The most common types are 2 (interactive) and 3 (network).

The New Logon fields indicate the account for whom the new logon was created, i.e. the account that was logged on.

This event is generated when the Audit Group Membership subcategory is configured.  The Logon ID field can be used to correlate this event with the corresponding user logon event as well as to any other security audit events generated during this logon session."
Audit Success,7/28/2025 8:57:34 AM,Microsoft-Windows-Security-Auditing,4624,Logon,"An account was successfully logged on.

Subject:
	Security ID:		NULL SID
	Account Name:		-
	Account Domain:		-
	Logon ID:		0x0

Logon Information:
	Logon Type:		3
	Restricted Admin Mode:	-
	Virtual Account:		No
	Elevated Token:		Yes

Impersonation Level:		Impersonation

New Logon:
	Security ID:		SYSTEM
	Account Name:		WIN-I7RFJ5N1K9P$
	Account Domain:		FDM1.LOCAL
	Logon ID:		0xA60BC
	Linked Logon ID:		0x0
	Network Account Name:	-
	Network Account Domain:	-
	Logon GUID:		{2a5b9f6d-d714-a377-28d4-f7a2725b377c}

Process Information:
	Process ID:		0x0
	Process Name:		-

Network Information:
	Workstation Name:	-
	Source Network Address:	192.168.0.101
	Source Port:		52738

Detailed Authentication Information:
	Logon Process:		Kerberos
	Authentication Package:	Kerberos
	Transited Services:	-
	Package Name (NTLM only):	-
	Key Length:		0

This event is generated when a logon session is created. It is generated on the computer that was accessed.

The subject fields indicate the account on the local system which requested the logon. This is most commonly a service such as the Server service, or a local process such as Winlogon.exe or Services.exe.

The logon type field indicates the kind of logon that occurred. The most common types are 2 (interactive) and 3 (network).

The New Logon fields indicate the account for whom the new logon was created, i.e. the account that was logged on.

The network fields indicate where a remote logon request originated. Workstation name is not always available and may be left blank in some cases.

The impersonation level field indicates the extent to which a process in the logon session can impersonate.

The authentication information fields provide detailed information about this specific logon request.
	- Logon GUID is a unique identifier that can be used to correlate this event with a KDC event.
	- Transited services indicate which intermediate services have participated in this logon request.
	- Package name indicates which sub-protocol was used among the NTLM protocols.
	- Key length indicates the length of the generated session key. This will be 0 if no session key was requested."
Audit Success,7/28/2025 8:57:34 AM,Microsoft-Windows-Security-Auditing,4672,Special Logon,"Special privileges assigned to new logon.

Subject:
	Security ID:		SYSTEM
	Account Name:		WIN-I7RFJ5N1K9P$
	Account Domain:		FDM1
	Logon ID:		0xA60BC

Privileges:		SeSecurityPrivilege
			SeBackupPrivilege
			SeRestorePrivilege
			SeTakeOwnershipPrivilege
			SeDebugPrivilege
			SeSystemEnvironmentPrivilege
			SeLoadDriverPrivilege
			SeImpersonatePrivilege
			SeDelegateSessionUserImpersonatePrivilege
			SeEnableDelegationPrivilege"
Audit Success,7/28/2025 8:57:34 AM,Microsoft-Windows-Security-Auditing,4627,Group Membership,"Group membership information.

Subject:
	Security ID:		NULL SID
	Account Name:		-
	Account Domain:		-
	Logon ID:		0x0

Logon Type:			3

New Logon:
	Security ID:		SYSTEM
	Account Name:		WIN-I7RFJ5N1K9P$
	Account Domain:		FDM1.LOCAL
	Logon ID:		0xA5EB1

Event in sequence:		1 of 1

Group Membership:			
		BUILTIN\Administrators
		Everyone
		BUILTIN\Pre-Windows 2000 Compatible Access
		BUILTIN\Users
		BUILTIN\Windows Authorization Access Group
		NT AUTHORITY\NETWORK
		NT AUTHORITY\Authenticated Users
		NT AUTHORITY\This Organization
		FDM1\WIN-I7RFJ5N1K9P$
		FDM1\Domain Controllers
		NT AUTHORITY\ENTERPRISE DOMAIN CONTROLLERS
		Authentication authority asserted identity
		FDM1\Denied RODC Password Replication Group
		Mandatory Label\System Mandatory Level

The subject fields indicate the account on the local system which requested the logon. This is most commonly a service such as the Server service, or a local process such as Winlogon.exe or Services.exe.

The logon type field indicates the kind of logon that occurred. The most common types are 2 (interactive) and 3 (network).

The New Logon fields indicate the account for whom the new logon was created, i.e. the account that was logged on.

This event is generated when the Audit Group Membership subcategory is configured.  The Logon ID field can be used to correlate this event with the corresponding user logon event as well as to any other security audit events generated during this logon session."
Audit Success,7/28/2025 8:57:34 AM,Microsoft-Windows-Security-Auditing,4624,Logon,"An account was successfully logged on.

Subject:
	Security ID:		NULL SID
	Account Name:		-
	Account Domain:		-
	Logon ID:		0x0

Logon Information:
	Logon Type:		3
	Restricted Admin Mode:	-
	Virtual Account:		No
	Elevated Token:		Yes

Impersonation Level:		Impersonation

New Logon:
	Security ID:		SYSTEM
	Account Name:		WIN-I7RFJ5N1K9P$
	Account Domain:		FDM1.LOCAL
	Logon ID:		0xA5EB1
	Linked Logon ID:		0x0
	Network Account Name:	-
	Network Account Domain:	-
	Logon GUID:		{3ff862d4-a9d5-1b5e-7f1a-f657cbf49abd}

Process Information:
	Process ID:		0x0
	Process Name:		-

Network Information:
	Workstation Name:	-
	Source Network Address:	::1
	Source Port:		52736

Detailed Authentication Information:
	Logon Process:		Kerberos
	Authentication Package:	Kerberos
	Transited Services:	-
	Package Name (NTLM only):	-
	Key Length:		0

This event is generated when a logon session is created. It is generated on the computer that was accessed.

The subject fields indicate the account on the local system which requested the logon. This is most commonly a service such as the Server service, or a local process such as Winlogon.exe or Services.exe.

The logon type field indicates the kind of logon that occurred. The most common types are 2 (interactive) and 3 (network).

The New Logon fields indicate the account for whom the new logon was created, i.e. the account that was logged on.

The network fields indicate where a remote logon request originated. Workstation name is not always available and may be left blank in some cases.

The impersonation level field indicates the extent to which a process in the logon session can impersonate.

The authentication information fields provide detailed information about this specific logon request.
	- Logon GUID is a unique identifier that can be used to correlate this event with a KDC event.
	- Transited services indicate which intermediate services have participated in this logon request.
	- Package name indicates which sub-protocol was used among the NTLM protocols.
	- Key length indicates the length of the generated session key. This will be 0 if no session key was requested."
Audit Success,7/28/2025 8:57:34 AM,Microsoft-Windows-Security-Auditing,4672,Special Logon,"Special privileges assigned to new logon.

Subject:
	Security ID:		SYSTEM
	Account Name:		WIN-I7RFJ5N1K9P$
	Account Domain:		FDM1
	Logon ID:		0xA5EB1

Privileges:		SeSecurityPrivilege
			SeBackupPrivilege
			SeRestorePrivilege
			SeTakeOwnershipPrivilege
			SeDebugPrivilege
			SeSystemEnvironmentPrivilege
			SeLoadDriverPrivilege
			SeImpersonatePrivilege
			SeDelegateSessionUserImpersonatePrivilege
			SeEnableDelegationPrivilege"
Audit Success,7/28/2025 8:57:33 AM,Microsoft-Windows-Security-Auditing,4634,Logoff,"An account was logged off.

Subject:
	Security ID:		SYSTEM
	Account Name:		WIN-I7RFJ5N1K9P$
	Account Domain:		FDM1
	Logon ID:		0xA3D7F

Logon Type:			3

This event is generated when a logon session is destroyed. It may be positively correlated with a logon event using the Logon ID value. Logon IDs are only unique between reboots on the same computer."
Audit Success,7/28/2025 8:57:33 AM,Microsoft-Windows-Security-Auditing,4672,Special Logon,"Special privileges assigned to new logon.

Subject:
	Security ID:		SYSTEM
	Account Name:		SYSTEM
	Account Domain:		NT AUTHORITY
	Logon ID:		0x3E7

Privileges:		SeAssignPrimaryTokenPrivilege
			SeTcbPrivilege
			SeSecurityPrivilege
			SeTakeOwnershipPrivilege
			SeLoadDriverPrivilege
			SeBackupPrivilege
			SeRestorePrivilege
			SeDebugPrivilege
			SeAuditPrivilege
			SeSystemEnvironmentPrivilege
			SeImpersonatePrivilege
			SeDelegateSessionUserImpersonatePrivilege"
Audit Success,7/28/2025 8:57:33 AM,Microsoft-Windows-Security-Auditing,4627,Group Membership,"Group membership information.

Subject:
	Security ID:		SYSTEM
	Account Name:		WIN-I7RFJ5N1K9P$
	Account Domain:		FDM1
	Logon ID:		0x3E7

Logon Type:			5

New Logon:
	Security ID:		SYSTEM
	Account Name:		SYSTEM
	Account Domain:		NT AUTHORITY
	Logon ID:		0x3E7

Event in sequence:		1 of 1

Group Membership:			
		BUILTIN\Administrators
		Everyone
		NT AUTHORITY\Authenticated Users
		Mandatory Label\System Mandatory Level

The subject fields indicate the account on the local system which requested the logon. This is most commonly a service such as the Server service, or a local process such as Winlogon.exe or Services.exe.

The logon type field indicates the kind of logon that occurred. The most common types are 2 (interactive) and 3 (network).

The New Logon fields indicate the account for whom the new logon was created, i.e. the account that was logged on.

This event is generated when the Audit Group Membership subcategory is configured.  The Logon ID field can be used to correlate this event with the corresponding user logon event as well as to any other security audit events generated during this logon session."
Audit Success,7/28/2025 8:57:33 AM,Microsoft-Windows-Security-Auditing,4624,Logon,"An account was successfully logged on.

Subject:
	Security ID:		SYSTEM
	Account Name:		WIN-I7RFJ5N1K9P$
	Account Domain:		FDM1
	Logon ID:		0x3E7

Logon Information:
	Logon Type:		5
	Restricted Admin Mode:	-
	Virtual Account:		No
	Elevated Token:		Yes

Impersonation Level:		Impersonation

New Logon:
	Security ID:		SYSTEM
	Account Name:		SYSTEM
	Account Domain:		NT AUTHORITY
	Logon ID:		0x3E7
	Linked Logon ID:		0x0
	Network Account Name:	-
	Network Account Domain:	-
	Logon GUID:		{00000000-0000-0000-0000-000000000000}

Process Information:
	Process ID:		0x2d0
	Process Name:		C:\Windows\System32\services.exe

Network Information:
	Workstation Name:	-
	Source Network Address:	-
	Source Port:		-

Detailed Authentication Information:
	Logon Process:		Advapi  
	Authentication Package:	Negotiate
	Transited Services:	-
	Package Name (NTLM only):	-
	Key Length:		0

This event is generated when a logon session is created. It is generated on the computer that was accessed.

The subject fields indicate the account on the local system which requested the logon. This is most commonly a service such as the Server service, or a local process such as Winlogon.exe or Services.exe.

The logon type field indicates the kind of logon that occurred. The most common types are 2 (interactive) and 3 (network).

The New Logon fields indicate the account for whom the new logon was created, i.e. the account that was logged on.

The network fields indicate where a remote logon request originated. Workstation name is not always available and may be left blank in some cases.

The impersonation level field indicates the extent to which a process in the logon session can impersonate.

The authentication information fields provide detailed information about this specific logon request.
	- Logon GUID is a unique identifier that can be used to correlate this event with a KDC event.
	- Transited services indicate which intermediate services have participated in this logon request.
	- Package name indicates which sub-protocol was used among the NTLM protocols.
	- Key length indicates the length of the generated session key. This will be 0 if no session key was requested."
Audit Success,7/28/2025 8:57:33 AM,Microsoft-Windows-Security-Auditing,4627,Group Membership,"Group membership information.

Subject:
	Security ID:		NULL SID
	Account Name:		-
	Account Domain:		-
	Logon ID:		0x0

Logon Type:			3

New Logon:
	Security ID:		SYSTEM
	Account Name:		WIN-I7RFJ5N1K9P$
	Account Domain:		FDM1.LOCAL
	Logon ID:		0xA3D7F

Event in sequence:		1 of 1

Group Membership:			
		BUILTIN\Administrators
		Everyone
		BUILTIN\Pre-Windows 2000 Compatible Access
		BUILTIN\Users
		BUILTIN\Windows Authorization Access Group
		NT AUTHORITY\NETWORK
		NT AUTHORITY\Authenticated Users
		NT AUTHORITY\This Organization
		FDM1\WIN-I7RFJ5N1K9P$
		FDM1\Domain Controllers
		NT AUTHORITY\ENTERPRISE DOMAIN CONTROLLERS
		Authentication authority asserted identity
		FDM1\Denied RODC Password Replication Group
		Mandatory Label\System Mandatory Level

The subject fields indicate the account on the local system which requested the logon. This is most commonly a service such as the Server service, or a local process such as Winlogon.exe or Services.exe.

The logon type field indicates the kind of logon that occurred. The most common types are 2 (interactive) and 3 (network).

The New Logon fields indicate the account for whom the new logon was created, i.e. the account that was logged on.

This event is generated when the Audit Group Membership subcategory is configured.  The Logon ID field can be used to correlate this event with the corresponding user logon event as well as to any other security audit events generated during this logon session."
Audit Success,7/28/2025 8:57:33 AM,Microsoft-Windows-Security-Auditing,4624,Logon,"An account was successfully logged on.

Subject:
	Security ID:		NULL SID
	Account Name:		-
	Account Domain:		-
	Logon ID:		0x0

Logon Information:
	Logon Type:		3
	Restricted Admin Mode:	-
	Virtual Account:		No
	Elevated Token:		Yes

Impersonation Level:		Impersonation

New Logon:
	Security ID:		SYSTEM
	Account Name:		WIN-I7RFJ5N1K9P$
	Account Domain:		FDM1.LOCAL
	Logon ID:		0xA3D7F
	Linked Logon ID:		0x0
	Network Account Name:	-
	Network Account Domain:	-
	Logon GUID:		{2a5b9f6d-d714-a377-28d4-f7a2725b377c}

Process Information:
	Process ID:		0x0
	Process Name:		-

Network Information:
	Workstation Name:	-
	Source Network Address:	fe80::90bc:164a:3228:565d
	Source Port:		52734

Detailed Authentication Information:
	Logon Process:		Kerberos
	Authentication Package:	Kerberos
	Transited Services:	-
	Package Name (NTLM only):	-
	Key Length:		0

This event is generated when a logon session is created. It is generated on the computer that was accessed.

The subject fields indicate the account on the local system which requested the logon. This is most commonly a service such as the Server service, or a local process such as Winlogon.exe or Services.exe.

The logon type field indicates the kind of logon that occurred. The most common types are 2 (interactive) and 3 (network).

The New Logon fields indicate the account for whom the new logon was created, i.e. the account that was logged on.

The network fields indicate where a remote logon request originated. Workstation name is not always available and may be left blank in some cases.

The impersonation level field indicates the extent to which a process in the logon session can impersonate.

The authentication information fields provide detailed information about this specific logon request.
	- Logon GUID is a unique identifier that can be used to correlate this event with a KDC event.
	- Transited services indicate which intermediate services have participated in this logon request.
	- Package name indicates which sub-protocol was used among the NTLM protocols.
	- Key length indicates the length of the generated session key. This will be 0 if no session key was requested."
Audit Success,7/28/2025 8:57:33 AM,Microsoft-Windows-Security-Auditing,4672,Special Logon,"Special privileges assigned to new logon.

Subject:
	Security ID:		SYSTEM
	Account Name:		WIN-I7RFJ5N1K9P$
	Account Domain:		FDM1
	Logon ID:		0xA3D7F

Privileges:		SeSecurityPrivilege
			SeBackupPrivilege
			SeRestorePrivilege
			SeTakeOwnershipPrivilege
			SeDebugPrivilege
			SeSystemEnvironmentPrivilege
			SeLoadDriverPrivilege
			SeImpersonatePrivilege
			SeDelegateSessionUserImpersonatePrivilege
			SeEnableDelegationPrivilege"
Audit Success,7/28/2025 8:57:33 AM,Microsoft-Windows-Security-Auditing,4627,Group Membership,"Group membership information.

Subject:
	Security ID:		NULL SID
	Account Name:		-
	Account Domain:		-
	Logon ID:		0x0

Logon Type:			3

New Logon:
	Security ID:		SYSTEM
	Account Name:		WIN-I7RFJ5N1K9P$
	Account Domain:		FDM1.LOCAL
	Logon ID:		0xA3C65

Event in sequence:		1 of 1

Group Membership:			
		BUILTIN\Administrators
		Everyone
		BUILTIN\Pre-Windows 2000 Compatible Access
		BUILTIN\Users
		BUILTIN\Windows Authorization Access Group
		NT AUTHORITY\NETWORK
		NT AUTHORITY\Authenticated Users
		NT AUTHORITY\This Organization
		FDM1\WIN-I7RFJ5N1K9P$
		FDM1\Domain Controllers
		NT AUTHORITY\ENTERPRISE DOMAIN CONTROLLERS
		Authentication authority asserted identity
		FDM1\Denied RODC Password Replication Group
		Mandatory Label\System Mandatory Level

The subject fields indicate the account on the local system which requested the logon. This is most commonly a service such as the Server service, or a local process such as Winlogon.exe or Services.exe.

The logon type field indicates the kind of logon that occurred. The most common types are 2 (interactive) and 3 (network).

The New Logon fields indicate the account for whom the new logon was created, i.e. the account that was logged on.

This event is generated when the Audit Group Membership subcategory is configured.  The Logon ID field can be used to correlate this event with the corresponding user logon event as well as to any other security audit events generated during this logon session."
Audit Success,7/28/2025 8:57:33 AM,Microsoft-Windows-Security-Auditing,4624,Logon,"An account was successfully logged on.

Subject:
	Security ID:		NULL SID
	Account Name:		-
	Account Domain:		-
	Logon ID:		0x0

Logon Information:
	Logon Type:		3
	Restricted Admin Mode:	-
	Virtual Account:		No
	Elevated Token:		Yes

Impersonation Level:		Impersonation

New Logon:
	Security ID:		SYSTEM
	Account Name:		WIN-I7RFJ5N1K9P$
	Account Domain:		FDM1.LOCAL
	Logon ID:		0xA3C65
	Linked Logon ID:		0x0
	Network Account Name:	-
	Network Account Domain:	-
	Logon GUID:		{2a5b9f6d-d714-a377-28d4-f7a2725b377c}

Process Information:
	Process ID:		0x0
	Process Name:		-

Network Information:
	Workstation Name:	-
	Source Network Address:	fe80::90bc:164a:3228:565d
	Source Port:		52731

Detailed Authentication Information:
	Logon Process:		Kerberos
	Authentication Package:	Kerberos
	Transited Services:	-
	Package Name (NTLM only):	-
	Key Length:		0

This event is generated when a logon session is created. It is generated on the computer that was accessed.

The subject fields indicate the account on the local system which requested the logon. This is most commonly a service such as the Server service, or a local process such as Winlogon.exe or Services.exe.

The logon type field indicates the kind of logon that occurred. The most common types are 2 (interactive) and 3 (network).

The New Logon fields indicate the account for whom the new logon was created, i.e. the account that was logged on.

The network fields indicate where a remote logon request originated. Workstation name is not always available and may be left blank in some cases.

The impersonation level field indicates the extent to which a process in the logon session can impersonate.

The authentication information fields provide detailed information about this specific logon request.
	- Logon GUID is a unique identifier that can be used to correlate this event with a KDC event.
	- Transited services indicate which intermediate services have participated in this logon request.
	- Package name indicates which sub-protocol was used among the NTLM protocols.
	- Key length indicates the length of the generated session key. This will be 0 if no session key was requested."
Audit Success,7/28/2025 8:57:33 AM,Microsoft-Windows-Security-Auditing,4672,Special Logon,"Special privileges assigned to new logon.

Subject:
	Security ID:		SYSTEM
	Account Name:		WIN-I7RFJ5N1K9P$
	Account Domain:		FDM1
	Logon ID:		0xA3C65

Privileges:		SeSecurityPrivilege
			SeBackupPrivilege
			SeRestorePrivilege
			SeTakeOwnershipPrivilege
			SeDebugPrivilege
			SeSystemEnvironmentPrivilege
			SeLoadDriverPrivilege
			SeImpersonatePrivilege
			SeDelegateSessionUserImpersonatePrivilege
			SeEnableDelegationPrivilege"
Audit Success,7/28/2025 8:57:33 AM,Microsoft-Windows-Security-Auditing,4634,Logoff,"An account was logged off.

Subject:
	Security ID:		SYSTEM
	Account Name:		WIN-I7RFJ5N1K9P$
	Account Domain:		FDM1
	Logon ID:		0xA2AB5

Logon Type:			3

This event is generated when a logon session is destroyed. It may be positively correlated with a logon event using the Logon ID value. Logon IDs are only unique between reboots on the same computer."
Audit Success,7/28/2025 8:57:33 AM,Microsoft-Windows-Security-Auditing,4719,Audit Policy Change,"System audit policy was changed.

Subject:
	Security ID:		SYSTEM
	Account Name:		WIN-I7RFJ5N1K9P$
	Account Domain:		FDM1
	Logon ID:		0x3E7

Audit Policy Change:
	Category:		Account Logon
	Subcategory:		Kerberos Authentication Service
	Subcategory GUID:	{0cce9242-69ae-11d9-bed3-505054503030}
	Changes:		Failure added"
Audit Success,7/28/2025 8:57:33 AM,Microsoft-Windows-Security-Auditing,4719,Audit Policy Change,"System audit policy was changed.

Subject:
	Security ID:		SYSTEM
	Account Name:		WIN-I7RFJ5N1K9P$
	Account Domain:		FDM1
	Logon ID:		0x3E7

Audit Policy Change:
	Category:		Account Logon
	Subcategory:		Other Account Logon Events
	Subcategory GUID:	{0cce9241-69ae-11d9-bed3-505054503030}
	Changes:		Success Added, Failure added"
Audit Success,7/28/2025 8:57:33 AM,Microsoft-Windows-Security-Auditing,4719,Audit Policy Change,"System audit policy was changed.

Subject:
	Security ID:		SYSTEM
	Account Name:		WIN-I7RFJ5N1K9P$
	Account Domain:		FDM1
	Logon ID:		0x3E7

Audit Policy Change:
	Category:		Account Logon
	Subcategory:		Kerberos Service Ticket Operations
	Subcategory GUID:	{0cce9240-69ae-11d9-bed3-505054503030}
	Changes:		Failure added"
Audit Success,7/28/2025 8:57:33 AM,Microsoft-Windows-Security-Auditing,4719,Audit Policy Change,"System audit policy was changed.

Subject:
	Security ID:		SYSTEM
	Account Name:		WIN-I7RFJ5N1K9P$
	Account Domain:		FDM1
	Logon ID:		0x3E7

Audit Policy Change:
	Category:		Account Logon
	Subcategory:		Credential Validation
	Subcategory GUID:	{0cce923f-69ae-11d9-bed3-505054503030}
	Changes:		Failure added"
Audit Success,7/28/2025 8:57:33 AM,Microsoft-Windows-Security-Auditing,4719,Audit Policy Change,"System audit policy was changed.

Subject:
	Security ID:		SYSTEM
	Account Name:		WIN-I7RFJ5N1K9P$
	Account Domain:		FDM1
	Logon ID:		0x3E7

Audit Policy Change:
	Category:		Logon/Logoff
	Subcategory:		Group Membership
	Subcategory GUID:	{0cce9249-69ae-11d9-bed3-505054503030}
	Changes:		Success Added, Failure added"
Audit Success,7/28/2025 8:57:33 AM,Microsoft-Windows-Security-Auditing,4719,Audit Policy Change,"System audit policy was changed.

Subject:
	Security ID:		SYSTEM
	Account Name:		WIN-I7RFJ5N1K9P$
	Account Domain:		FDM1
	Logon ID:		0x3E7

Audit Policy Change:
	Category:		Logon/Logoff
	Subcategory:		User / Device Claims
	Subcategory GUID:	{0cce9247-69ae-11d9-bed3-505054503030}
	Changes:		Success Added, Failure added"
Audit Success,7/28/2025 8:57:33 AM,Microsoft-Windows-Security-Auditing,4719,Audit Policy Change,"System audit policy was changed.

Subject:
	Security ID:		SYSTEM
	Account Name:		WIN-I7RFJ5N1K9P$
	Account Domain:		FDM1
	Logon ID:		0x3E7

Audit Policy Change:
	Category:		Logon/Logoff
	Subcategory:		Other Logon/Logoff Events
	Subcategory GUID:	{0cce921c-69ae-11d9-bed3-505054503030}
	Changes:		Success Added, Failure added"
Audit Success,7/28/2025 8:57:33 AM,Microsoft-Windows-Security-Auditing,4719,Audit Policy Change,"System audit policy was changed.

Subject:
	Security ID:		SYSTEM
	Account Name:		WIN-I7RFJ5N1K9P$
	Account Domain:		FDM1
	Logon ID:		0x3E7

Audit Policy Change:
	Category:		Logon/Logoff
	Subcategory:		IPsec Extended Mode
	Subcategory GUID:	{0cce921a-69ae-11d9-bed3-505054503030}
	Changes:		Success Added, Failure added"
Audit Success,7/28/2025 8:57:33 AM,Microsoft-Windows-Security-Auditing,4719,Audit Policy Change,"System audit policy was changed.

Subject:
	Security ID:		SYSTEM
	Account Name:		WIN-I7RFJ5N1K9P$
	Account Domain:		FDM1
	Logon ID:		0x3E7

Audit Policy Change:
	Category:		Logon/Logoff
	Subcategory:		IPsec Quick Mode
	Subcategory GUID:	{0cce9219-69ae-11d9-bed3-505054503030}
	Changes:		Success Added, Failure added"
Audit Success,7/28/2025 8:57:33 AM,Microsoft-Windows-Security-Auditing,4719,Audit Policy Change,"System audit policy was changed.

Subject:
	Security ID:		SYSTEM
	Account Name:		WIN-I7RFJ5N1K9P$
	Account Domain:		FDM1
	Logon ID:		0x3E7

Audit Policy Change:
	Category:		Logon/Logoff
	Subcategory:		Special Logon
	Subcategory GUID:	{0cce921b-69ae-11d9-bed3-505054503030}
	Changes:		Failure added"
Audit Success,7/28/2025 8:57:33 AM,Microsoft-Windows-Security-Auditing,4719,Audit Policy Change,"System audit policy was changed.

Subject:
	Security ID:		SYSTEM
	Account Name:		WIN-I7RFJ5N1K9P$
	Account Domain:		FDM1
	Logon ID:		0x3E7

Audit Policy Change:
	Category:		Logon/Logoff
	Subcategory:		IPsec Main Mode
	Subcategory GUID:	{0cce9218-69ae-11d9-bed3-505054503030}
	Changes:		Success Added, Failure added"
Audit Success,7/28/2025 8:57:33 AM,Microsoft-Windows-Security-Auditing,4719,Audit Policy Change,"System audit policy was changed.

Subject:
	Security ID:		SYSTEM
	Account Name:		WIN-I7RFJ5N1K9P$
	Account Domain:		FDM1
	Logon ID:		0x3E7

Audit Policy Change:
	Category:		Logon/Logoff
	Subcategory:		Account Lockout
	Subcategory GUID:	{0cce9217-69ae-11d9-bed3-505054503030}
	Changes:		Failure added"
Audit Success,7/28/2025 8:57:33 AM,Microsoft-Windows-Security-Auditing,4719,Audit Policy Change,"System audit policy was changed.

Subject:
	Security ID:		SYSTEM
	Account Name:		WIN-I7RFJ5N1K9P$
	Account Domain:		FDM1
	Logon ID:		0x3E7

Audit Policy Change:
	Category:		Logon/Logoff
	Subcategory:		Logoff
	Subcategory GUID:	{0cce9216-69ae-11d9-bed3-505054503030}
	Changes:		Failure added"
Audit Success,7/28/2025 8:57:31 AM,Microsoft-Windows-Security-Auditing,4634,Logoff,"An account was logged off.

Subject:
	Security ID:		SYSTEM
	Account Name:		WIN-I7RFJ5N1K9P$
	Account Domain:		FDM1
	Logon ID:		0xA2D41

Logon Type:			3

This event is generated when a logon session is destroyed. It may be positively correlated with a logon event using the Logon ID value. Logon IDs are only unique between reboots on the same computer."
Audit Success,7/28/2025 8:57:31 AM,Microsoft-Windows-Security-Auditing,4624,Logon,"An account was successfully logged on.

Subject:
	Security ID:		NULL SID
	Account Name:		-
	Account Domain:		-
	Logon ID:		0x0

Logon Information:
	Logon Type:		3
	Restricted Admin Mode:	-
	Virtual Account:		No
	Elevated Token:		Yes

Impersonation Level:		Impersonation

New Logon:
	Security ID:		SYSTEM
	Account Name:		WIN-I7RFJ5N1K9P$
	Account Domain:		FDM1.LOCAL
	Logon ID:		0xA2D41
	Linked Logon ID:		0x0
	Network Account Name:	-
	Network Account Domain:	-
	Logon GUID:		{ad66dc5f-1a77-0a11-e687-6a43592295f2}

Process Information:
	Process ID:		0x0
	Process Name:		-

Network Information:
	Workstation Name:	-
	Source Network Address:	::1
	Source Port:		0

Detailed Authentication Information:
	Logon Process:		Kerberos
	Authentication Package:	Kerberos
	Transited Services:	-
	Package Name (NTLM only):	-
	Key Length:		0

This event is generated when a logon session is created. It is generated on the computer that was accessed.

The subject fields indicate the account on the local system which requested the logon. This is most commonly a service such as the Server service, or a local process such as Winlogon.exe or Services.exe.

The logon type field indicates the kind of logon that occurred. The most common types are 2 (interactive) and 3 (network).

The New Logon fields indicate the account for whom the new logon was created, i.e. the account that was logged on.

The network fields indicate where a remote logon request originated. Workstation name is not always available and may be left blank in some cases.

The impersonation level field indicates the extent to which a process in the logon session can impersonate.

The authentication information fields provide detailed information about this specific logon request.
	- Logon GUID is a unique identifier that can be used to correlate this event with a KDC event.
	- Transited services indicate which intermediate services have participated in this logon request.
	- Package name indicates which sub-protocol was used among the NTLM protocols.
	- Key length indicates the length of the generated session key. This will be 0 if no session key was requested."
Audit Success,7/28/2025 8:57:31 AM,Microsoft-Windows-Security-Auditing,4672,Special Logon,"Special privileges assigned to new logon.

Subject:
	Security ID:		SYSTEM
	Account Name:		WIN-I7RFJ5N1K9P$
	Account Domain:		FDM1
	Logon ID:		0xA2D41

Privileges:		SeSecurityPrivilege
			SeBackupPrivilege
			SeRestorePrivilege
			SeTakeOwnershipPrivilege
			SeDebugPrivilege
			SeSystemEnvironmentPrivilege
			SeLoadDriverPrivilege
			SeImpersonatePrivilege
			SeDelegateSessionUserImpersonatePrivilege
			SeEnableDelegationPrivilege"
Audit Success,7/28/2025 8:57:31 AM,Microsoft-Windows-Security-Auditing,4634,Logoff,"An account was logged off.

Subject:
	Security ID:		SYSTEM
	Account Name:		WIN-I7RFJ5N1K9P$
	Account Domain:		FDM1
	Logon ID:		0xA2BCC

Logon Type:			3

This event is generated when a logon session is destroyed. It may be positively correlated with a logon event using the Logon ID value. Logon IDs are only unique between reboots on the same computer."
Audit Success,7/28/2025 8:57:31 AM,Microsoft-Windows-Security-Auditing,4634,Logoff,"An account was logged off.

Subject:
	Security ID:		SYSTEM
	Account Name:		WIN-I7RFJ5N1K9P$
	Account Domain:		FDM1
	Logon ID:		0xA2C1B

Logon Type:			3

This event is generated when a logon session is destroyed. It may be positively correlated with a logon event using the Logon ID value. Logon IDs are only unique between reboots on the same computer."
Audit Success,7/28/2025 8:57:31 AM,Microsoft-Windows-Security-Auditing,4624,Logon,"An account was successfully logged on.

Subject:
	Security ID:		NULL SID
	Account Name:		-
	Account Domain:		-
	Logon ID:		0x0

Logon Information:
	Logon Type:		3
	Restricted Admin Mode:	-
	Virtual Account:		No
	Elevated Token:		Yes

Impersonation Level:		Impersonation

New Logon:
	Security ID:		SYSTEM
	Account Name:		WIN-I7RFJ5N1K9P$
	Account Domain:		FDM1.LOCAL
	Logon ID:		0xA2C1B
	Linked Logon ID:		0x0
	Network Account Name:	-
	Network Account Domain:	-
	Logon GUID:		{2a5b9f6d-d714-a377-28d4-f7a2725b377c}

Process Information:
	Process ID:		0x0
	Process Name:		-

Network Information:
	Workstation Name:	-
	Source Network Address:	192.168.0.101
	Source Port:		52733

Detailed Authentication Information:
	Logon Process:		Kerberos
	Authentication Package:	Kerberos
	Transited Services:	-
	Package Name (NTLM only):	-
	Key Length:		0

This event is generated when a logon session is created. It is generated on the computer that was accessed.

The subject fields indicate the account on the local system which requested the logon. This is most commonly a service such as the Server service, or a local process such as Winlogon.exe or Services.exe.

The logon type field indicates the kind of logon that occurred. The most common types are 2 (interactive) and 3 (network).

The New Logon fields indicate the account for whom the new logon was created, i.e. the account that was logged on.

The network fields indicate where a remote logon request originated. Workstation name is not always available and may be left blank in some cases.

The impersonation level field indicates the extent to which a process in the logon session can impersonate.

The authentication information fields provide detailed information about this specific logon request.
	- Logon GUID is a unique identifier that can be used to correlate this event with a KDC event.
	- Transited services indicate which intermediate services have participated in this logon request.
	- Package name indicates which sub-protocol was used among the NTLM protocols.
	- Key length indicates the length of the generated session key. This will be 0 if no session key was requested."
Audit Success,7/28/2025 8:57:31 AM,Microsoft-Windows-Security-Auditing,4672,Special Logon,"Special privileges assigned to new logon.

Subject:
	Security ID:		SYSTEM
	Account Name:		WIN-I7RFJ5N1K9P$
	Account Domain:		FDM1
	Logon ID:		0xA2C1B

Privileges:		SeSecurityPrivilege
			SeBackupPrivilege
			SeRestorePrivilege
			SeTakeOwnershipPrivilege
			SeDebugPrivilege
			SeSystemEnvironmentPrivilege
			SeLoadDriverPrivilege
			SeImpersonatePrivilege
			SeDelegateSessionUserImpersonatePrivilege
			SeEnableDelegationPrivilege"
Audit Success,7/28/2025 8:57:31 AM,Microsoft-Windows-Security-Auditing,4624,Logon,"An account was successfully logged on.

Subject:
	Security ID:		NULL SID
	Account Name:		-
	Account Domain:		-
	Logon ID:		0x0

Logon Information:
	Logon Type:		3
	Restricted Admin Mode:	-
	Virtual Account:		No
	Elevated Token:		Yes

Impersonation Level:		Impersonation

New Logon:
	Security ID:		SYSTEM
	Account Name:		WIN-I7RFJ5N1K9P$
	Account Domain:		FDM1.LOCAL
	Logon ID:		0xA2BCC
	Linked Logon ID:		0x0
	Network Account Name:	-
	Network Account Domain:	-
	Logon GUID:		{ad66dc5f-1a77-0a11-e687-6a43592295f2}

Process Information:
	Process ID:		0x0
	Process Name:		-

Network Information:
	Workstation Name:	-
	Source Network Address:	::1
	Source Port:		0

Detailed Authentication Information:
	Logon Process:		Kerberos
	Authentication Package:	Kerberos
	Transited Services:	-
	Package Name (NTLM only):	-
	Key Length:		0

This event is generated when a logon session is created. It is generated on the computer that was accessed.

The subject fields indicate the account on the local system which requested the logon. This is most commonly a service such as the Server service, or a local process such as Winlogon.exe or Services.exe.

The logon type field indicates the kind of logon that occurred. The most common types are 2 (interactive) and 3 (network).

The New Logon fields indicate the account for whom the new logon was created, i.e. the account that was logged on.

The network fields indicate where a remote logon request originated. Workstation name is not always available and may be left blank in some cases.

The impersonation level field indicates the extent to which a process in the logon session can impersonate.

The authentication information fields provide detailed information about this specific logon request.
	- Logon GUID is a unique identifier that can be used to correlate this event with a KDC event.
	- Transited services indicate which intermediate services have participated in this logon request.
	- Package name indicates which sub-protocol was used among the NTLM protocols.
	- Key length indicates the length of the generated session key. This will be 0 if no session key was requested."
Audit Success,7/28/2025 8:57:31 AM,Microsoft-Windows-Security-Auditing,4672,Special Logon,"Special privileges assigned to new logon.

Subject:
	Security ID:		SYSTEM
	Account Name:		WIN-I7RFJ5N1K9P$
	Account Domain:		FDM1
	Logon ID:		0xA2BCC

Privileges:		SeSecurityPrivilege
			SeBackupPrivilege
			SeRestorePrivilege
			SeTakeOwnershipPrivilege
			SeDebugPrivilege
			SeSystemEnvironmentPrivilege
			SeLoadDriverPrivilege
			SeImpersonatePrivilege
			SeDelegateSessionUserImpersonatePrivilege
			SeEnableDelegationPrivilege"
Audit Success,7/28/2025 8:57:31 AM,Microsoft-Windows-Security-Auditing,4624,Logon,"An account was successfully logged on.

Subject:
	Security ID:		NULL SID
	Account Name:		-
	Account Domain:		-
	Logon ID:		0x0

Logon Information:
	Logon Type:		3
	Restricted Admin Mode:	-
	Virtual Account:		No
	Elevated Token:		Yes

Impersonation Level:		Delegation

New Logon:
	Security ID:		SYSTEM
	Account Name:		WIN-I7RFJ5N1K9P$
	Account Domain:		FDM1.LOCAL
	Logon ID:		0xA2AE4
	Linked Logon ID:		0x0
	Network Account Name:	-
	Network Account Domain:	-
	Logon GUID:		{ad66dc5f-1a77-0a11-e687-6a43592295f2}

Process Information:
	Process ID:		0x0
	Process Name:		-

Network Information:
	Workstation Name:	-
	Source Network Address:	fe80::90bc:164a:3228:565d
	Source Port:		52729

Detailed Authentication Information:
	Logon Process:		Kerberos
	Authentication Package:	Kerberos
	Transited Services:	-
	Package Name (NTLM only):	-
	Key Length:		0

This event is generated when a logon session is created. It is generated on the computer that was accessed.

The subject fields indicate the account on the local system which requested the logon. This is most commonly a service such as the Server service, or a local process such as Winlogon.exe or Services.exe.

The logon type field indicates the kind of logon that occurred. The most common types are 2 (interactive) and 3 (network).

The New Logon fields indicate the account for whom the new logon was created, i.e. the account that was logged on.

The network fields indicate where a remote logon request originated. Workstation name is not always available and may be left blank in some cases.

The impersonation level field indicates the extent to which a process in the logon session can impersonate.

The authentication information fields provide detailed information about this specific logon request.
	- Logon GUID is a unique identifier that can be used to correlate this event with a KDC event.
	- Transited services indicate which intermediate services have participated in this logon request.
	- Package name indicates which sub-protocol was used among the NTLM protocols.
	- Key length indicates the length of the generated session key. This will be 0 if no session key was requested."
Audit Success,7/28/2025 8:57:31 AM,Microsoft-Windows-Security-Auditing,4672,Special Logon,"Special privileges assigned to new logon.

Subject:
	Security ID:		SYSTEM
	Account Name:		WIN-I7RFJ5N1K9P$
	Account Domain:		FDM1
	Logon ID:		0xA2AE4

Privileges:		SeSecurityPrivilege
			SeBackupPrivilege
			SeRestorePrivilege
			SeTakeOwnershipPrivilege
			SeDebugPrivilege
			SeSystemEnvironmentPrivilege
			SeLoadDriverPrivilege
			SeImpersonatePrivilege
			SeDelegateSessionUserImpersonatePrivilege
			SeEnableDelegationPrivilege"
