Audit Success,7/28/2025 8:44:12 AM,Microsoft-Windows-Security-Auditing,4624,Logon,"An account was successfully logged on.

Subject:
	Security ID:		NULL SID
	Account Name:		-
	Account Domain:		-
	Logon ID:		0x0

Logon Information:
	Logon Type:		3
	Restricted Admin Mode:	-
	Virtual Account:		No
	Elevated Token:		Yes

Impersonation Level:		Impersonation

New Logon:
	Security ID:		FDM1\WIN-5NRSA2BSVFU$
	Account Name:		WIN-5NRSA2BSVFU$
	Account Domain:		FDM1.LOCAL
	Logon ID:		0x32E8D9
	Linked Logon ID:		0x0
	Network Account Name:	-
	Network Account Domain:	-
	Logon GUID:		{b8f73135-d928-0c5d-a970-725f59b2b4ce}

Process Information:
	Process ID:		0x0
	Process Name:		-

Network Information:
	Workstation Name:	-
	Source Network Address:	192.168.0.105
	Source Port:		49739

Detailed Authentication Information:
	Logon Process:		Kerberos
	Authentication Package:	Kerberos
	Transited Services:	-
	Package Name (NTLM only):	-
	Key Length:		0

This event is generated when a logon session is created. It is generated on the computer that was accessed.

The subject fields indicate the account on the local system which requested the logon. This is most commonly a service such as the Server service, or a local process such as Winlogon.exe or Services.exe.

The logon type field indicates the kind of logon that occurred. The most common types are 2 (interactive) and 3 (network).

The New Logon fields indicate the account for whom the new logon was created, i.e. the account that was logged on.

The network fields indicate where a remote logon request originated. Workstation name is not always available and may be left blank in some cases.

The impersonation level field indicates the extent to which a process in the logon session can impersonate.

The authentication information fields provide detailed information about this specific logon request.
	- Logon GUID is a unique identifier that can be used to correlate this event with a KDC event.
	- Transited services indicate which intermediate services have participated in this logon request.
	- Package name indicates which sub-protocol was used among the NTLM protocols.
	- Key length indicates the length of the generated session key. This will be 0 if no session key was requested."
Audit Success,7/28/2025 8:44:12 AM,Microsoft-Windows-Security-Auditing,4624,Logon,"An account was successfully logged on.

Subject:
	Security ID:		NULL SID
	Account Name:		-
	Account Domain:		-
	Logon ID:		0x0

Logon Information:
	Logon Type:		3
	Restricted Admin Mode:	-
	Virtual Account:		No
	Elevated Token:		Yes

Impersonation Level:		Impersonation

New Logon:
	Security ID:		FDM1\WIN-5NRSA2BSVFU$
	Account Name:		WIN-5NRSA2BSVFU$
	Account Domain:		FDM1.LOCAL
	Logon ID:		0x32E8EB
	Linked Logon ID:		0x0
	Network Account Name:	-
	Network Account Domain:	-
	Logon GUID:		{b8f73135-d928-0c5d-a970-725f59b2b4ce}

Process Information:
	Process ID:		0x0
	Process Name:		-

Network Information:
	Workstation Name:	-
	Source Network Address:	192.168.0.105
	Source Port:		49743

Detailed Authentication Information:
	Logon Process:		Kerberos
	Authentication Package:	Kerberos
	Transited Services:	-
	Package Name (NTLM only):	-
	Key Length:		0

This event is generated when a logon session is created. It is generated on the computer that was accessed.

The subject fields indicate the account on the local system which requested the logon. This is most commonly a service such as the Server service, or a local process such as Winlogon.exe or Services.exe.

The logon type field indicates the kind of logon that occurred. The most common types are 2 (interactive) and 3 (network).

The New Logon fields indicate the account for whom the new logon was created, i.e. the account that was logged on.

The network fields indicate where a remote logon request originated. Workstation name is not always available and may be left blank in some cases.

The impersonation level field indicates the extent to which a process in the logon session can impersonate.

The authentication information fields provide detailed information about this specific logon request.
	- Logon GUID is a unique identifier that can be used to correlate this event with a KDC event.
	- Transited services indicate which intermediate services have participated in this logon request.
	- Package name indicates which sub-protocol was used among the NTLM protocols.
	- Key length indicates the length of the generated session key. This will be 0 if no session key was requested."
Audit Success,7/28/2025 8:44:12 AM,Microsoft-Windows-Security-Auditing,4624,Logon,"An account was successfully logged on.

Subject:
	Security ID:		NULL SID
	Account Name:		-
	Account Domain:		-
	Logon ID:		0x0

Logon Information:
	Logon Type:		3
	Restricted Admin Mode:	-
	Virtual Account:		No
	Elevated Token:		Yes

Impersonation Level:		Impersonation

New Logon:
	Security ID:		FDM1\WIN-5NRSA2BSVFU$
	Account Name:		WIN-5NRSA2BSVFU$
	Account Domain:		FDM1.LOCAL
	Logon ID:		0x32E885
	Linked Logon ID:		0x0
	Network Account Name:	-
	Network Account Domain:	-
	Logon GUID:		{b8f73135-d928-0c5d-a970-725f59b2b4ce}

Process Information:
	Process ID:		0x0
	Process Name:		-

Network Information:
	Workstation Name:	-
	Source Network Address:	192.168.0.105
	Source Port:		49739

Detailed Authentication Information:
	Logon Process:		Kerberos
	Authentication Package:	Kerberos
	Transited Services:	-
	Package Name (NTLM only):	-
	Key Length:		0

This event is generated when a logon session is created. It is generated on the computer that was accessed.

The subject fields indicate the account on the local system which requested the logon. This is most commonly a service such as the Server service, or a local process such as Winlogon.exe or Services.exe.

The logon type field indicates the kind of logon that occurred. The most common types are 2 (interactive) and 3 (network).

The New Logon fields indicate the account for whom the new logon was created, i.e. the account that was logged on.

The network fields indicate where a remote logon request originated. Workstation name is not always available and may be left blank in some cases.

The impersonation level field indicates the extent to which a process in the logon session can impersonate.

The authentication information fields provide detailed information about this specific logon request.
	- Logon GUID is a unique identifier that can be used to correlate this event with a KDC event.
	- Transited services indicate which intermediate services have participated in this logon request.
	- Package name indicates which sub-protocol was used among the NTLM protocols.
	- Key length indicates the length of the generated session key. This will be 0 if no session key was requested."
Audit Success,7/28/2025 8:44:12 AM,Microsoft-Windows-Security-Auditing,4769,Kerberos Service Ticket Operations,"A Kerberos service ticket was requested.

Account Information:
	Account Name:		WIN-5NRSA2BSVFU$@FDM1.LOCAL
	Account Domain:		FDM1.LOCAL
	Logon GUID:		{8dc2dad5-dcf0-d546-02ae-17c6c1de141c}

Service Information:
	Service Name:		WIN-I7RFJ5N1K9P$
	Service ID:		FDM1\WIN-I7RFJ5N1K9P$

Network Information:
	Client Address:		::ffff:192.168.0.105
	Client Port:		49742

Additional Information:
	Ticket Options:		0x40800000
	Ticket Encryption Type:	0x12
	Failure Code:		0x0
	Transited Services:	-

This event is generated every time access is requested to a resource such as a computer or a Windows service.  The service name indicates the resource to which access was requested.

This event can be correlated with Windows logon events by comparing the Logon GUID fields in each event.  The logon event occurs on the machine that was accessed, which is often a different machine than the domain controller which issued the service ticket.

Ticket options, encryption types, and failure codes are defined in RFC 4120."
Audit Success,7/28/2025 8:44:12 AM,Microsoft-Windows-Security-Auditing,4768,Kerberos Authentication Service,"A Kerberos authentication ticket (TGT) was requested.

Account Information:
	Account Name:		WIN-5NRSA2BSVFU$
	Supplied Realm Name:	fdm1.local
	User ID:			FDM1\WIN-5NRSA2BSVFU$

Service Information:
	Service Name:		krbtgt
	Service ID:		FDM1\krbtgt

Network Information:
	Client Address:		::ffff:192.168.0.105
	Client Port:		49741

Additional Information:
	Ticket Options:		0x40810010
	Result Code:		0x0
	Ticket Encryption Type:	0x12
	Pre-Authentication Type:	2

Certificate Information:
	Certificate Issuer Name:		
	Certificate Serial Number:	
	Certificate Thumbprint:		

Certificate information is only provided if a certificate was used for pre-authentication.

Pre-authentication types, ticket options, encryption types and result codes are defined in RFC 4120."
Audit Success,7/28/2025 8:44:11 AM,Microsoft-Windows-Security-Auditing,4624,Logon,"An account was successfully logged on.

Subject:
	Security ID:		NULL SID
	Account Name:		-
	Account Domain:		-
	Logon ID:		0x0

Logon Information:
	Logon Type:		3
	Restricted Admin Mode:	-
	Virtual Account:		No
	Elevated Token:		Yes

Impersonation Level:		Delegation

New Logon:
	Security ID:		FDM1\WIN-5NRSA2BSVFU$
	Account Name:		WIN-5NRSA2BSVFU$
	Account Domain:		FDM1.LOCAL
	Logon ID:		0x32E05F
	Linked Logon ID:		0x0
	Network Account Name:	-
	Network Account Domain:	-
	Logon GUID:		{9a3d7499-9277-498d-d2cd-6a2fdfa52f2b}

Process Information:
	Process ID:		0x0
	Process Name:		-

Network Information:
	Workstation Name:	-
	Source Network Address:	192.168.0.105
	Source Port:		49721

Detailed Authentication Information:
	Logon Process:		Kerberos
	Authentication Package:	Kerberos
	Transited Services:	-
	Package Name (NTLM only):	-
	Key Length:		0

This event is generated when a logon session is created. It is generated on the computer that was accessed.

The subject fields indicate the account on the local system which requested the logon. This is most commonly a service such as the Server service, or a local process such as Winlogon.exe or Services.exe.

The logon type field indicates the kind of logon that occurred. The most common types are 2 (interactive) and 3 (network).

The New Logon fields indicate the account for whom the new logon was created, i.e. the account that was logged on.

The network fields indicate where a remote logon request originated. Workstation name is not always available and may be left blank in some cases.

The impersonation level field indicates the extent to which a process in the logon session can impersonate.

The authentication information fields provide detailed information about this specific logon request.
	- Logon GUID is a unique identifier that can be used to correlate this event with a KDC event.
	- Transited services indicate which intermediate services have participated in this logon request.
	- Package name indicates which sub-protocol was used among the NTLM protocols.
	- Key length indicates the length of the generated session key. This will be 0 if no session key was requested."
Audit Success,7/28/2025 8:44:11 AM,Microsoft-Windows-Security-Auditing,4769,Kerberos Service Ticket Operations,"A Kerberos service ticket was requested.

Account Information:
	Account Name:		WIN-5NRSA2BSVFU$@FDM1.LOCAL
	Account Domain:		FDM1.LOCAL
	Logon GUID:		{cbb65ff2-747b-805b-1a7b-e03ca450a47e}

Service Information:
	Service Name:		krbtgt
	Service ID:		FDM1\krbtgt

Network Information:
	Client Address:		::ffff:192.168.0.105
	Client Port:		49734

Additional Information:
	Ticket Options:		0x60810010
	Ticket Encryption Type:	0x12
	Failure Code:		0x0
	Transited Services:	-

This event is generated every time access is requested to a resource such as a computer or a Windows service.  The service name indicates the resource to which access was requested.

This event can be correlated with Windows logon events by comparing the Logon GUID fields in each event.  The logon event occurs on the machine that was accessed, which is often a different machine than the domain controller which issued the service ticket.

Ticket options, encryption types, and failure codes are defined in RFC 4120."
Audit Success,7/28/2025 8:44:11 AM,Microsoft-Windows-Security-Auditing,4769,Kerberos Service Ticket Operations,"A Kerberos service ticket was requested.

Account Information:
	Account Name:		WIN-5NRSA2BSVFU$@FDM1.LOCAL
	Account Domain:		FDM1.LOCAL
	Logon GUID:		{cbb65ff2-747b-805b-1a7b-e03ca450a47e}

Service Information:
	Service Name:		WIN-I7RFJ5N1K9P$
	Service ID:		FDM1\WIN-I7RFJ5N1K9P$

Network Information:
	Client Address:		::ffff:192.168.0.105
	Client Port:		49733

Additional Information:
	Ticket Options:		0x40810000
	Ticket Encryption Type:	0x12
	Failure Code:		0x0
	Transited Services:	-

This event is generated every time access is requested to a resource such as a computer or a Windows service.  The service name indicates the resource to which access was requested.

This event can be correlated with Windows logon events by comparing the Logon GUID fields in each event.  The logon event occurs on the machine that was accessed, which is often a different machine than the domain controller which issued the service ticket.

Ticket options, encryption types, and failure codes are defined in RFC 4120."
Audit Success,7/28/2025 8:44:11 AM,Microsoft-Windows-Security-Auditing,4768,Kerberos Authentication Service,"A Kerberos authentication ticket (TGT) was requested.

Account Information:
	Account Name:		WIN-5NRSA2BSVFU$
	Supplied Realm Name:	fdm1.local
	User ID:			FDM1\WIN-5NRSA2BSVFU$

Service Information:
	Service Name:		krbtgt
	Service ID:		FDM1\krbtgt

Network Information:
	Client Address:		::ffff:192.168.0.105
	Client Port:		49732

Additional Information:
	Ticket Options:		0x40810010
	Result Code:		0x0
	Ticket Encryption Type:	0x12
	Pre-Authentication Type:	2

Certificate Information:
	Certificate Issuer Name:		
	Certificate Serial Number:	
	Certificate Thumbprint:		

Certificate information is only provided if a certificate was used for pre-authentication.

Pre-authentication types, ticket options, encryption types and result codes are defined in RFC 4120."
Audit Success,7/28/2025 8:44:11 AM,Microsoft-Windows-Security-Auditing,4634,Logoff,"An account was logged off.

Subject:
	Security ID:		FDM1\Administrator
	Account Name:		Administrator
	Account Domain:		FDM1
	Logon ID:		0x32DE31

Logon Type:			3

This event is generated when a logon session is destroyed. It may be positively correlated with a logon event using the Logon ID value. Logon IDs are only unique between reboots on the same computer."
Audit Success,7/28/2025 8:44:11 AM,Microsoft-Windows-Security-Auditing,4624,Logon,"An account was successfully logged on.

Subject:
	Security ID:		NULL SID
	Account Name:		-
	Account Domain:		-
	Logon ID:		0x0

Logon Information:
	Logon Type:		3
	Restricted Admin Mode:	-
	Virtual Account:		No
	Elevated Token:		Yes

Impersonation Level:		Delegation

New Logon:
	Security ID:		FDM1\Administrator
	Account Name:		Administrator
	Account Domain:		FDM1.LOCAL
	Logon ID:		0x32DE31
	Linked Logon ID:		0x0
	Network Account Name:	-
	Network Account Domain:	-
	Logon GUID:		{c8889bdc-a4cb-1d69-fb37-6faf700408f0}

Process Information:
	Process ID:		0x0
	Process Name:		-

Network Information:
	Workstation Name:	-
	Source Network Address:	192.168.0.105
	Source Port:		49730

Detailed Authentication Information:
	Logon Process:		Kerberos
	Authentication Package:	Kerberos
	Transited Services:	-
	Package Name (NTLM only):	-
	Key Length:		0

This event is generated when a logon session is created. It is generated on the computer that was accessed.

The subject fields indicate the account on the local system which requested the logon. This is most commonly a service such as the Server service, or a local process such as Winlogon.exe or Services.exe.

The logon type field indicates the kind of logon that occurred. The most common types are 2 (interactive) and 3 (network).

The New Logon fields indicate the account for whom the new logon was created, i.e. the account that was logged on.

The network fields indicate where a remote logon request originated. Workstation name is not always available and may be left blank in some cases.

The impersonation level field indicates the extent to which a process in the logon session can impersonate.

The authentication information fields provide detailed information about this specific logon request.
	- Logon GUID is a unique identifier that can be used to correlate this event with a KDC event.
	- Transited services indicate which intermediate services have participated in this logon request.
	- Package name indicates which sub-protocol was used among the NTLM protocols.
	- Key length indicates the length of the generated session key. This will be 0 if no session key was requested."
Audit Success,7/28/2025 8:44:11 AM,Microsoft-Windows-Security-Auditing,4672,Special Logon,"Special privileges assigned to new logon.

Subject:
	Security ID:		FDM1\Administrator
	Account Name:		Administrator
	Account Domain:		FDM1
	Logon ID:		0x32DE31

Privileges:		SeSecurityPrivilege
			SeBackupPrivilege
			SeRestorePrivilege
			SeTakeOwnershipPrivilege
			SeDebugPrivilege
			SeSystemEnvironmentPrivilege
			SeLoadDriverPrivilege
			SeImpersonatePrivilege
			SeDelegateSessionUserImpersonatePrivilege
			SeEnableDelegationPrivilege"
Audit Success,7/28/2025 8:44:11 AM,Microsoft-Windows-Security-Auditing,4634,Logoff,"An account was logged off.

Subject:
	Security ID:		FDM1\Administrator
	Account Name:		Administrator
	Account Domain:		FDM1
	Logon ID:		0x32DB29

Logon Type:			3

This event is generated when a logon session is destroyed. It may be positively correlated with a logon event using the Logon ID value. Logon IDs are only unique between reboots on the same computer."
Audit Success,7/28/2025 8:44:11 AM,Microsoft-Windows-Security-Auditing,4624,Logon,"An account was successfully logged on.

Subject:
	Security ID:		NULL SID
	Account Name:		-
	Account Domain:		-
	Logon ID:		0x0

Logon Information:
	Logon Type:		3
	Restricted Admin Mode:	-
	Virtual Account:		No
	Elevated Token:		Yes

Impersonation Level:		Delegation

New Logon:
	Security ID:		FDM1\Administrator
	Account Name:		Administrator
	Account Domain:		FDM1.LOCAL
	Logon ID:		0x32DB29
	Linked Logon ID:		0x0
	Network Account Name:	-
	Network Account Domain:	-
	Logon GUID:		{c8889bdc-a4cb-1d69-fb37-6faf700408f0}

Process Information:
	Process ID:		0x0
	Process Name:		-

Network Information:
	Workstation Name:	-
	Source Network Address:	192.168.0.105
	Source Port:		49729

Detailed Authentication Information:
	Logon Process:		Kerberos
	Authentication Package:	Kerberos
	Transited Services:	-
	Package Name (NTLM only):	-
	Key Length:		0

This event is generated when a logon session is created. It is generated on the computer that was accessed.

The subject fields indicate the account on the local system which requested the logon. This is most commonly a service such as the Server service, or a local process such as Winlogon.exe or Services.exe.

The logon type field indicates the kind of logon that occurred. The most common types are 2 (interactive) and 3 (network).

The New Logon fields indicate the account for whom the new logon was created, i.e. the account that was logged on.

The network fields indicate where a remote logon request originated. Workstation name is not always available and may be left blank in some cases.

The impersonation level field indicates the extent to which a process in the logon session can impersonate.

The authentication information fields provide detailed information about this specific logon request.
	- Logon GUID is a unique identifier that can be used to correlate this event with a KDC event.
	- Transited services indicate which intermediate services have participated in this logon request.
	- Package name indicates which sub-protocol was used among the NTLM protocols.
	- Key length indicates the length of the generated session key. This will be 0 if no session key was requested."
Audit Success,7/28/2025 8:44:11 AM,Microsoft-Windows-Security-Auditing,4672,Special Logon,"Special privileges assigned to new logon.

Subject:
	Security ID:		FDM1\Administrator
	Account Name:		Administrator
	Account Domain:		FDM1
	Logon ID:		0x32DB29

Privileges:		SeSecurityPrivilege
			SeBackupPrivilege
			SeRestorePrivilege
			SeTakeOwnershipPrivilege
			SeDebugPrivilege
			SeSystemEnvironmentPrivilege
			SeLoadDriverPrivilege
			SeImpersonatePrivilege
			SeDelegateSessionUserImpersonatePrivilege
			SeEnableDelegationPrivilege"
Audit Success,7/28/2025 8:44:11 AM,Microsoft-Windows-Security-Auditing,4634,Logoff,"An account was logged off.

Subject:
	Security ID:		FDM1\Administrator
	Account Name:		Administrator
	Account Domain:		FDM1
	Logon ID:		0x32D8E0

Logon Type:			3

This event is generated when a logon session is destroyed. It may be positively correlated with a logon event using the Logon ID value. Logon IDs are only unique between reboots on the same computer."
Audit Success,7/28/2025 8:44:11 AM,Microsoft-Windows-Security-Auditing,4624,Logon,"An account was successfully logged on.

Subject:
	Security ID:		NULL SID
	Account Name:		-
	Account Domain:		-
	Logon ID:		0x0

Logon Information:
	Logon Type:		3
	Restricted Admin Mode:	-
	Virtual Account:		No
	Elevated Token:		Yes

Impersonation Level:		Delegation

New Logon:
	Security ID:		FDM1\Administrator
	Account Name:		Administrator
	Account Domain:		FDM1.LOCAL
	Logon ID:		0x32D8E0
	Linked Logon ID:		0x0
	Network Account Name:	-
	Network Account Domain:	-
	Logon GUID:		{c8889bdc-a4cb-1d69-fb37-6faf700408f0}

Process Information:
	Process ID:		0x0
	Process Name:		-

Network Information:
	Workstation Name:	-
	Source Network Address:	192.168.0.105
	Source Port:		49727

Detailed Authentication Information:
	Logon Process:		Kerberos
	Authentication Package:	Kerberos
	Transited Services:	-
	Package Name (NTLM only):	-
	Key Length:		0

This event is generated when a logon session is created. It is generated on the computer that was accessed.

The subject fields indicate the account on the local system which requested the logon. This is most commonly a service such as the Server service, or a local process such as Winlogon.exe or Services.exe.

The logon type field indicates the kind of logon that occurred. The most common types are 2 (interactive) and 3 (network).

The New Logon fields indicate the account for whom the new logon was created, i.e. the account that was logged on.

The network fields indicate where a remote logon request originated. Workstation name is not always available and may be left blank in some cases.

The impersonation level field indicates the extent to which a process in the logon session can impersonate.

The authentication information fields provide detailed information about this specific logon request.
	- Logon GUID is a unique identifier that can be used to correlate this event with a KDC event.
	- Transited services indicate which intermediate services have participated in this logon request.
	- Package name indicates which sub-protocol was used among the NTLM protocols.
	- Key length indicates the length of the generated session key. This will be 0 if no session key was requested."
Audit Success,7/28/2025 8:44:11 AM,Microsoft-Windows-Security-Auditing,4672,Special Logon,"Special privileges assigned to new logon.

Subject:
	Security ID:		FDM1\Administrator
	Account Name:		Administrator
	Account Domain:		FDM1
	Logon ID:		0x32D8E0

Privileges:		SeSecurityPrivilege
			SeBackupPrivilege
			SeRestorePrivilege
			SeTakeOwnershipPrivilege
			SeDebugPrivilege
			SeSystemEnvironmentPrivilege
			SeLoadDriverPrivilege
			SeImpersonatePrivilege
			SeDelegateSessionUserImpersonatePrivilege
			SeEnableDelegationPrivilege"
Audit Success,7/28/2025 8:44:11 AM,Microsoft-Windows-Security-Auditing,4634,Logoff,"An account was logged off.

Subject:
	Security ID:		FDM1\Administrator
	Account Name:		Administrator
	Account Domain:		FDM1
	Logon ID:		0x32D2C2

Logon Type:			3

This event is generated when a logon session is destroyed. It may be positively correlated with a logon event using the Logon ID value. Logon IDs are only unique between reboots on the same computer."
Audit Success,7/28/2025 8:44:11 AM,Microsoft-Windows-Security-Auditing,4724,User Account Management,"An attempt was made to reset an account's password.

Subject:
	Security ID:		FDM1\Administrator
	Account Name:		Administrator
	Account Domain:		FDM1
	Logon ID:		0x32D2C2

Target Account:
	Security ID:		FDM1\WIN-5NRSA2BSVFU$
	Account Name:		WIN-5NRSA2BSVFU$
	Account Domain:		FDM1"
Audit Success,7/28/2025 8:44:11 AM,Microsoft-Windows-Security-Auditing,4722,User Account Management,"A user account was enabled.

Subject:
	Security ID:		FDM1\Administrator
	Account Name:		Administrator
	Account Domain:		FDM1
	Logon ID:		0x32D2C2

Target Account:
	Security ID:		FDM1\WIN-5NRSA2BSVFU$
	Account Name:		WIN-5NRSA2BSVFU$
	Account Domain:		FDM1"
Audit Success,7/28/2025 8:44:11 AM,Microsoft-Windows-Security-Auditing,4741,Computer Account Management,"A computer account was created.

Subject:
	Security ID:		FDM1\Administrator
	Account Name:		Administrator
	Account Domain:		FDM1
	Logon ID:		0x32D2C2

New Computer Account:
	Security ID:		FDM1\WIN-5NRSA2BSVFU$
	Account Name:		WIN-5NRSA2BSVFU$
	Account Domain:		FDM1

Attributes:
	SAM Account Name:	WIN-5NRSA2BSVFU$
	Display Name:		-
	User Principal Name:	-
	Home Directory:		-
	Home Drive:		-
	Script Path:		-
	Profile Path:		-
	User Workstations:	-
	Password Last Set:	7/28/2025 8:44:11 AM
	Account Expires:		<never>
	Primary Group ID:	515
	AllowedToDelegateTo:	-
	Old UAC Value:		0x0
	New UAC Value:		0x80
	User Account Control:	
		'Workstation Trust Account' - Enabled
	User Parameters:	-
	SID History:		-
	Logon Hours:		<value not set>
	DNS Host Name:		WIN-5NRSA2BSVFU.fdm1.local
	Service Principal Names:	
		HOST/WIN-5NRSA2BSVFU.fdm1.local
		RestrictedKrbHost/WIN-5NRSA2BSVFU.fdm1.local
		HOST/WIN-5NRSA2BSVFU
		RestrictedKrbHost/WIN-5NRSA2BSVFU

Additional Information:
	Privileges		-"
Audit Success,7/28/2025 8:44:11 AM,Microsoft-Windows-Security-Auditing,4624,Logon,"An account was successfully logged on.

Subject:
	Security ID:		NULL SID
	Account Name:		-
	Account Domain:		-
	Logon ID:		0x0

Logon Information:
	Logon Type:		3
	Restricted Admin Mode:	-
	Virtual Account:		No
	Elevated Token:		Yes

Impersonation Level:		Impersonation

New Logon:
	Security ID:		FDM1\Administrator
	Account Name:		Administrator
	Account Domain:		FDM1.LOCAL
	Logon ID:		0x32D2C2
	Linked Logon ID:		0x0
	Network Account Name:	-
	Network Account Domain:	-
	Logon GUID:		{e6ad3e7f-26c9-979a-baa1-6785bf4257bb}

Process Information:
	Process ID:		0x0
	Process Name:		-

Network Information:
	Workstation Name:	-
	Source Network Address:	192.168.0.105
	Source Port:		49726

Detailed Authentication Information:
	Logon Process:		Kerberos
	Authentication Package:	Kerberos
	Transited Services:	-
	Package Name (NTLM only):	-
	Key Length:		0

This event is generated when a logon session is created. It is generated on the computer that was accessed.

The subject fields indicate the account on the local system which requested the logon. This is most commonly a service such as the Server service, or a local process such as Winlogon.exe or Services.exe.

The logon type field indicates the kind of logon that occurred. The most common types are 2 (interactive) and 3 (network).

The New Logon fields indicate the account for whom the new logon was created, i.e. the account that was logged on.

The network fields indicate where a remote logon request originated. Workstation name is not always available and may be left blank in some cases.

The impersonation level field indicates the extent to which a process in the logon session can impersonate.

The authentication information fields provide detailed information about this specific logon request.
	- Logon GUID is a unique identifier that can be used to correlate this event with a KDC event.
	- Transited services indicate which intermediate services have participated in this logon request.
	- Package name indicates which sub-protocol was used among the NTLM protocols.
	- Key length indicates the length of the generated session key. This will be 0 if no session key was requested."
Audit Success,7/28/2025 8:44:11 AM,Microsoft-Windows-Security-Auditing,4672,Special Logon,"Special privileges assigned to new logon.

Subject:
	Security ID:		FDM1\Administrator
	Account Name:		Administrator
	Account Domain:		FDM1
	Logon ID:		0x32D2C2

Privileges:		SeSecurityPrivilege
			SeBackupPrivilege
			SeRestorePrivilege
			SeTakeOwnershipPrivilege
			SeDebugPrivilege
			SeSystemEnvironmentPrivilege
			SeLoadDriverPrivilege
			SeImpersonatePrivilege
			SeDelegateSessionUserImpersonatePrivilege
			SeEnableDelegationPrivilege"
Audit Success,7/28/2025 8:44:11 AM,Microsoft-Windows-Security-Auditing,4624,Logon,"An account was successfully logged on.

Subject:
	Security ID:		NULL SID
	Account Name:		-
	Account Domain:		-
	Logon ID:		0x0

Logon Information:
	Logon Type:		3
	Restricted Admin Mode:	-
	Virtual Account:		No
	Elevated Token:		Yes

Impersonation Level:		Delegation

New Logon:
	Security ID:		FDM1\Administrator
	Account Name:		Administrator
	Account Domain:		FDM1.LOCAL
	Logon ID:		0x32D28B
	Linked Logon ID:		0x0
	Network Account Name:	-
	Network Account Domain:	-
	Logon GUID:		{c8889bdc-a4cb-1d69-fb37-6faf700408f0}

Process Information:
	Process ID:		0x0
	Process Name:		-

Network Information:
	Workstation Name:	-
	Source Network Address:	192.168.0.105
	Source Port:		49721

Detailed Authentication Information:
	Logon Process:		Kerberos
	Authentication Package:	Kerberos
	Transited Services:	-
	Package Name (NTLM only):	-
	Key Length:		0

This event is generated when a logon session is created. It is generated on the computer that was accessed.

The subject fields indicate the account on the local system which requested the logon. This is most commonly a service such as the Server service, or a local process such as Winlogon.exe or Services.exe.

The logon type field indicates the kind of logon that occurred. The most common types are 2 (interactive) and 3 (network).

The New Logon fields indicate the account for whom the new logon was created, i.e. the account that was logged on.

The network fields indicate where a remote logon request originated. Workstation name is not always available and may be left blank in some cases.

The impersonation level field indicates the extent to which a process in the logon session can impersonate.

The authentication information fields provide detailed information about this specific logon request.
	- Logon GUID is a unique identifier that can be used to correlate this event with a KDC event.
	- Transited services indicate which intermediate services have participated in this logon request.
	- Package name indicates which sub-protocol was used among the NTLM protocols.
	- Key length indicates the length of the generated session key. This will be 0 if no session key was requested."
Audit Success,7/28/2025 8:44:11 AM,Microsoft-Windows-Security-Auditing,4672,Special Logon,"Special privileges assigned to new logon.

Subject:
	Security ID:		FDM1\Administrator
	Account Name:		Administrator
	Account Domain:		FDM1
	Logon ID:		0x32D28B

Privileges:		SeSecurityPrivilege
			SeBackupPrivilege
			SeRestorePrivilege
			SeTakeOwnershipPrivilege
			SeDebugPrivilege
			SeSystemEnvironmentPrivilege
			SeLoadDriverPrivilege
			SeImpersonatePrivilege
			SeDelegateSessionUserImpersonatePrivilege
			SeEnableDelegationPrivilege"
Audit Success,7/28/2025 8:44:11 AM,Microsoft-Windows-Security-Auditing,4769,Kerberos Service Ticket Operations,"A Kerberos service ticket was requested.

Account Information:
	Account Name:		Administrator@FDM1.LOCAL
	Account Domain:		FDM1.LOCAL
	Logon GUID:		{0bb2a914-1a01-2795-4042-24492ccd8141}

Service Information:
	Service Name:		krbtgt
	Service ID:		FDM1\krbtgt

Network Information:
	Client Address:		::ffff:192.168.0.105
	Client Port:		49725

Additional Information:
	Ticket Options:		0x60810010
	Ticket Encryption Type:	0x12
	Failure Code:		0x0
	Transited Services:	-

This event is generated every time access is requested to a resource such as a computer or a Windows service.  The service name indicates the resource to which access was requested.

This event can be correlated with Windows logon events by comparing the Logon GUID fields in each event.  The logon event occurs on the machine that was accessed, which is often a different machine than the domain controller which issued the service ticket.

Ticket options, encryption types, and failure codes are defined in RFC 4120."
Audit Success,7/28/2025 8:44:11 AM,Microsoft-Windows-Security-Auditing,4769,Kerberos Service Ticket Operations,"A Kerberos service ticket was requested.

Account Information:
	Account Name:		Administrator@FDM1.LOCAL
	Account Domain:		FDM1.LOCAL
	Logon GUID:		{0bb2a914-1a01-2795-4042-24492ccd8141}

Service Information:
	Service Name:		WIN-I7RFJ5N1K9P$
	Service ID:		FDM1\WIN-I7RFJ5N1K9P$

Network Information:
	Client Address:		::ffff:192.168.0.105
	Client Port:		49724

Additional Information:
	Ticket Options:		0x40810000
	Ticket Encryption Type:	0x12
	Failure Code:		0x0
	Transited Services:	-

This event is generated every time access is requested to a resource such as a computer or a Windows service.  The service name indicates the resource to which access was requested.

This event can be correlated with Windows logon events by comparing the Logon GUID fields in each event.  The logon event occurs on the machine that was accessed, which is often a different machine than the domain controller which issued the service ticket.

Ticket options, encryption types, and failure codes are defined in RFC 4120."
Audit Success,7/28/2025 8:44:11 AM,Microsoft-Windows-Security-Auditing,4768,Kerberos Authentication Service,"A Kerberos authentication ticket (TGT) was requested.

Account Information:
	Account Name:		Administrator
	Supplied Realm Name:	fdm1
	User ID:			FDM1\Administrator

Service Information:
	Service Name:		krbtgt
	Service ID:		FDM1\krbtgt

Network Information:
	Client Address:		::ffff:192.168.0.105
	Client Port:		49723

Additional Information:
	Ticket Options:		0x40810010
	Result Code:		0x0
	Ticket Encryption Type:	0x12
	Pre-Authentication Type:	2

Certificate Information:
	Certificate Issuer Name:		
	Certificate Serial Number:	
	Certificate Thumbprint:		

Certificate information is only provided if a certificate was used for pre-authentication.

Pre-authentication types, ticket options, encryption types and result codes are defined in RFC 4120."
Audit Success,7/28/2025 8:44:06 AM,Microsoft-Windows-Security-Auditing,4634,Logoff,"An account was logged off.

Subject:
	Security ID:		FDM1\Administrator
	Account Name:		Administrator
	Account Domain:		FDM1
	Logon ID:		0x32A6DB

Logon Type:			3

This event is generated when a logon session is destroyed. It may be positively correlated with a logon event using the Logon ID value. Logon IDs are only unique between reboots on the same computer."
Audit Success,7/28/2025 8:43:55 AM,Microsoft-Windows-Security-Auditing,4634,Logoff,"An account was logged off.

Subject:
	Security ID:		FDM1\Administrator
	Account Name:		Administrator
	Account Domain:		FDM1
	Logon ID:		0x32A6F6

Logon Type:			3

This event is generated when a logon session is destroyed. It may be positively correlated with a logon event using the Logon ID value. Logon IDs are only unique between reboots on the same computer."
Audit Success,7/28/2025 8:43:55 AM,Microsoft-Windows-Security-Auditing,4624,Logon,"An account was successfully logged on.

Subject:
	Security ID:		NULL SID
	Account Name:		-
	Account Domain:		-
	Logon ID:		0x0

Logon Information:
	Logon Type:		3
	Restricted Admin Mode:	-
	Virtual Account:		No
	Elevated Token:		Yes

Impersonation Level:		Impersonation

New Logon:
	Security ID:		FDM1\Administrator
	Account Name:		Administrator
	Account Domain:		FDM1.LOCAL
	Logon ID:		0x32A70F
	Linked Logon ID:		0x0
	Network Account Name:	-
	Network Account Domain:	-
	Logon GUID:		{e6ad3e7f-26c9-979a-baa1-6785bf4257bb}

Process Information:
	Process ID:		0x0
	Process Name:		-

Network Information:
	Workstation Name:	-
	Source Network Address:	192.168.0.105
	Source Port:		49719

Detailed Authentication Information:
	Logon Process:		Kerberos
	Authentication Package:	Kerberos
	Transited Services:	-
	Package Name (NTLM only):	-
	Key Length:		0

This event is generated when a logon session is created. It is generated on the computer that was accessed.

The subject fields indicate the account on the local system which requested the logon. This is most commonly a service such as the Server service, or a local process such as Winlogon.exe or Services.exe.

The logon type field indicates the kind of logon that occurred. The most common types are 2 (interactive) and 3 (network).

The New Logon fields indicate the account for whom the new logon was created, i.e. the account that was logged on.

The network fields indicate where a remote logon request originated. Workstation name is not always available and may be left blank in some cases.

The impersonation level field indicates the extent to which a process in the logon session can impersonate.

The authentication information fields provide detailed information about this specific logon request.
	- Logon GUID is a unique identifier that can be used to correlate this event with a KDC event.
	- Transited services indicate which intermediate services have participated in this logon request.
	- Package name indicates which sub-protocol was used among the NTLM protocols.
	- Key length indicates the length of the generated session key. This will be 0 if no session key was requested."
Audit Success,7/28/2025 8:43:55 AM,Microsoft-Windows-Security-Auditing,4672,Special Logon,"Special privileges assigned to new logon.

Subject:
	Security ID:		FDM1\Administrator
	Account Name:		Administrator
	Account Domain:		FDM1
	Logon ID:		0x32A70F

Privileges:		SeSecurityPrivilege
			SeBackupPrivilege
			SeRestorePrivilege
			SeTakeOwnershipPrivilege
			SeDebugPrivilege
			SeSystemEnvironmentPrivilege
			SeLoadDriverPrivilege
			SeImpersonatePrivilege
			SeDelegateSessionUserImpersonatePrivilege
			SeEnableDelegationPrivilege"
Audit Success,7/28/2025 8:43:55 AM,Microsoft-Windows-Security-Auditing,4624,Logon,"An account was successfully logged on.

Subject:
	Security ID:		NULL SID
	Account Name:		-
	Account Domain:		-
	Logon ID:		0x0

Logon Information:
	Logon Type:		3
	Restricted Admin Mode:	-
	Virtual Account:		No
	Elevated Token:		Yes

Impersonation Level:		Impersonation

New Logon:
	Security ID:		FDM1\Administrator
	Account Name:		Administrator
	Account Domain:		FDM1.LOCAL
	Logon ID:		0x32A6F6
	Linked Logon ID:		0x0
	Network Account Name:	-
	Network Account Domain:	-
	Logon GUID:		{e6ad3e7f-26c9-979a-baa1-6785bf4257bb}

Process Information:
	Process ID:		0x0
	Process Name:		-

Network Information:
	Workstation Name:	-
	Source Network Address:	192.168.0.105
	Source Port:		49714

Detailed Authentication Information:
	Logon Process:		Kerberos
	Authentication Package:	Kerberos
	Transited Services:	-
	Package Name (NTLM only):	-
	Key Length:		0

This event is generated when a logon session is created. It is generated on the computer that was accessed.

The subject fields indicate the account on the local system which requested the logon. This is most commonly a service such as the Server service, or a local process such as Winlogon.exe or Services.exe.

The logon type field indicates the kind of logon that occurred. The most common types are 2 (interactive) and 3 (network).

The New Logon fields indicate the account for whom the new logon was created, i.e. the account that was logged on.

The network fields indicate where a remote logon request originated. Workstation name is not always available and may be left blank in some cases.

The impersonation level field indicates the extent to which a process in the logon session can impersonate.

The authentication information fields provide detailed information about this specific logon request.
	- Logon GUID is a unique identifier that can be used to correlate this event with a KDC event.
	- Transited services indicate which intermediate services have participated in this logon request.
	- Package name indicates which sub-protocol was used among the NTLM protocols.
	- Key length indicates the length of the generated session key. This will be 0 if no session key was requested."
Audit Success,7/28/2025 8:43:55 AM,Microsoft-Windows-Security-Auditing,4672,Special Logon,"Special privileges assigned to new logon.

Subject:
	Security ID:		FDM1\Administrator
	Account Name:		Administrator
	Account Domain:		FDM1
	Logon ID:		0x32A6F6

Privileges:		SeSecurityPrivilege
			SeBackupPrivilege
			SeRestorePrivilege
			SeTakeOwnershipPrivilege
			SeDebugPrivilege
			SeSystemEnvironmentPrivilege
			SeLoadDriverPrivilege
			SeImpersonatePrivilege
			SeDelegateSessionUserImpersonatePrivilege
			SeEnableDelegationPrivilege"
Audit Success,7/28/2025 8:43:55 AM,Microsoft-Windows-Security-Auditing,4769,Kerberos Service Ticket Operations,"A Kerberos service ticket was requested.

Account Information:
	Account Name:		Administrator@FDM1.LOCAL
	Account Domain:		FDM1.LOCAL
	Logon GUID:		{a076f6ef-335d-504b-7a5b-cdd7c364594f}

Service Information:
	Service Name:		WIN-I7RFJ5N1K9P$
	Service ID:		FDM1\WIN-I7RFJ5N1K9P$

Network Information:
	Client Address:		::ffff:192.168.0.105
	Client Port:		49717

Additional Information:
	Ticket Options:		0x40810000
	Ticket Encryption Type:	0x12
	Failure Code:		0x0
	Transited Services:	-

This event is generated every time access is requested to a resource such as a computer or a Windows service.  The service name indicates the resource to which access was requested.

This event can be correlated with Windows logon events by comparing the Logon GUID fields in each event.  The logon event occurs on the machine that was accessed, which is often a different machine than the domain controller which issued the service ticket.

Ticket options, encryption types, and failure codes are defined in RFC 4120."
Audit Success,7/28/2025 8:43:55 AM,Microsoft-Windows-Security-Auditing,4768,Kerberos Authentication Service,"A Kerberos authentication ticket (TGT) was requested.

Account Information:
	Account Name:		Administrator
	Supplied Realm Name:	fdm1
	User ID:			FDM1\Administrator

Service Information:
	Service Name:		krbtgt
	Service ID:		FDM1\krbtgt

Network Information:
	Client Address:		::ffff:192.168.0.105
	Client Port:		49716

Additional Information:
	Ticket Options:		0x40810010
	Result Code:		0x0
	Ticket Encryption Type:	0x12
	Pre-Authentication Type:	2

Certificate Information:
	Certificate Issuer Name:		
	Certificate Serial Number:	
	Certificate Thumbprint:		

Certificate information is only provided if a certificate was used for pre-authentication.

Pre-authentication types, ticket options, encryption types and result codes are defined in RFC 4120."
Audit Success,7/28/2025 8:43:55 AM,Microsoft-Windows-Security-Auditing,4624,Logon,"An account was successfully logged on.

Subject:
	Security ID:		NULL SID
	Account Name:		-
	Account Domain:		-
	Logon ID:		0x0

Logon Information:
	Logon Type:		3
	Restricted Admin Mode:	-
	Virtual Account:		No
	Elevated Token:		Yes

Impersonation Level:		Delegation

New Logon:
	Security ID:		FDM1\Administrator
	Account Name:		Administrator
	Account Domain:		FDM1.LOCAL
	Logon ID:		0x32A6DB
	Linked Logon ID:		0x0
	Network Account Name:	-
	Network Account Domain:	-
	Logon GUID:		{e6ad3e7f-26c9-979a-baa1-6785bf4257bb}

Process Information:
	Process ID:		0x0
	Process Name:		-

Network Information:
	Workstation Name:	-
	Source Network Address:	192.168.0.105
	Source Port:		49709

Detailed Authentication Information:
	Logon Process:		Kerberos
	Authentication Package:	Kerberos
	Transited Services:	-
	Package Name (NTLM only):	-
	Key Length:		0

This event is generated when a logon session is created. It is generated on the computer that was accessed.

The subject fields indicate the account on the local system which requested the logon. This is most commonly a service such as the Server service, or a local process such as Winlogon.exe or Services.exe.

The logon type field indicates the kind of logon that occurred. The most common types are 2 (interactive) and 3 (network).

The New Logon fields indicate the account for whom the new logon was created, i.e. the account that was logged on.

The network fields indicate where a remote logon request originated. Workstation name is not always available and may be left blank in some cases.

The impersonation level field indicates the extent to which a process in the logon session can impersonate.

The authentication information fields provide detailed information about this specific logon request.
	- Logon GUID is a unique identifier that can be used to correlate this event with a KDC event.
	- Transited services indicate which intermediate services have participated in this logon request.
	- Package name indicates which sub-protocol was used among the NTLM protocols.
	- Key length indicates the length of the generated session key. This will be 0 if no session key was requested."
Audit Success,7/28/2025 8:43:55 AM,Microsoft-Windows-Security-Auditing,4672,Special Logon,"Special privileges assigned to new logon.

Subject:
	Security ID:		FDM1\Administrator
	Account Name:		Administrator
	Account Domain:		FDM1
	Logon ID:		0x32A6DB

Privileges:		SeSecurityPrivilege
			SeBackupPrivilege
			SeRestorePrivilege
			SeTakeOwnershipPrivilege
			SeDebugPrivilege
			SeSystemEnvironmentPrivilege
			SeLoadDriverPrivilege
			SeImpersonatePrivilege
			SeDelegateSessionUserImpersonatePrivilege
			SeEnableDelegationPrivilege"
Audit Success,7/28/2025 8:43:55 AM,Microsoft-Windows-Security-Auditing,4769,Kerberos Service Ticket Operations,"A Kerberos service ticket was requested.

Account Information:
	Account Name:		Administrator@FDM1.LOCAL
	Account Domain:		FDM1.LOCAL
	Logon GUID:		{a076f6ef-335d-504b-7a5b-cdd7c364594f}

Service Information:
	Service Name:		krbtgt
	Service ID:		FDM1\krbtgt

Network Information:
	Client Address:		::ffff:192.168.0.105
	Client Port:		49713

Additional Information:
	Ticket Options:		0x60810010
	Ticket Encryption Type:	0x12
	Failure Code:		0x0
	Transited Services:	-

This event is generated every time access is requested to a resource such as a computer or a Windows service.  The service name indicates the resource to which access was requested.

This event can be correlated with Windows logon events by comparing the Logon GUID fields in each event.  The logon event occurs on the machine that was accessed, which is often a different machine than the domain controller which issued the service ticket.

Ticket options, encryption types, and failure codes are defined in RFC 4120."
Audit Success,7/28/2025 8:43:55 AM,Microsoft-Windows-Security-Auditing,4769,Kerberos Service Ticket Operations,"A Kerberos service ticket was requested.

Account Information:
	Account Name:		Administrator@FDM1.LOCAL
	Account Domain:		FDM1.LOCAL
	Logon GUID:		{a076f6ef-335d-504b-7a5b-cdd7c364594f}

Service Information:
	Service Name:		WIN-I7RFJ5N1K9P$
	Service ID:		FDM1\WIN-I7RFJ5N1K9P$

Network Information:
	Client Address:		::ffff:192.168.0.105
	Client Port:		49712

Additional Information:
	Ticket Options:		0x40810000
	Ticket Encryption Type:	0x12
	Failure Code:		0x0
	Transited Services:	-

This event is generated every time access is requested to a resource such as a computer or a Windows service.  The service name indicates the resource to which access was requested.

This event can be correlated with Windows logon events by comparing the Logon GUID fields in each event.  The logon event occurs on the machine that was accessed, which is often a different machine than the domain controller which issued the service ticket.

Ticket options, encryption types, and failure codes are defined in RFC 4120."
Audit Success,7/28/2025 8:43:55 AM,Microsoft-Windows-Security-Auditing,4768,Kerberos Authentication Service,"A Kerberos authentication ticket (TGT) was requested.

Account Information:
	Account Name:		Administrator
	Supplied Realm Name:	fdm1
	User ID:			FDM1\Administrator

Service Information:
	Service Name:		krbtgt
	Service ID:		FDM1\krbtgt

Network Information:
	Client Address:		::ffff:192.168.0.105
	Client Port:		49711

Additional Information:
	Ticket Options:		0x40810010
	Result Code:		0x0
	Ticket Encryption Type:	0x12
	Pre-Authentication Type:	2

Certificate Information:
	Certificate Issuer Name:		
	Certificate Serial Number:	
	Certificate Thumbprint:		

Certificate information is only provided if a certificate was used for pre-authentication.

Pre-authentication types, ticket options, encryption types and result codes are defined in RFC 4120."
Audit Success,7/28/2025 8:43:43 AM,Microsoft-Windows-Security-Auditing,4634,Logoff,"An account was logged off.

Subject:
	Security ID:		SYSTEM
	Account Name:		WIN-I7RFJ5N1K9P$
	Account Domain:		FDM1
	Logon ID:		0x32A5E8

Logon Type:			3

This event is generated when a logon session is destroyed. It may be positively correlated with a logon event using the Logon ID value. Logon IDs are only unique between reboots on the same computer."
